Zeo_with_voro (new sources):
ERROR:
== 2024-01-10 12:12:52,290 build_log.py:171 ERROR EasyBuild crashed with an error (at easybuild/easybuild-framework/easybuild/base/exceptions.py:126 in __init__): Incorrect format for sanity_check_paths: should (only) have 'dirs', 'files' keys, values sho
uld be lists (at least one non-empty). (at easybuild/easybuild-framework/easybuild/framework/easyblock.py:3380 in _sanity_check_step_common)
== 2024-01-10 12:12:52,290 build_log.py:267 INFO ... (took < 1 sec)
== 2024-01-10 12:12:52,290 filetools.py:2012 INFO Removing lock /user/gent/470/vsc47063/.local/easybuild/software/.locks/_user_gent_470_vsc47063_.local_easybuild_software_Zeo++_0.3-intel-2021a.lock...
== 2024-01-10 12:12:52,291 filetools.py:383 INFO Path /user/gent/470/vsc47063/.local/easybuild/software/.locks/_user_gent_470_vsc47063_.local_easybuild_software_Zeo++_0.3-intel-2021a.lock successfully removed.
== 2024-01-10 12:12:52,291 filetools.py:2016 INFO Lock removed: /user/gent/470/vsc47063/.local/easybuild/software/.locks/_user_gent_470_vsc47063_.local_easybuild_software_Zeo++_0.3-intel-2021a.lock
== 2024-01-10 12:12:52,292 easyblock.py:4277 WARNING build failed (first 300 chars): Incorrect format for sanity_check_paths: should (only) have 'dirs', 'files' keys, values should be lists (at least one non-empty).
== 2024-01-10 12:12:52,292 easyblock.py:328 INFO Closing log for application name Zeo++ version 0.3
== 2024-01-10 12:12:52,292 build_log.py:267 INFO FAILED: Installation ended unsuccessfully (build directory: /tmp/vsc47063/easybuild/build/Zeo/0.3/intel-2021a): build failed (first 300 chars): Incorrect format for sanity_check_paths: should (only) have 'd
irs', 'files' keys, values should be lists (at least one non-empty). (took 41 secs)
== 2024-01-10 12:12:52,292 build_log.py:267 INFO Results of the build can be found in the log file(s) /tmp/vsc47063/eb-20_21utc/easybuild-Zeo++-0.3-20240110.121210.EAfKy.log
== 2024-01-10 12:12:52,293 build_log.py:171 ERROR EasyBuild crashed with an error (at easybuild/easybuild-framework/easybuild/base/exceptions.py:126 in __init__): build failed (first 300 chars): Incorrect format for sanity_check_paths: should (only) have 
'dirs', 'files' keys, values should be lists (at least one non-empty). (at easybuild/easybuild-framework/easybuild/main.py:138 in build_and_install_software)
== 2024-01-10 12:12:52,294 build_log.py:171 ERROR EasyBuild crashed with an error (at easybuild/easybuild-framework/easybuild/base/exceptions.py:126 in __init__): Build of /kyukon/home/gent/470/vsc47063/vsc-software-stack/140_Zeo++/Zeo_with_voro.eb failed
 (err: "build failed (first 300 chars): Incorrect format for sanity_check_paths: should (only) have 'dirs', 'files' keys, values should be lists (at least one non-empty).") (at easybuild/easybuild-framework/easybuild/main.py:176 in build_and_install_softw
are)

Zeo3 (new source):
ERROR:
== 2024-01-10 11:54:36,509 run.py:246 INFO running cmd:  make  -j 8 VOROINCLDIR=-I$EBROOTVOROPLUSPLUS/include/voro++/ VOROLINKDIR=-L$EBROOTVOROPLUSPLUS/lib/ 
== 2024-01-10 11:54:42,958 build_log.py:171 ERROR EasyBuild crashed with an error (at easybuild/easybuild-framework/easybuild/base/exceptions.py:126 in __init__): cmd " make  -j 8 VOROINCLDIR=-I$EBROOTVOROPLUSPLUS/include/voro++/ VOROLINKDIR=-L$EBROOTVORO
PLUSPLUS/lib/" exited with exit code 2 and output:
g++ -I/apps/gent/RHEL8/cascadelake-ib/software/Voro++/0.4.6-GCCcore-10.3.0/include/voro++/ -g  -c network.cc
g++ -I/apps/gent/RHEL8/cascadelake-ib/software/Voro++/0.4.6-GCCcore-10.3.0/include/voro++/ -g  -c networkinfo.cc
g++ -I/apps/gent/RHEL8/cascadelake-ib/software/Voro++/0.4.6-GCCcore-10.3.0/include/voro++/ -g  -c networkio.cc
g++ -I/apps/gent/RHEL8/cascadelake-ib/software/Voro++/0.4.6-GCCcore-10.3.0/include/voro++/ -g  -c instructions.cc
g++ -I/apps/gent/RHEL8/cascadelake-ib/software/Voro++/0.4.6-GCCcore-10.3.0/include/voro++/ -g  -c networkanalysis.cc
g++ -I/apps/gent/RHEL8/cascadelake-ib/software/Voro++/0.4.6-GCCcore-10.3.0/include/voro++/ -g  -c area_and_volume.cc
g++ -I/apps/gent/RHEL8/cascadelake-ib/software/Voro++/0.4.6-GCCcore-10.3.0/include/voro++/ -g  -c segment.cc
g++ -I/apps/gent/RHEL8/cascadelake-ib/software/Voro++/0.4.6-GCCcore-10.3.0/include/voro++/ -g  -c string_additions.cc
g++ -I/apps/gent/RHEL8/cascadelake-ib/software/Voro++/0.4.6-GCCcore-10.3.0/include/voro++/ -g  -c symbcalc.cc
g++ -I/apps/gent/RHEL8/cascadelake-ib/software/Voro++/0.4.6-GCCcore-10.3.0/include/voro++/ -g  -c ray.cc
g++ -I/apps/gent/RHEL8/cascadelake-ib/software/Voro++/0.4.6-GCCcore-10.3.0/include/voro++/ -g  -c graphstorage.cc
g++ -I/apps/gent/RHEL8/cascadelake-ib/software/Voro++/0.4.6-GCCcore-10.3.0/include/voro++/ -g  -c networkstorage.cc
In file included from Eigen/Core:263,
                 from Eigen/Dense:1,
                 from OMS.h:22,
                 from network.cc:21:
Eigen/src/Core/arch/SSE/PacketMath.h:29:39: warning: ignoring attributes on template argument __m128 [-Wignored-attributes]
   29 | template<> struct is_arithmetic<__m128>  { enum { value = true }; };
      |                                       ^
Eigen/src/Core/arch/SSE/PacketMath.h:30:40: warning: ignoring attributes on template argument __m128i [-Wignored-attributes]
   30 | template<> struct is_arithmetic<__m128i> { enum { value = true }; };
      |                                        ^
Eigen/src/Core/arch/SSE/PacketMath.h:31:40: warning: ignoring attributes on template argument __m128d [-Wignored-attributes]
   31 | template<> struct is_arithmetic<__m128d> { enum { value = true }; };
      |                                        ^
Eigen/src/Core/arch/SSE/PacketMath.h:101:43: warning: ignoring attributes on template argument Eigen::internal::Packet4f {aka __m128} [-Wignored-attributes]
  101 | template<> struct unpacket_traits<Packet4f> { typedef float  type; enum {size=4}; };
      |                                           ^
Eigen/src/Core/arch/SSE/PacketMath.h:102:43: warning: ignoring attributes on template argument Eigen::internal::Packet2d {aka __m128d} [-Wignored-attributes]
  102 | template<> struct unpacket_traits<Packet2d> { typedef double type; enum {size=2}; };
      |                                           ^
Eigen/src/Core/arch/SSE/PacketMath.h:103:43: warning: ignoring attributes on template argument Eigen::internal::Packet4i {aka __m128i} [-Wignored-attributes]
  103 | template<> struct unpacket_traits<Packet4i> { typedef int    type; enum {size=4}; };
In file included from Eigen/Core:263,
                 from Eigen/Dense:1,
                 from OMS.h:22,
                 from network.cc:21:
Eigen/src/Core/arch/SSE/PacketMath.h:586:35: warning: ignoring attributes on template argument Eigen::internal::Packet4f {aka __m128} [-Wignored-attributes]
  586 | struct palign_impl<Offset,Packet4f>
      |                                   ^
Eigen/src/Core/arch/SSE/PacketMath.h:609:35: warning: ignoring attributes on template argument Eigen::internal::Packet4i {aka __m128i} [-Wignored-attributes]
  609 | struct palign_impl<Offset,Packet4i>
      |                                   ^
Eigen/src/Core/arch/SSE/PacketMath.h:632:35: warning: ignoring attributes on template argument Eigen::internal::Packet2d {aka __m128d} [-Wignored-attributes]
  632 | struct palign_impl<Offset,Packet2d>
      |                                   ^
In file included from Eigen/Core:265,
                 from Eigen/Dense:1,
                 from OMS.h:22,
                 from network.cc:21:
Eigen/src/Core/arch/SSE/Complex.h:211:63: warning: ignoring attributes on template argument Eigen::internal::Packet4f {aka __m128} [-Wignored-attributes]
  211 | template<> struct conj_helper<Packet4f, Packet2cf, false,false>
      |                                                               ^
Eigen/src/Core/arch/SSE/Complex.h:220:63: warning: ignoring attributes on template argument Eigen::internal::Packet4f {aka __m128} [-Wignored-attributes]
  220 | template<> struct conj_helper<Packet2cf, Packet4f, false,false>
      |                                                               ^
Eigen/src/Core/arch/SSE/Complex.h:407:63: warning: ignoring attributes on template argument Eigen::internal::Packet2d {aka __m128d} [-Wignored-attributes]
  407 | template<> struct conj_helper<Packet2d, Packet1cd, false,false>
      |                                                               ^
Eigen/src/Core/arch/SSE/Complex.h:416:63: warning: ignoring attributes on template argument Eigen::internal::Packet2d {aka __m128d} [-Wignored-attributes]
  416 | template<> struct conj_helper<Packet1cd, Packet2d, false,false>
      |                                                               ^
In file included from Eigen/Core:276,
                 from Eigen/Dense:1,
                 from OMS.h:22,
                 from network.cc:21:
Eigen/src/Core/Functors.h:973:28: warning: template<class _Operation> class std::binder2nd is deprecated [-Wdeprecated-declarations]
  973 | struct functor_traits<std::binder2nd<T> >
      |                            ^~~~~~~~~
In file included from /kyukon/home/apps/RHEL8/cascadelake-ib/software/GCCcore/10.3.0/include/c++/10.3.0/bits/stl_function.h:1392,
                 from /kyukon/home/apps/RHEL8/cascadelake-ib/software/GCCcore/10.3.0/include/c++/10.3.0/bits/stl_tree.h:65,
                 from /kyukon/home/apps/RHEL8/cascadelake-ib/software/GCCcore/10.3.0/include/c++/10.3.0/map:60,
from network.h:18,
                 from network.cc:14:
/kyukon/home/apps/RHEL8/cascadelake-ib/software/GCCcore/10.3.0/include/c++/10.3.0/backward/binders.h:143:11: note: declared here
  143 |     class binder2nd
      |           ^~~~~~~~~
In file included from Eigen/Core:276,
                 from Eigen/Dense:1,
                 from OMS.h:22,
                 from network.cc:21:
Eigen/src/Core/Functors.h:977:28: warning: template<class _Operation> class std::binder1st is deprecated [-Wdeprecated-declarations]
  977 | struct functor_traits<std::binder1st<T> >
      |                            ^~~~~~~~~
In file included from /kyukon/home/apps/RHEL8/cascadelake-ib/software/GCCcore/10.3.0/include/c++/10.3.0/bits/stl_function.h:1392,
                 from /kyukon/home/apps/RHEL8/cascadelake-ib/software/GCCcore/10.3.0/include/c++/10.3.0/bits/stl_tree.h:65,
                 from /kyukon/home/apps/RHEL8/cascadelake-ib/software/GCCcore/10.3.0/include/c++/10.3.0/map:60,
                 from network.h:18,
                 from network.cc:14:
/kyukon/home/apps/RHEL8/cascadelake-ib/software/GCCcore/10.3.0/include/c++/10.3.0/backward/binders.h:108:11: note: declared here
  108 |     class binder1st
      |           ^~~~~~~~~
In file included from Eigen/Core:277,
                 from Eigen/Dense:1,
                 from OMS.h:22,
                 from network.cc:21:
Eigen/src/Core/DenseCoeffsBase.h: In instantiation of class Eigen::DenseCoeffsBase<Eigen::Matrix<float, 4, 1>, 0>:
Eigen/src/Core/DenseCoeffsBase.h:274:7:   required from class Eigen::DenseCoeffsBase<Eigen::Matrix<float, 4, 1>, 1>
Eigen/src/Core/DenseCoeffsBase.h:636:7:   required from class Eigen::DenseCoeffsBase<Eigen::Matrix<float, 4, 1>, 3>
Eigen/src/Core/util/XprHelper.h:371:8:   required from struct Eigen::internal::special_scalar_op_base<Eigen::Matrix<float, 4, 1>, float, float, Eigen::DenseCoeffsBase<Eigen::Matrix<float, 4, 1>, 3>, false>
Eigen/src/Core/DenseBase.h:41:34:   required from class Eigen::DenseBase<Eigen::Matrix<float, 4, 1> >
Eigen/src/Core/MatrixBase.h:48:34:   required from class Eigen::MatrixBase<Eigen::Matrix<float, 4, 1> >
Eigen/src/Core/PlainObjectBase.h:88:7:   required from class Eigen::PlainObjectBase<Eigen::Matrix<float, 4, 1> >
Eigen/src/Core/Matrix.h:127:7:   required from class Eigen::Matrix<float, 4, 1>
Eigen/src/Geometry/Quaternion.h:282:16:   required from class Eigen::Quaternion<float>
Eigen/src/Geometry/arch/Geometry_SSE.h:22:3:   required from here
Eigen/src/Core/DenseCoeffsBase.h:56:30: warning: ignoring attributes on template argument Eigen::internal::packet_traits<float>::type {aka __m128} [-Wignored-attributes]
   56 |                      >::type PacketReturnType;
      |                              ^~~~~~~~~~~~~~~~
Eigen/src/Core/DenseCoeffsBase.h: In instantiation of class Eigen::DenseCoeffsBase<Eigen::Matrix<double, 4, 1>, 0>:
Eigen/src/Core/DenseCoeffsBase.h:274:7:   required from class Eigen::DenseCoeffsBase<Eigen::Matrix<double, 4, 1>, 1>
Eigen/src/Core/DenseCoeffsBase.h:636:7:   required from class Eigen::DenseCoeffsBase<Eigen::Matrix<double, 4, 1>, 3>
Eigen/src/Core/util/XprHelper.h:371:8:   required from struct Eigen::internal::special_scalar_op_base<Eigen::Matrix<double, 4, 1>, double, double, Eigen::DenseCoeffsBase<Eigen::Matrix<double, 4, 1>, 3>, false>
Eigen/src/Core/DenseBase.h:41:34:   required from class Eigen::DenseBase<Eigen::Matrix<double, 4, 1> >
Eigen/src/Core/MatrixBase.h:48:34:   required from class Eigen::MatrixBase<Eigen::Matrix<double, 4, 1> >
Eigen/src/Core/PlainObjectBase.h:88:7:   required from class Eigen::PlainObjectBase<Eigen::Matrix<double, 4, 1> >
Eigen/src/Core/Matrix.h:127:7:   required from class Eigen::Matrix<double, 4, 1>
Eigen/src/Geometry/Quaternion.h:282:16:   required from class Eigen::Quaternion<double>
Eigen/src/Geometry/arch/Geometry_SSE.h:63:3:   required from here
Eigen/src/Core/DenseCoeffsBase.h:56:30: warning: ignoring attributes on template argument Eigen::internal::packet_traits<double>::type {aka __m128d} [-Wignored-attributes]
g++ -I/apps/gent/RHEL8/cascadelake-ib/software/Voro++/0.4.6-GCCcore-10.3.0/include/voro++/ -g  -c voronoicell.cc
network.cc: In instantiation of bool storeVoronoiNetwork(c_option&, ATOM_NETWORK*, VORONOI_NETWORK*, double, double, double, std::vector<BASIC_VCELL>&, std::vector<int>&, bool, std::vector<VOR_CELL>&) [with c_option = voro::container_periodic_poly]:
network.cc:126:125:   required from here
network.cc:223:15: error: no matching function for call to voro::voronoicell::voronoicell(voro::container_periodic_poly&)
  223 |   voronoicell c(con);
      |               ^
In file included from /apps/gent/RHEL8/cascadelake-ib/software/Voro++/0.4.6-GCCcore-10.3.0/include/voro++/voro++.hh:322,
                 from network.h:34,
                 from network.cc:14:
/apps/gent/RHEL8/cascadelake-ib/software/Voro++/0.4.6-GCCcore-10.3.0/include/voro++/cell.hh:300:7: note: candidate: voro::voronoicell::voronoicell()
  300 | class voronoicell : public voronoicell_base {
      |       ^~~~~~~~~~~
/apps/gent/RHEL8/cascadelake-ib/software/Voro++/0.4.6-GCCcore-10.3.0/include/voro++/cell.hh:300:7: note:   candidate expects 0 arguments, 1 provided
/apps/gent/RHEL8/cascadelake-ib/software/Voro++/0.4.6-GCCcore-10.3.0/include/voro++/cell.hh:300:7: note: candidate: constexpr voro::voronoicell::voronoicell(const voro::voronoicell&)
/apps/gent/RHEL8/cascadelake-ib/software/Voro++/0.4.6-GCCcore-10.3.0/include/voro++/cell.hh:300:7: note:   no known conversion for argument 1 from voro::container_periodic_poly to const voro::voronoicell&
network.cc: In instantiation of bool storeVoronoiNetwork(c_option&, ATOM_NETWORK*, VORONOI_NETWORK*, double, double, double, std::vector<BASIC_VCELL>&, std::vector<int>&, bool, std::vector<VOR_CELL>&) [with c_option = voro::container_periodic]:
network.cc:157:128:   required from here
network.cc:223:15: error: no matching function for call to voro::voronoicell::voronoicell(voro::container_periodic&)
  223 |   voronoicell c(con);
      |               ^
In file included from /apps/gent/RHEL8/cascadelake-ib/software/Voro++/0.4.6-GCCcore-10.3.0/include/voro++/voro++.hh:322,
                 from network.h:34,
                 from network.cc:14:
/apps/gent/RHEL8/cascadelake-ib/software/Voro++/0.4.6-GCCcore-10.3.0/include/voro++/cell.hh:300:7: note: candidate: voro::voronoicell::voronoicell()
  300 | class voronoicell : public voronoicell_base {
      |       ^~~~~~~~~~~
/apps/gent/RHEL8/cascadelake-ib/software/Voro++/0.4.6-GCCcore-10.3.0/include/voro++/cell.hh:300:7: note:   candidate expects 0 arguments, 1 provided
/apps/gent/RHEL8/cascadelake-ib/software/Voro++/0.4.6-GCCcore-10.3.0/include/voro++/cell.hh:300:7: note: candidate: constexpr voro::voronoicell::voronoicell(const voro::voronoicell&)
/apps/gent/RHEL8/cascadelake-ib/software/Voro++/0.4.6-GCCcore-10.3.0/include/voro++/cell.hh:300:7: note:   no known conversion for argument 1 from voro::container_periodic to const voro::voronoicell&
g++ -I/apps/gent/RHEL8/cascadelake-ib/software/Voro++/0.4.6-GCCcore-10.3.0/include/voro++/ -g  -c channel.cc
network.cc: In function void* performVoronoiDecomp(bool, ATOM_NETWORK*, VORONOI_NETWORK*, std::vector<VOR_CELL>&, bool, std::vector<BASIC_VCELL>&):
network.cc:171:1: warning: control reaches end of non-void function [-Wreturn-type]
  171 | }
      | ^
make: *** [Makefile:149: network.o] Error 1
make: *** Waiting for unfinished jobs....
 (at easybuild/easybuild-framework/easybuild/tools/run.py:681 in parse_cmd_output)
== 2024-01-10 11:54:42,958 build_log.py:267 INFO ... (took 6 secs)
== 2024-01-10 11:54:42,958 filetools.py:2012 INFO Removing lock /user/gent/470/vsc47063/.local/easybuild/software/.locks/_user_gent_470_vsc47063_.local_easybuild_software_Zeo++_0.3-intel-2021a.lock...
== 2024-01-10 11:54:42,960 filetools.py:383 INFO Path /user/gent/470/vsc47063/.local/easybuild/software/.locks/_user_gent_470_vsc47063_.local_easybuild_software_Zeo++_0.3-intel-2021a.lock successfully removed.
== 2024-01-10 11:54:42,960 filetools.py:2016 INFO Lock removed: /user/gent/470/vsc47063/.local/easybuild/software/.locks/_user_gent_470_vsc47063_.local_easybuild_software_Zeo++_0.3-intel-2021a.lock
== 2024-01-10 11:54:42,960 easyblock.py:4277 WARNING build failed (first 300 chars): cmd " make  -j 8 VOROINCLDIR=-I$EBROOTVOROPLUSPLUS/include/voro++/ VOROLINKDIR=-L$EBROOTVOROPLUSPLUS/lib/" exited with exit code 2 and output:
g++ -I/apps/gent/RHEL8/cascadelake-ib/software/Voro++/0.4.6-GCCcore-10.3.0/include/voro++/ -g  -c network.cc
g++ -I/apps/gent/RHEL8/cascadelake-ib/software/V
== 2024-01-10 11:54:42,960 easyblock.py:328 INFO Closing log for application name Zeo++ version 0.3
== 2024-01-10 11:54:42,961 build_log.py:267 INFO FAILED: Installation ended unsuccessfully (build directory: /tmp/vsc47063/easybuild/build/Zeo/0.3/intel-2021a): build failed (first 300 chars): cmd " make  -j 8 VOROINCLDIR=-I$EBROOTVOROPLUSPLUS/include/vor
o++/ VOROLINKDIR=-L$EBROOTVOROPLUSPLUS/lib/" exited with exit code 2 and output:
g++ -I/apps/gent/RHEL8/cascadelake-ib/software/Voro++/0.4.6-GCCcore-10.3.0/include/voro++/ -g  -c network.cc
g++ -I/apps/gent/RHEL8/cascadelake-ib/software/V (took 25 secs)
== 2024-01-10 11:54:42,961 build_log.py:267 INFO Results of the build can be found in the log file(s) /tmp/vsc47063/eb-9w60rg3s/easybuild-Zeo++-0.3-20240110.115417.xXcgT.log
== 2024-01-10 11:54:42,961 build_log.py:171 ERROR EasyBuild crashed with an error (at easybuild/easybuild-framework/easybuild/base/exceptions.py:126 in __init__): build failed (first 300 chars): cmd " make  -j 8 VOROINCLDIR=-I$EBROOTVOROPLUSPLUS/include/v
oro++/ VOROLINKDIR=-L$EBROOTVOROPLUSPLUS/lib/" exited with exit code 2 and output:
g++ -I/apps/gent/RHEL8/cascadelake-ib/software/Voro++/0.4.6-GCCcore-10.3.0/include/voro++/ -g  -c network.cc
g++ -I/apps/gent/RHEL8/cascadelake-ib/software/V (at easybuild/easybuild-framework/easybuild/main.py:138 in build_and_install_software)
== 2024-01-10 11:54:42,962 build_log.py:171 ERROR EasyBuild crashed with an error (at easybuild/easybuild-framework/easybuild/base/exceptions.py:126 in __init__): Build of /kyukon/home/gent/470/vsc47063/vsc-software-stack/140_Zeo++/Zeo3.eb failed (err: 'b
uild failed (first 300 chars): cmd " make  -j 8 VOROINCLDIR=-I$EBROOTVOROPLUSPLUS/include/voro++/ VOROLINKDIR=-L$EBROOTVOROPLUSPLUS/lib/" exited with exit code 2 and output:\ng++ -I/apps/gent/RHEL8/cascadelake-ib/software/Voro++/0.4.6-GCCcore-10.3.0/inclu
de/voro++/ -g  -c network.cc\ng++ -I/apps/gent/RHEL8/cascadelake-ib/software/V') (at easybuild/easybuild-framework/easybuild/main.py:176 in build_and_install_software)


Zeo++ needs special version of voro++?
Not on bioconda

g++ -I/apps/gent/RHEL8/cascadelake-ib/software/Voro++/0.4.6-GCCcore-10.3.0/include/voro++/ -g  -c voronoicell.cc
network.cc: In instantiation of bool storeVoronoiNetwork(c_option&, ATOM_NETWORK*, VORONOI_NETWORK*, double, double, double, std::vector<BASIC_VCELL>&, std::vector<int>&, bool, std::vector<VOR_CELL>&) [with c_option = voro::container_periodic_poly]:
network.cc:126:125:   required from here
network.cc:223:15: error: no matching function for call to voro::voronoicell::voronoicell(voro::container_periodic_poly&)
  223 |   voronoicell c(con);
      |               ^
In file included from /apps/gent/RHEL8/cascadelake-ib/software/Voro++/0.4.6-GCCcore-10.3.0/include/voro++/voro++.hh:322,
                 from network.h:34,
                 from network.cc:14:
/apps/gent/RHEL8/cascadelake-ib/software/Voro++/0.4.6-GCCcore-10.3.0/include/voro++/cell.hh:300:7: note: candidate: voro::voronoicell::voronoicell()
  300 | class voronoicell : public voronoicell_base {
      |       ^~~~~~~~~~~
/apps/gent/RHEL8/cascadelake-ib/software/Voro++/0.4.6-GCCcore-10.3.0/include/voro++/cell.hh:300:7: note:   candidate expects 0 arguments, 1 provided
/apps/gent/RHEL8/cascadelake-ib/software/Voro++/0.4.6-GCCcore-10.3.0/include/voro++/cell.hh:300:7: note: candidate: constexpr voro::voronoicell::voronoicell(const voro::voronoicell&)
/apps/gent/RHEL8/cascadelake-ib/software/Voro++/0.4.6-GCCcore-10.3.0/include/voro++/cell.hh:300:7: note:   no known conversion for argument 1 from voro::container_periodic_poly to const voro::voronoicell&
network.cc: In instantiation of bool storeVoronoiNetwork(c_option&, ATOM_NETWORK*, VORONOI_NETWORK*, double, double, double, std::vector<BASIC_VCELL>&, std::vector<int>&, bool, std::vector<VOR_CELL>&) [with c_option = voro::container_periodic]:
network.cc:157:128:   required from here
network.cc:223:15: error: no matching function for call to voro::voronoicell::voronoicell(voro::container_periodic&)
  223 |   voronoicell c(con);
      |               ^
In file included from /apps/gent/RHEL8/cascadelake-ib/software/Voro++/0.4.6-GCCcore-10.3.0/include/voro++/voro++.hh:322,
                 from network.h:34,
                 from network.cc:14:
/apps/gent/RHEL8/cascadelake-ib/software/Voro++/0.4.6-GCCcore-10.3.0/include/voro++/cell.hh:300:7: note: candidate: voro::voronoicell::voronoicell()
  300 | class voronoicell : public voronoicell_base {
      |       ^~~~~~~~~~~
/apps/gent/RHEL8/cascadelake-ib/software/Voro++/0.4.6-GCCcore-10.3.0/include/voro++/cell.hh:300:7: note:   candidate expects 0 arguments, 1 provided
/apps/gent/RHEL8/cascadelake-ib/software/Voro++/0.4.6-GCCcore-10.3.0/include/voro++/cell.hh:300:7: note: candidate: constexpr voro::voronoicell::voronoicell(const voro::voronoicell&)
/apps/gent/RHEL8/cascadelake-ib/software/Voro++/0.4.6-GCCcore-10.3.0/include/voro++/cell.hh:300:7: note:   no known conversion for argument 1 from voro::container_periodic to const voro::voronoicell&
g++ -I/apps/gent/RHEL8/cascadelake-ib/software/Voro++/0.4.6-GCCcore-10.3.0/include/voro++/ -g  -c channel.cc
network.cc: In function void* performVoronoiDecomp(bool, ATOM_NETWORK*, VORONOI_NETWORK*, std::vector<VOR_CELL>&, bool, std::vector<BASIC_VCELL>&):
network.cc:171:1: warning: control reaches end of non-void function [-Wreturn-type]
  171 | }
      | ^
make: *** [Makefile:149: network.o] Error 1
make: *** Waiting for unfinished jobs....
 (at easybuild/easybuild-framework/easybuild/tools/run.py:681 in parse_cmd_output)
== 2023-12-19 17:34:36,219 build_log.py:267 INFO ... (took 6 secs)
== 2023-12-19 17:34:36,219 filetools.py:2012 INFO Removing lock /user/gent/470/vsc47063/.local/easybuild/software/.locks/_user_gent_470_vsc47063_.local_easybuild_software_Zeo++_0.3.0-intel-2021a.lock...
== 2023-12-19 17:34:36,221 filetools.py:383 INFO Path /user/gent/470/vsc47063/.local/easybuild/software/.locks/_user_gent_470_vsc47063_.local_easybuild_software_Zeo++_0.3.0-intel-2021a.lock successfully removed.
== 2023-12-19 17:34:36,221 filetools.py:2016 INFO Lock removed: /user/gent/470/vsc47063/.local/easybuild/software/.locks/_user_gent_470_vsc47063_.local_easybuild_software_Zeo++_0.3.0-intel-2021a.lock
== 2023-12-19 17:34:36,221 easyblock.py:4277 WARNING build failed (first 300 chars): cmd " make  -j 8 VOROINCLDIR=-I$EBROOTVOROPLUSPLUS/include/voro++/ VOROLINKDIR=-L$EBROOTVOROPLUSPLUS/lib/" exited with exit code 2 and output:
g++ -I/apps/gent/RHEL8/cascadelake-ib/software/Voro++/0.4.6-GCCcore-10.3.0/include/voro++/ -g  -c network.cc
g++ -I/apps/gent/RHEL8/cascadelake-ib/software/V
== 2023-12-19 17:34:36,221 easyblock.py:328 INFO Closing log for application name Zeo++ version 0.3.0
== 2023-12-19 17:34:36,221 build_log.py:267 INFO FAILED: Installation ended unsuccessfully (build directory: /tmp/vsc47063/easybuild/build/Zeo/0.3.0/intel-2021a): build failed (first 300 chars): cmd " make  -j 8 VOROINCLDIR=-I$EBROOTVOROPLUSPLUS/include/voro++/ VOROLINKDIR=-L$EBROOTVOROPLUSPLUS/lib/" exited with exit code 2 and output:
g++ -I/apps/gent/RHEL8/cascadelake-ib/software/Voro++/0.4.6-GCCcore-10.3.0/include/voro++/ -g  -c network.cc
g++ -I/apps/gent/RHEL8/cascadelake-ib/software/V (took 21 secs)
== 2023-12-19 17:34:36,222 build_log.py:267 INFO Results of the build can be found in the log file(s) /tmp/vsc47063/eb-slcgmt2k/easybuild-Zeo++-0.3.0-20231219.173415.jrGXx.log
== 2023-12-19 17:34:36,222 build_log.py:171 ERROR EasyBuild crashed with an error (at easybuild/easybuild-framework/easybuild/base/exceptions.py:126 in __init__): build failed (first 300 chars): cmd " make  -j 8 VOROINCLDIR=-I$EBROOTVOROPLUSPLUS/include/voro++/ VOROLINKDIR=-L$EBROOTVOROPLUSPLUS/lib/" exited with exit code 2 and output:
g++ -I/apps/gent/RHEL8/cascadelake-ib/software/Voro++/0.4.6-GCCcore-10.3.0/include/voro++/ -g  -c network.cc
g++ -I/apps/gent/RHEL8/cascadelake-ib/software/V (at easybuild/easybuild-framework/easybuild/main.py:138 in build_and_install_software)
== 2023-12-19 17:34:36,223 build_log.py:171 ERROR EasyBuild crashed with an error (at easybuild/easybuild-framework/easybuild/base/exceptions.py:126 in __init__): Build of /kyukon/home/gent/470/vsc47063/WIP/140_Zeo++/Zeo.eb failed (err: 'build failed (first 300 chars): cmd " make  -j 8 VOROINCLDIR=-I$EBROOTVOROPLUSPLUS/include/voro++/ VOROLINKDIR=-L$EBROOTVOROPLUSPLUS/lib/" exited with exit code 2 and output:\ng++ -I/apps/gent/RHEL8/cascadelake-ib/software/Voro++/0.4.6-GCCcore-10.3.0/include/voro++/ -g  -c network.cc\ng++ -I/apps/gent/RHEL8/cascadelake-ib/software/V') (at easybuild/easybuild-framework/easybuild/main.py:176 in build_and_install_software)