# output for command: /apps/gent/RHEL8/cascadelake-ib/software/Python/3.10.4-GCCcore-11.3.0/bin/python -m pip install --prefix=/scratch/gent/vo/001/gvo00117/easybuild/RHEL8/cascadelake-ampere-ib/software/Levenshtein/0.21.1-foss-2022a  --no-deps  --ignore-installed  --no-index  --no-build-isolation  .

Processing /tmp/vsc43810/easybuild/build/Levenshtein/0.21.1/foss-2022a/Levenshtein-0.21.1
  Preparing metadata (pyproject.toml): started
  Preparing metadata (pyproject.toml): finished with status 'done'
Building wheels for collected packages: Levenshtein
  Building wheel for Levenshtein (pyproject.toml): started
  Building wheel for Levenshtein (pyproject.toml): finished with status 'error'
  error: subprocess-exited-with-error
  
   Building wheel for Levenshtein (pyproject.toml) did not run successfully.
   exit code: 1
  > [104 lines of output]
      Not searching for unused variables given on the command line.
      CMake Error: CMake was unable to find a build program corresponding to "Ninja".  CMAKE_MAKE_PROGRAM is not set.  You probably need to select a different build tool.
      -- Configuring incomplete, errors occurred!
      See also "/tmp/vsc43810/easybuild/build/Levenshtein/0.21.1/foss-2022a/Levenshtein-0.21.1/_cmake_test_compile/build/CMakeFiles/CMakeOutput.log".
      Not searching for unused variables given on the command line.
      -- The C compiler identification is GNU 11.3.0
      -- Detecting C compiler ABI info
      -- Detecting C compiler ABI info - done
      -- Check for working C compiler: /apps/gent/RHEL8/cascadelake-ib/software/GCCcore/11.3.0/bin/gcc - skipped
      -- Detecting C compile features
      -- Detecting C compile features - done
      -- The CXX compiler identification is GNU 11.3.0
      -- Detecting CXX compiler ABI info
      -- Detecting CXX compiler ABI info - done
      -- Check for working CXX compiler: /apps/gent/RHEL8/cascadelake-ib/software/GCCcore/11.3.0/bin/g++ - skipped
      -- Detecting CXX compile features
      -- Detecting CXX compile features - done
      -- Configuring done
      -- Generating done
      -- Build files have been written to: /tmp/vsc43810/easybuild/build/Levenshtein/0.21.1/foss-2022a/Levenshtein-0.21.1/_cmake_test_compile/build
      -- The C compiler identification is GNU 11.3.0
      -- The CXX compiler identification is GNU 11.3.0
      -- Detecting C compiler ABI info
      -- Detecting C compiler ABI info - done
      -- Check for working C compiler: /apps/gent/RHEL8/cascadelake-ib/software/GCCcore/11.3.0/bin/gcc - skipped
      -- Detecting C compile features
      -- Detecting C compile features - done
      -- Detecting CXX compiler ABI info
      -- Detecting CXX compiler ABI info - done
      -- Check for working CXX compiler: /apps/gent/RHEL8/cascadelake-ib/software/GCCcore/11.3.0/bin/g++ - skipped
      -- Detecting CXX compile features
      -- Detecting CXX compile features - done
      CMake Error at /kyukon/home/apps/RHEL8/cascadelake-ib/software/CMake/3.23.1-GCCcore-11.3.0/share/cmake-3.23/Modules/FindPackageHandleStandardArgs.cmake:230 (message):
        Could NOT find Python (missing: Interpreter Development.Module)
      Call Stack (most recent call first):
        /kyukon/home/apps/RHEL8/cascadelake-ib/software/CMake/3.23.1-GCCcore-11.3.0/share/cmake-3.23/Modules/FindPackageHandleStandardArgs.cmake:594 (_FPHSA_FAILURE_MESSAGE)
        /kyukon/home/apps/RHEL8/cascadelake-ib/software/CMake/3.23.1-GCCcore-11.3.0/share/cmake-3.23/Modules/FindPython.cmake:561 (find_package_handle_standard_args)
        CMakeLists.txt:25 (find_package)
      
      
      -- Configuring incomplete, errors occurred!
      See also "/tmp/vsc43810/easybuild/build/Levenshtein/0.21.1/foss-2022a/Levenshtein-0.21.1/_skbuild/linux-x86_64-3.10/cmake-build/CMakeFiles/CMakeOutput.log".
        File "/apps/gent/RHEL8/cascadelake-ib/software/scikit-build/0.15.0-GCCcore-11.3.0/lib/python3.10/site-packages/skbuild/setuptools_wrap.py", line 637, in setup
          env = cmkr.configure(
        File "/apps/gent/RHEL8/cascadelake-ib/software/scikit-build/0.15.0-GCCcore-11.3.0/lib/python3.10/site-packages/skbuild/cmaker.py", line 328, in configure
          raise SKBuildError(
      
      
      --------------------------------------------------------------------------------
      -- Trying "Ninja" generator
      --------------------------------
      ---------------------------
      ----------------------
      -----------------
      ------------
      -------
      --
      --
      -------
      ------------
      -----------------
      ----------------------
      ---------------------------
      --------------------------------
      -- Trying "Ninja" generator - failure
      --------------------------------------------------------------------------------
      
      
      
      --------------------------------------------------------------------------------
      -- Trying "Unix Makefiles" generator
      --------------------------------
      ---------------------------
      ----------------------
      -----------------
      ------------
      -------
      --
      --
      -------
      ------------
      -----------------
      ----------------------
      ---------------------------
      --------------------------------
      -- Trying "Unix Makefiles" generator - success
      --------------------------------------------------------------------------------
      
      Configuring Project
        Working directory:
          /tmp/vsc43810/easybuild/build/Levenshtein/0.21.1/foss-2022a/Levenshtein-0.21.1/_skbuild/linux-x86_64-3.10/cmake-build
        Command:
          cmake /tmp/vsc43810/easybuild/build/Levenshtein/0.21.1/foss-2022a/Levenshtein-0.21.1 -G 'Unix Makefiles' -DCMAKE_INSTALL_PREFIX:PATH=/tmp/vsc43810/easybuild/build/Levenshtein/0.21.1/foss-2022a/Levenshtein-0.21.1/_skbuild/linux-x86_64-3.10/cmake-install -DPYTHON_VERSION_STRING:STRING=3.10.4 -DSKBUILD:INTERNAL=TRUE -DCMAKE_MODULE_PATH:PATH=/apps/gent/RHEL8/cascadelake-ib/software/scikit-build/0.15.0-GCCcore-11.3.0/lib/python3.10/site-packages/skbuild/resources/cmake -DPython3_EXECUTABLE:FILEPATH=/apps/gent/RHEL8/cascadelake-ib/software/Python/3.10.4-GCCcore-11.3.0/bin/python -DPython3_INCLUDE_DIR:PATH=/apps/gent/RHEL8/cascadelake-ib/software/Python/3.10.4-GCCcore-11.3.0/include/python3.10 -DPython3_LIBRARY:PATH=/apps/gent/RHEL8/cascadelake-ib/software/Python/3.10.4-GCCcore-11.3.0/lib/libpython3.10.so -DPython_EXECUTABLE:FILEPATH=/apps/gent/RHEL8/cascadelake-ib/software/Python/3.10.4-GCCcore-11.3.0/bin/python -DPython_INCLUDE_DIR:PATH=/apps/gent/RHEL8/cascadelake-ib/software/Python/3.10.4-GCCcore-11.3.0/include/python3.10 -DPython_LIBRARY:PATH=/apps/gent/RHEL8/cascadelake-ib/software/Python/3.10.4-GCCcore-11.3.0/lib/libpython3.10.so -DPYTHON_EXECUTABLE:FILEPATH=/apps/gent/RHEL8/cascadelake-ib/software/Python/3.10.4-GCCcore-11.3.0/bin/python -DPYTHON_INCLUDE_DIR:PATH=/apps/gent/RHEL8/cascadelake-ib/software/Python/3.10.4-GCCcore-11.3.0/include/python3.10 -DPYTHON_LIBRARY:PATH=/apps/gent/RHEL8/cascadelake-ib/software/Python/3.10.4-GCCcore-11.3.0/lib/libpython3.10.so -DCMAKE_BUILD_TYPE:STRING=Release
      
      Traceback (most recent call last):
      
      An error occurred while configuring with CMake.
        Command:
          cmake /tmp/vsc43810/easybuild/build/Levenshtein/0.21.1/foss-2022a/Levenshtein-0.21.1 -G 'Unix Makefiles' -DCMAKE_INSTALL_PREFIX:PATH=/tmp/vsc43810/easybuild/build/Levenshtein/0.21.1/foss-2022a/Levenshtein-0.21.1/_skbuild/linux-x86_64-3.10/cmake-install -DPYTHON_VERSION_STRING:STRING=3.10.4 -DSKBUILD:INTERNAL=TRUE -DCMAKE_MODULE_PATH:PATH=/apps/gent/RHEL8/cascadelake-ib/software/scikit-build/0.15.0-GCCcore-11.3.0/lib/python3.10/site-packages/skbuild/resources/cmake -DPython3_EXECUTABLE:FILEPATH=/apps/gent/RHEL8/cascadelake-ib/software/Python/3.10.4-GCCcore-11.3.0/bin/python -DPython3_INCLUDE_DIR:PATH=/apps/gent/RHEL8/cascadelake-ib/software/Python/3.10.4-GCCcore-11.3.0/include/python3.10 -DPython3_LIBRARY:PATH=/apps/gent/RHEL8/cascadelake-ib/software/Python/3.10.4-GCCcore-11.3.0/lib/libpython3.10.so -DPython_EXECUTABLE:FILEPATH=/apps/gent/RHEL8/cascadelake-ib/software/Python/3.10.4-GCCcore-11.3.0/bin/python -DPython_INCLUDE_DIR:PATH=/apps/gent/RHEL8/cascadelake-ib/software/Python/3.10.4-GCCcore-11.3.0/include/python3.10 -DPython_LIBRARY:PATH=/apps/gent/RHEL8/cascadelake-ib/software/Python/3.10.4-GCCcore-11.3.0/lib/libpython3.10.so -DPYTHON_EXECUTABLE:FILEPATH=/apps/gent/RHEL8/cascadelake-ib/software/Python/3.10.4-GCCcore-11.3.0/bin/python -DPYTHON_INCLUDE_DIR:PATH=/apps/gent/RHEL8/cascadelake-ib/software/Python/3.10.4-GCCcore-11.3.0/include/python3.10 -DPYTHON_LIBRARY:PATH=/apps/gent/RHEL8/cascadelake-ib/software/Python/3.10.4-GCCcore-11.3.0/lib/libpython3.10.so -DCMAKE_BUILD_TYPE:STRING=Release
        Source directory:
          /tmp/vsc43810/easybuild/build/Levenshtein/0.21.1/foss-2022a/Levenshtein-0.21.1
        Working directory:
          /tmp/vsc43810/easybuild/build/Levenshtein/0.21.1/foss-2022a/Levenshtein-0.21.1/_skbuild/linux-x86_64-3.10/cmake-build
      Please see CMake's output for more information.
      [end of output]
  
  note: This error originates from a subprocess, and is likely not a problem with pip.
  ERROR: Failed building wheel for Levenshtein
Failed to build Levenshtein
ERROR: Could not build wheels for Levenshtein, which is required to install pyproject.toml-based projects
