# output for command: make  -j 8

curl -L -o longphase-1.3.tar.gz https://github.com/twolinin/longphase/archive/refs/tags/v1.3.tar.gz; \
tar -zxvf longphase-1.3.tar.gz; \
rm longphase-1.3.tar.gz
python3 build.py
  % Total    % Received % Xferd  Average Speed   Time    Time     Time  Current
                                 Dload  Upload   Total   Spent    Left  Speed
  0     0    0     0    0     0      0      0 --:--:-- --:--:-- --:--:--     0  0     0    0     0    0     0      0      0 --:--:-- --:--:-- --:--:--     0
100 96957    0 96957    0     0   177k      0 --:--:-- --:--:-- --:--:--  177k/scratch/gent/vo/001/gvo00117/easybuild/RHEL8/cascadelake-ampere-ib/software/cffi/1.15.1-GCCcore-11.3.0/lib/python3.10/site-packages/cffi/cparser.py:154: UserWarning: String literal found in cdef() or type source. String literals are ignored here, but you should remove them anyway because some character sequences confuse pre-parsing.
  warnings.warn("String literal found in cdef() or type source. "
100 4720k    0 4720k    0     0  3794k      0 --:--:--  0:00:01 --:--:-- 6506k
longphase-1.3/
longphase-1.3/Haplotag.cpp
longphase-1.3/Haplotag.h
longphase-1.3/HaplotagProcess.cpp
longphase-1.3/HaplotagProcess.h
longphase-1.3/Makefile
longphase-1.3/ParsingBam.cpp
longphase-1.3/ParsingBam.h
longphase-1.3/Phasing.cpp
longphase-1.3/Phasing.h
longphase-1.3/PhasingGraph.cpp
longphase-1.3/PhasingGraph.h
longphase-1.3/PhasingProcess.cpp
longphase-1.3/PhasingProcess.h
longphase-1.3/README.md
longphase-1.3/Util.cpp
longphase-1.3/Util.h
longphase-1.3/config.mk.in
longphase-1.3/configure.ac
longphase-1.3/htslib/
longphase-1.3/htslib/INSTALL
longphase-1.3/htslib/LICENSE
longphase-1.3/htslib/Makefile
longphase-1.3/htslib/NEWS
longphase-1.3/htslib/README
longphase-1.3/htslib/README.large_positions.md
longphase-1.3/htslib/autom4te.cache/
longphase-1.3/htslib/autom4te.cache/output.0
longphase-1.3/htslib/autom4te.cache/output.1
longphase-1.3/htslib/autom4te.cache/requests
longphase-1.3/htslib/autom4te.cache/traces.0
longphase-1.3/htslib/autom4te.cache/traces.1
longphase-1.3/htslib/bcf_sr_sort.c
longphase-1.3/htslib/bcf_sr_sort.h
longphase-1.3/htslib/bgzf.c
longphase-1.3/htslib/bgzip.1
longphase-1.3/htslib/bgzip.c
longphase-1.3/htslib/builddir_vars.mk.in
longphase-1.3/htslib/config.h
longphase-1.3/htslib/config.h.in
longphase-1.3/htslib/config.log
longphase-1.3/htslib/config.mk
longphase-1.3/htslib/config.mk.in
longphase-1.3/htslib/config.status
longphase-1.3/htslib/configure
longphase-1.3/htslib/configure.ac
longphase-1.3/htslib/cram/
longphase-1.3/htslib/cram/cram.h
longphase-1.3/htslib/cram/cram_codecs.c
longphase-1.3/htslib/cram/cram_codecs.h
longphase-1.3/htslib/cram/cram_decode.c
longphase-1.3/htslib/cram/cram_decode.h
longphase-1.3/htslib/cram/cram_encode.c
longphase-1.3/htslib/cram/cram_encode.h
longphase-1.3/htslib/cram/cram_external.c
longphase-1.3/htslib/cram/cram_index.c
longphase-1.3/htslib/cram/cram_index.h
longphase-1.3/htslib/cram/cram_io.c
longphase-1.3/htslib/cram/cram_io.h
longphase-1.3/htslib/cram/cram_samtools.h
longphase-1.3/htslib/cram/cram_stats.c
longphase-1.3/htslib/cram/cram_stats.h
longphase-1.3/htslib/cram/cram_structs.h
longphase-1.3/htslib/cram/mFILE.c
longphase-1.3/htslib/cram/mFILE.h
longphase-1.3/htslib/cram/misc.h
longphase-1.3/htslib/cram/open_trace_file.c
longphase-1.3/htslib/cram/open_trace_file.h
longphase-1.3/htslib/cram/os.h
longphase-1.3/htslib/cram/pooled_alloc.c
longphase-1.3/htslib/cram/pooled_alloc.h
longphase-1.3/htslib/cram/string_alloc.c
longphase-1.3/htslib/cram/string_alloc.h
longphase-1.3/htslib/errmod.c
longphase-1.3/htslib/faidx.5
longphase-1.3/htslib/faidx.c
longphase-1.3/htslib/header.c
longphase-1.3/htslib/header.h
longphase-1.3/htslib/hfile.c
longphase-1.3/htslib/hfile_gcs.c
longphase-1.3/htslib/hfile_internal.h
longphase-1.3/htslib/hfile_libcurl.c
longphase-1.3/htslib/hfile_s3.c
longphase-1.3/htslib/hfile_s3_write.c
longphase-1.3/htslib/hts.c
longphase-1.3/htslib/hts_expr.c
longphase-1.3/htslib/hts_internal.h
longphase-1.3/htslib/hts_os.c
longphase-1.3/htslib/hts_probe_cc.sh
longphase-1.3/htslib/hts_time_funcs.h
longphase-1.3/htslib/htscodecs.mk
longphase-1.3/htslib/htscodecs/
longphase-1.3/htslib/htscodecs/BENCHMARKS.md
longphase-1.3/htslib/htscodecs/LICENSE.md
longphase-1.3/htslib/htscodecs/MAINTAINERS.md
longphase-1.3/htslib/htscodecs/NEWS.md
longphase-1.3/htslib/htscodecs/htscodecs/
longphase-1.3/htslib/htscodecs/htscodecs/arith_dynamic.c
longphase-1.3/htslib/htscodecs/htscodecs/arith_dynamic.h
longphase-1.3/htslib/htscodecs/htscodecs/c_range_coder.h
longphase-1.3/htslib/htscodecs/htscodecs/c_simple_model.h
longphase-1.3/htslib/htscodecs/htscodecs/fqzcomp_qual.c
longphase-1.3/htslib/htscodecs/htscodecs/fqzcomp_qual.h
longphase-1.3/htslib/htscodecs/htscodecs/htscodecs.c
longphase-1.3/htslib/htscodecs/htscodecs/htscodecs.h
longphase-1.3/htslib/htscodecs/htscodecs/htscodecs_endian.h
longphase-1.3/htslib/htscodecs/htscodecs/pack.c
longphase-1.3/htslib/htscodecs/htscodecs/pack.h
longphase-1.3/htslib/htscodecs/htscodecs/permute.h
longphase-1.3/htslib/htscodecs/htscodecs/pooled_alloc.h
longphase-1.3/htslib/htscodecs/htscodecs/rANS_byte.h
longphase-1.3/htslib/htscodecs/htscodecs/rANS_static.c
longphase-1.3/htslib/htscodecs/htscodecs/rANS_static.h
longphase-1.3/htslib/htscodecs/htscodecs/rANS_static16_int.h
longphase-1.3/htslib/htscodecs/htscodecs/rANS_static32x16pr.c
longphase-1.3/htslib/htscodecs/htscodecs/rANS_static32x16pr.h
longphase-1.3/htslib/htscodecs/htscodecs/rANS_static32x16pr_avx2.c
longphase-1.3/htslib/htscodecs/htscodecs/rANS_static32x16pr_avx512.c
longphase-1.3/htslib/htscodecs/htscodecs/rANS_static32x16pr_neon.c
longphase-1.3/htslib/htscodecs/htscodecs/rANS_static32x16pr_sse4.c
longphase-1.3/htslib/htscodecs/htscodecs/rANS_static4x16.h
longphase-1.3/htslib/htscodecs/htscodecs/rANS_static4x16pr.c
longphase-1.3/htslib/htscodecs/htscodecs/rANS_word.h
longphase-1.3/htslib/htscodecs/htscodecs/rle.c
longphase-1.3/htslib/htscodecs/htscodecs/rle.h
longphase-1.3/htslib/htscodecs/htscodecs/tokenise_name3.c
longphase-1.3/htslib/htscodecs/htscodecs/tokenise_name3.h
longphase-1.3/htslib/htscodecs/htscodecs/utils.c
longphase-1.3/htslib/htscodecs/htscodecs/utils.h
longphase-1.3/htslib/htscodecs/htscodecs/varint.h
longphase-1.3/htslib/htscodecs/htscodecs/varint2.h
longphase-1.3/htslib/htscodecs/htscodecs/version.h
longphase-1.3/htslib/htscodecs/tests/
longphase-1.3/htslib/htscodecs/tests/arith.test
longphase-1.3/htslib/htscodecs/tests/arith_dynamic_fuzz.c
longphase-1.3/htslib/htscodecs/tests/arith_dynamic_test.c
longphase-1.3/htslib/htscodecs/tests/benchmark.sh
longphase-1.3/htslib/htscodecs/tests/dat/
longphase-1.3/htslib/htscodecs/tests/dat/arith/
longphase-1.3/htslib/htscodecs/tests/dat/arith/q4.0
longphase-1.3/htslib/htscodecs/tests/dat/arith/q4.1
longphase-1.3/htslib/htscodecs/tests/dat/arith/q4.128
longphase-1.3/htslib/htscodecs/tests/dat/arith/q4.129
longphase-1.3/htslib/htscodecs/tests/dat/arith/q4.192
longphase-1.3/htslib/htscodecs/tests/dat/arith/q4.193
longphase-1.3/htslib/htscodecs/tests/dat/arith/q4.64
longphase-1.3/htslib/htscodecs/tests/dat/arith/q4.65
longphase-1.3/htslib/htscodecs/tests/dat/arith/q4.8
longphase-1.3/htslib/htscodecs/tests/dat/arith/q4.9
longphase-1.3/htslib/htscodecs/tests/dat/arith/q40+dir.0
longphase-1.3/htslib/htscodecs/tests/dat/arith/q40+dir.1
longphase-1.3/htslib/htscodecs/tests/dat/arith/q40+dir.64
longphase-1.3/htslib/htscodecs/tests/dat/arith/q40+dir.65
longphase-1.3/htslib/htscodecs/tests/dat/arith/q40+dir.8
longphase-1.3/htslib/htscodecs/tests/dat/arith/q40+dir.9
longphase-1.3/htslib/htscodecs/tests/dat/arith/q8.0
longphase-1.3/htslib/htscodecs/tests/dat/arith/q8.1
longphase-1.3/htslib/htscodecs/tests/dat/arith/q8.128
longphase-1.3/htslib/htscodecs/tests/dat/arith/q8.129
longphase-1.3/htslib/htscodecs/tests/dat/arith/q8.192
longphase-1.3/htslib/htscodecs/tests/dat/arith/q8.193
longphase-1.3/htslib/htscodecs/tests/dat/arith/q8.64
longphase-1.3/htslib/htscodecs/tests/dat/arith/q8.65
longphase-1.3/htslib/htscodecs/tests/dat/arith/qvar.0
longphase-1.3/htslib/htscodecs/tests/dat/arith/qvar.1
longphase-1.3/htslib/htscodecs/tests/dat/arith/qvar.64
longphase-1.3/htslib/htscodecs/tests/dat/arith/qvar.65
longphase-1.3/htslib/htscodecs/tests/dat/fqzcomp/
longphase-1.3/htslib/htscodecs/tests/dat/fqzcomp/q4.0
longphase-1.3/htslib/htscodecs/tests/dat/fqzcomp/q4.1
longphase-1.3/htslib/htscodecs/tests/dat/fqzcomp/q4.2
longphase-1.3/htslib/htscodecs/tests/dat/fqzcomp/q4.3
longphase-1.3/htslib/htscodecs/tests/dat/fqzcomp/q40+dir.0
longphase-1.3/htslib/htscodecs/tests/dat/fqzcomp/q40+dir.1
longphase-1.3/htslib/htscodecs/tests/dat/fqzcomp/q40+dir.2
longphase-1.3/htslib/htscodecs/tests/dat/fqzcomp/q40+dir.3
longphase-1.3/htslib/htscodecs/tests/dat/fqzcomp/q8.0
longphase-1.3/htslib/htscodecs/tests/dat/fqzcomp/q8.1
longphase-1.3/htslib/htscodecs/tests/dat/fqzcomp/q8.2
longphase-1.3/htslib/htscodecs/tests/dat/fqzcomp/q8.3
longphase-1.3/htslib/htscodecs/tests/dat/fqzcomp/qvar.0
longphase-1.3/htslib/htscodecs/tests/dat/fqzcomp/qvar.1
longphase-1.3/htslib/htscodecs/tests/dat/fqzcomp/qvar.2
longphase-1.3/htslib/htscodecs/tests/dat/fqzcomp/qvar.3
longphase-1.3/htslib/htscodecs/tests/dat/q4
longphase-1.3/htslib/htscodecs/tests/dat/q40+dir
longphase-1.3/htslib/htscodecs/tests/dat/q8
longphase-1.3/htslib/htscodecs/tests/dat/qvar
longphase-1.3/htslib/htscodecs/tests/dat/r4x16/
longphase-1.3/htslib/htscodecs/tests/dat/r4x16/q4.0
longphase-1.3/htslib/htscodecs/tests/dat/r4x16/q4.1
longphase-1.3/htslib/htscodecs/tests/dat/r4x16/q4.128
longphase-1.3/htslib/htscodecs/tests/dat/r4x16/q4.129
longphase-1.3/htslib/htscodecs/tests/dat/r4x16/q4.192
longphase-1.3/htslib/htscodecs/tests/dat/r4x16/q4.193
longphase-1.3/htslib/htscodecs/tests/dat/r4x16/q4.4
longphase-1.3/htslib/htscodecs/tests/dat/r4x16/q4.5
longphase-1.3/htslib/htscodecs/tests/dat/r4x16/q4.64
longphase-1.3/htslib/htscodecs/tests/dat/r4x16/q4.65
longphase-1.3/htslib/htscodecs/tests/dat/r4x16/q4.8
longphase-1.3/htslib/htscodecs/tests/dat/r4x16/q4.9
longphase-1.3/htslib/htscodecs/tests/dat/r4x16/q40+dir.0
longphase-1.3/htslib/htscodecs/tests/dat/r4x16/q40+dir.1
longphase-1.3/htslib/htscodecs/tests/dat/r4x16/q40+dir.4
longphase-1.3/htslib/htscodecs/tests/dat/r4x16/q40+dir.5
longphase-1.3/htslib/htscodecs/tests/dat/r4x16/q40+dir.8
longphase-1.3/htslib/htscodecs/tests/dat/r4x16/q40+dir.9
longphase-1.3/htslib/htscodecs/tests/dat/r4x16/q8.0
longphase-1.3/htslib/htscodecs/tests/dat/r4x16/q8.1
longphase-1.3/htslib/htscodecs/tests/dat/r4x16/q8.128
longphase-1.3/htslib/htscodecs/tests/dat/r4x16/q8.129
longphase-1.3/htslib/htscodecs/tests/dat/r4x16/q8.192
longphase-1.3/htslib/htscodecs/tests/dat/r4x16/q8.193
longphase-1.3/htslib/htscodecs/tests/dat/r4x16/q8.4
longphase-1.3/htslib/htscodecs/tests/dat/r4x16/q8.5
longphase-1.3/htslib/htscodecs/tests/dat/r4x16/q8.64
longphase-1.3/htslib/htscodecs/tests/dat/r4x16/q8.65
longphase-1.3/htslib/htscodecs/tests/dat/r4x16/qvar.0
longphase-1.3/htslib/htscodecs/tests/dat/r4x16/qvar.1
longphase-1.3/htslib/htscodecs/tests/dat/r4x16/qvar.4
longphase-1.3/htslib/htscodecs/tests/dat/r4x16/qvar.5
longphase-1.3/htslib/htscodecs/tests/dat/r4x8/
longphase-1.3/htslib/htscodecs/tests/dat/r4x8/q4.0
longphase-1.3/htslib/htscodecs/tests/dat/r4x8/q4.1
longphase-1.3/htslib/htscodecs/tests/dat/r4x8/q40+dir.0
longphase-1.3/htslib/htscodecs/tests/dat/r4x8/q40+dir.1
longphase-1.3/htslib/htscodecs/tests/dat/r4x8/q8.0
longphase-1.3/htslib/htscodecs/tests/dat/r4x8/q8.1
longphase-1.3/htslib/htscodecs/tests/dat/r4x8/qvar.0
longphase-1.3/htslib/htscodecs/tests/dat/r4x8/qvar.1
longphase-1.3/htslib/htscodecs/tests/entropy.c
longphase-1.3/htslib/htscodecs/tests/entropy.test
longphase-1.3/htslib/htscodecs/tests/fqzcomp.test
longphase-1.3/htslib/htscodecs/tests/fqzcomp_qual_fuzz.c
longphase-1.3/htslib/htscodecs/tests/fqzcomp_qual_test.c
longphase-1.3/htslib/htscodecs/tests/names/
longphase-1.3/htslib/htscodecs/tests/names/01.names
longphase-1.3/htslib/htscodecs/tests/names/02.names
longphase-1.3/htslib/htscodecs/tests/names/03.names
longphase-1.3/htslib/htscodecs/tests/names/05.names
longphase-1.3/htslib/htscodecs/tests/names/08.names
longphase-1.3/htslib/htscodecs/tests/names/09.names
longphase-1.3/htslib/htscodecs/tests/names/10.names
longphase-1.3/htslib/htscodecs/tests/names/20.names
longphase-1.3/htslib/htscodecs/tests/names/nv.names
longphase-1.3/htslib/htscodecs/tests/names/nv2.names
longphase-1.3/htslib/htscodecs/tests/names/rr.names
longphase-1.3/htslib/htscodecs/tests/names/tok3/
longphase-1.3/htslib/htscodecs/tests/names/tok3/01.names.1
longphase-1.3/htslib/htscodecs/tests/names/tok3/01.names.11
longphase-1.3/htslib/htscodecs/tests/names/tok3/01.names.13
longphase-1.3/htslib/htscodecs/tests/names/tok3/01.names.15
longphase-1.3/htslib/htscodecs/tests/names/tok3/01.names.17
longphase-1.3/htslib/htscodecs/tests/names/tok3/01.names.19
longphase-1.3/htslib/htscodecs/tests/names/tok3/01.names.3
longphase-1.3/htslib/htscodecs/tests/names/tok3/01.names.5
longphase-1.3/htslib/htscodecs/tests/names/tok3/01.names.7
longphase-1.3/htslib/htscodecs/tests/names/tok3/01.names.9
longphase-1.3/htslib/htscodecs/tests/names/tok3/02.names.1
longphase-1.3/htslib/htscodecs/tests/names/tok3/02.names.11
longphase-1.3/htslib/htscodecs/tests/names/tok3/02.names.13
longphase-1.3/htslib/htscodecs/tests/names/tok3/02.names.15
longphase-1.3/htslib/htscodecs/tests/names/tok3/02.names.17
longphase-1.3/htslib/htscodecs/tests/names/tok3/02.names.19
longphase-1.3/htslib/htscodecs/tests/names/tok3/02.names.3
longphase-1.3/htslib/htscodecs/tests/names/tok3/02.names.5
longphase-1.3/htslib/htscodecs/tests/names/tok3/02.names.7
longphase-1.3/htslib/htscodecs/tests/names/tok3/02.names.9
longphase-1.3/htslib/htscodecs/tests/names/tok3/03.names.1
longphase-1.3/htslib/htscodecs/tests/names/tok3/03.names.11
longphase-1.3/htslib/htscodecs/tests/names/tok3/03.names.13
longphase-1.3/htslib/htscodecs/tests/names/tok3/03.names.15
longphase-1.3/htslib/htscodecs/tests/names/tok3/03.names.17
longphase-1.3/htslib/htscodecs/tests/names/tok3/03.names.19
longphase-1.3/htslib/htscodecs/tests/names/tok3/03.names.3
longphase-1.3/htslib/htscodecs/tests/names/tok3/03.names.5
longphase-1.3/htslib/htscodecs/tests/names/tok3/03.names.7
longphase-1.3/htslib/htscodecs/tests/names/tok3/03.names.9
longphase-1.3/htslib/htscodecs/tests/names/tok3/05.names.1
longphase-1.3/htslib/htscodecs/tests/names/tok3/05.names.11
longphase-1.3/htslib/htscodecs/tests/names/tok3/05.names.13
longphase-1.3/htslib/htscodecs/tests/names/tok3/05.names.15
longphase-1.3/htslib/htscodecs/tests/names/tok3/05.names.17
longphase-1.3/htslib/htscodecs/tests/names/tok3/05.names.19
longphase-1.3/htslib/htscodecs/tests/names/tok3/05.names.3
longphase-1.3/htslib/htscodecs/tests/names/tok3/05.names.5
longphase-1.3/htslib/htscodecs/tests/names/tok3/05.names.7
longphase-1.3/htslib/htscodecs/tests/names/tok3/05.names.9
longphase-1.3/htslib/htscodecs/tests/names/tok3/08.names.1
longphase-1.3/htslib/htscodecs/tests/names/tok3/08.names.11
longphase-1.3/htslib/htscodecs/tests/names/tok3/08.names.13
longphase-1.3/htslib/htscodecs/tests/names/tok3/08.names.15
longphase-1.3/htslib/htscodecs/tests/names/tok3/08.names.17
longphase-1.3/htslib/htscodecs/tests/names/tok3/08.names.19
longphase-1.3/htslib/htscodecs/tests/names/tok3/08.names.3
longphase-1.3/htslib/htscodecs/tests/names/tok3/08.names.5
longphase-1.3/htslib/htscodecs/tests/names/tok3/08.names.7
longphase-1.3/htslib/htscodecs/tests/names/tok3/08.names.9
longphase-1.3/htslib/htscodecs/tests/names/tok3/09.names.1
longphase-1.3/htslib/htscodecs/tests/names/tok3/09.names.11
longphase-1.3/htslib/htscodecs/tests/names/tok3/09.names.13
longphase-1.3/htslib/htscodecs/tests/names/tok3/09.names.15
longphase-1.3/htslib/htscodecs/tests/names/tok3/09.names.17
longphase-1.3/htslib/htscodecs/tests/names/tok3/09.names.19
longphase-1.3/htslib/htscodecs/tests/names/tok3/09.names.3
longphase-1.3/htslib/htscodecs/tests/names/tok3/09.names.5
longphase-1.3/htslib/htscodecs/tests/names/tok3/09.names.7
longphase-1.3/htslib/htscodecs/tests/names/tok3/09.names.9
longphase-1.3/htslib/htscodecs/tests/names/tok3/10.names.1
longphase-1.3/htslib/htscodecs/tests/names/tok3/10.names.11
longphase-1.3/htslib/htscodecs/tests/names/tok3/10.names.13
longphase-1.3/htslib/htscodecs/tests/names/tok3/10.names.15
longphase-1.3/htslib/htscodecs/tests/names/tok3/10.names.17
longphase-1.3/htslib/htscodecs/tests/names/tok3/10.names.19
longphase-1.3/htslib/htscodecs/tests/names/tok3/10.names.3
longphase-1.3/htslib/htscodecs/tests/names/tok3/10.names.5
longphase-1.3/htslib/htscodecs/tests/names/tok3/10.names.7
longphase-1.3/htslib/htscodecs/tests/names/tok3/10.names.9
longphase-1.3/htslib/htscodecs/tests/names/tok3/20.names.1
longphase-1.3/htslib/htscodecs/tests/names/tok3/20.names.11
longphase-1.3/htslib/htscodecs/tests/names/tok3/20.names.13
longphase-1.3/htslib/htscodecs/tests/names/tok3/20.names.15
longphase-1.3/htslib/htscodecs/tests/names/tok3/20.names.17
longphase-1.3/htslib/htscodecs/tests/names/tok3/20.names.19
longphase-1.3/htslib/htscodecs/tests/names/tok3/20.names.3
longphase-1.3/htslib/htscodecs/tests/names/tok3/20.names.5
longphase-1.3/htslib/htscodecs/tests/names/tok3/20.names.7
longphase-1.3/htslib/htscodecs/tests/names/tok3/20.names.9
longphase-1.3/htslib/htscodecs/tests/names/tok3/nv.names.1
longphase-1.3/htslib/htscodecs/tests/names/tok3/nv.names.11
longphase-1.3/htslib/htscodecs/tests/names/tok3/nv.names.13
longphase-1.3/htslib/htscodecs/tests/names/tok3/nv.names.15
longphase-1.3/htslib/htscodecs/tests/names/tok3/nv.names.17
longphase-1.3/htslib/htscodecs/tests/names/tok3/nv.names.19
longphase-1.3/htslib/htscodecs/tests/names/tok3/nv.names.3
longphase-1.3/htslib/htscodecs/tests/names/tok3/nv.names.5
longphase-1.3/htslib/htscodecs/tests/names/tok3/nv.names.7
longphase-1.3/htslib/htscodecs/tests/names/tok3/nv.names.9
longphase-1.3/htslib/htscodecs/tests/names/tok3/nv2.names.1
longphase-1.3/htslib/htscodecs/tests/names/tok3/nv2.names.11
longphase-1.3/htslib/htscodecs/tests/names/tok3/nv2.names.13
longphase-1.3/htslib/htscodecs/tests/names/tok3/nv2.names.15
longphase-1.3/htslib/htscodecs/tests/names/tok3/nv2.names.17
longphase-1.3/htslib/htscodecs/tests/names/tok3/nv2.names.19
longphase-1.3/htslib/htscodecs/tests/names/tok3/nv2.names.3
longphase-1.3/htslib/htscodecs/tests/names/tok3/nv2.names.5
longphase-1.3/htslib/htscodecs/tests/names/tok3/nv2.names.7
longphase-1.3/htslib/htscodecs/tests/names/tok3/nv2.names.9
longphase-1.3/htslib/htscodecs/tests/names/tok3/rr.names.1
longphase-1.3/htslib/htscodecs/tests/names/tok3/rr.names.11
longphase-1.3/htslib/htscodecs/tests/names/tok3/rr.names.13
longphase-1.3/htslib/htscodecs/tests/names/tok3/rr.names.15
longphase-1.3/htslib/htscodecs/tests/names/tok3/rr.names.17
longphase-1.3/htslib/htscodecs/tests/names/tok3/rr.names.19
longphase-1.3/htslib/htscodecs/tests/names/tok3/rr.names.3
longphase-1.3/htslib/htscodecs/tests/names/tok3/rr.names.5
longphase-1.3/htslib/htscodecs/tests/names/tok3/rr.names.7
longphase-1.3/htslib/htscodecs/tests/names/tok3/rr.names.9
longphase-1.3/htslib/htscodecs/tests/rANS_static4x16pr_fuzz.c
longphase-1.3/htslib/htscodecs/tests/rANS_static4x16pr_test.c
longphase-1.3/htslib/htscodecs/tests/rANS_static_fuzz.c
longphase-1.3/htslib/htscodecs/tests/rANS_static_test.c
longphase-1.3/htslib/htscodecs/tests/rans4x16.test
longphase-1.3/htslib/htscodecs/tests/rans4x8.test
longphase-1.3/htslib/htscodecs/tests/tok3.test
longphase-1.3/htslib/htscodecs/tests/tokenise_name3_fuzz.c
longphase-1.3/htslib/htscodecs/tests/tokenise_name3_test.c
longphase-1.3/htslib/htscodecs/tests/varint_test.c
longphase-1.3/htslib/htscodecs_bundled.mk
longphase-1.3/htslib/htscodecs_external.mk
longphase-1.3/htslib/htsfile.1
longphase-1.3/htslib/htsfile.c
longphase-1.3/htslib/htslib-s3-plugin.7
longphase-1.3/htslib/htslib.mk
longphase-1.3/htslib/htslib.pc.in
longphase-1.3/htslib/htslib.pc.tmp
longphase-1.3/htslib/htslib/
longphase-1.3/htslib/htslib/bgzf.h
longphase-1.3/htslib/htslib/cram.h
longphase-1.3/htslib/htslib/faidx.h
longphase-1.3/htslib/htslib/hfile.h
longphase-1.3/htslib/htslib/hts.h
longphase-1.3/htslib/htslib/hts_defs.h
longphase-1.3/htslib/htslib/hts_endian.h
longphase-1.3/htslib/htslib/hts_expr.h
longphase-1.3/htslib/htslib/hts_log.h
longphase-1.3/htslib/htslib/hts_os.h
longphase-1.3/htslib/htslib/kbitset.h
longphase-1.3/htslib/htslib/kfunc.h
longphase-1.3/htslib/htslib/khash.h
longphase-1.3/htslib/htslib/khash_str2int.h
longphase-1.3/htslib/htslib/klist.h
longphase-1.3/htslib/htslib/knetfile.h
longphase-1.3/htslib/htslib/kroundup.h
longphase-1.3/htslib/htslib/kseq.h
longphase-1.3/htslib/htslib/ksort.h
longphase-1.3/htslib/htslib/kstring.h
longphase-1.3/htslib/htslib/regidx.h
longphase-1.3/htslib/htslib/sam.h
longphase-1.3/htslib/htslib/synced_bcf_reader.h
longphase-1.3/htslib/htslib/tbx.h
longphase-1.3/htslib/htslib/thread_pool.h
longphase-1.3/htslib/htslib/vcf.h
longphase-1.3/htslib/htslib/vcf_sweep.h
longphase-1.3/htslib/htslib/vcfutils.h
longphase-1.3/htslib/htslib_vars.mk
longphase-1.3/htslib/kfunc.c
longphase-1.3/htslib/kstring.c
longphase-1.3/htslib/m4/
longphase-1.3/htslib/m4/ax_check_compile_flag.m4
longphase-1.3/htslib/m4/hts_hide_dynamic_syms.m4
longphase-1.3/htslib/m4/hts_prog_cc_warnings.m4
longphase-1.3/htslib/m4/pkg.m4
longphase-1.3/htslib/md5.c
longphase-1.3/htslib/multipart.c
longphase-1.3/htslib/os/
longphase-1.3/htslib/os/lzma_stub.h
longphase-1.3/htslib/os/rand.c
longphase-1.3/htslib/plugin.c
longphase-1.3/htslib/probaln.c
longphase-1.3/htslib/realn.c
longphase-1.3/htslib/regidx.c
longphase-1.3/htslib/region.c
longphase-1.3/htslib/sam.5
longphase-1.3/htslib/sam.c
longphase-1.3/htslib/sam_internal.h
longphase-1.3/htslib/synced_bcf_reader.c
longphase-1.3/htslib/tabix.1
longphase-1.3/htslib/tabix.c
longphase-1.3/htslib/tbx.c
longphase-1.3/htslib/test/
longphase-1.3/htslib/test/auxf#values.sam
longphase-1.3/htslib/test/auxf#values_java.cram
longphase-1.3/htslib/test/auxf.fa
longphase-1.3/htslib/test/auxf.fa.fai
longphase-1.3/htslib/test/base_mods/
longphase-1.3/htslib/test/base_mods/MM-chebi.out
longphase-1.3/htslib/test/base_mods/MM-chebi.sam
longphase-1.3/htslib/test/base_mods/MM-double.out
longphase-1.3/htslib/test/base_mods/MM-double.sam
longphase-1.3/htslib/test/base_mods/MM-explicit-x.out
longphase-1.3/htslib/test/base_mods/MM-explicit.out
longphase-1.3/htslib/test/base_mods/MM-explicit.sam
longphase-1.3/htslib/test/base_mods/MM-multi.out
longphase-1.3/htslib/test/base_mods/MM-multi.sam
longphase-1.3/htslib/test/base_mods/MM-orient.sam
longphase-1.3/htslib/test/base_mods/MM-pileup.out
longphase-1.3/htslib/test/base_mods/MM-pileup.sam
longphase-1.3/htslib/test/base_mods/MM-pileup2.out
longphase-1.3/htslib/test/base_mods/MM-pileup2.sam
longphase-1.3/htslib/test/base_mods/base-mods.sh
longphase-1.3/htslib/test/base_mods/base-mods.tst
longphase-1.3/htslib/test/bcf-sr/
longphase-1.3/htslib/test/bcf-sr/merge.noidx.a.vcf
longphase-1.3/htslib/test/bcf-sr/merge.noidx.abc.expected.out
longphase-1.3/htslib/test/bcf-sr/merge.noidx.b.vcf
longphase-1.3/htslib/test/bcf-sr/merge.noidx.c.vcf
longphase-1.3/htslib/test/bcf-sr/merge.noidx.hdr_order.vcf
longphase-1.3/htslib/test/bcf-sr/merge.noidx.rec_order.vcf
longphase-1.3/htslib/test/bgziptest.txt
longphase-1.3/htslib/test/bgziptest.txt.gz
longphase-1.3/htslib/test/bgziptest.txt.gz.gzi
longphase-1.3/htslib/test/c1#bounds.sam
longphase-1.3/htslib/test/c1#clip.sam
longphase-1.3/htslib/test/c1#noseq.sam
longphase-1.3/htslib/test/c1#pad1.sam
longphase-1.3/htslib/test/c1#pad2.sam
longphase-1.3/htslib/test/c1#pad3.sam
longphase-1.3/htslib/test/c1#unknown.sam
longphase-1.3/htslib/test/c1.fa
longphase-1.3/htslib/test/c1.fa.fai
longphase-1.3/htslib/test/c2#pad.sam
longphase-1.3/htslib/test/c2.fa
longphase-1.3/htslib/test/c2.fa.fai
longphase-1.3/htslib/test/ce#1.sam
longphase-1.3/htslib/test/ce#1000.sam
longphase-1.3/htslib/test/ce#2.sam
longphase-1.3/htslib/test/ce#5.sam
longphase-1.3/htslib/test/ce#5b.sam
longphase-1.3/htslib/test/ce#5b_java.cram
longphase-1.3/htslib/test/ce#large_seq.sam
longphase-1.3/htslib/test/ce#supp.sam
longphase-1.3/htslib/test/ce#tag_depadded.sam
longphase-1.3/htslib/test/ce#tag_padded.sam
longphase-1.3/htslib/test/ce#unmap.sam
longphase-1.3/htslib/test/ce#unmap1.sam
longphase-1.3/htslib/test/ce#unmap2.sam
longphase-1.3/htslib/test/ce.fa
longphase-1.3/htslib/test/ce.fa.fai
longphase-1.3/htslib/test/colons.bam
longphase-1.3/htslib/test/colons.bam.bai
longphase-1.3/htslib/test/compare_sam.pl
longphase-1.3/htslib/test/cross_validate.sh
longphase-1.3/htslib/test/emptyfile
longphase-1.3/htslib/test/faidx.fa
longphase-1.3/htslib/test/fastq/
longphase-1.3/htslib/test/fastq/fastq.tst
longphase-1.3/htslib/test/fastq/filter_casava-q.sam
longphase-1.3/htslib/test/fastq/filter_casava.fa
longphase-1.3/htslib/test/fastq/filter_casava.fq
longphase-1.3/htslib/test/fastq/filter_casava.sam
longphase-1.3/htslib/test/fastq/inter_aux-q.sam
longphase-1.3/htslib/test/fastq/inter_aux.sam
longphase-1.3/htslib/test/fastq/inter_casava-q.sam
longphase-1.3/htslib/test/fastq/inter_casava.sam
longphase-1.3/htslib/test/fastq/inter_casavaOX-q.sam
longphase-1.3/htslib/test/fastq/inter_casavaOX.sam
longphase-1.3/htslib/test/fastq/inter_noaux-q.sam
longphase-1.3/htslib/test/fastq/inter_noaux.sam
longphase-1.3/htslib/test/fastq/interleaved.fa
longphase-1.3/htslib/test/fastq/interleaved.fq
longphase-1.3/htslib/test/fastq/interleaved_casava.fa
longphase-1.3/htslib/test/fastq/interleaved_casava.fq
longphase-1.3/htslib/test/fastq/longline.fq
longphase-1.3/htslib/test/fastq/longline.sam
longphase-1.3/htslib/test/fastq/minimal-q.sam
longphase-1.3/htslib/test/fastq/minimal.fa
longphase-1.3/htslib/test/fastq/minimal.fq
longphase-1.3/htslib/test/fastq/minimal.sam
longphase-1.3/htslib/test/fastq/multiline-q.sam
longphase-1.3/htslib/test/fastq/multiline.fa
longphase-1.3/htslib/test/fastq/multiline.fq
longphase-1.3/htslib/test/fastq/multiline.sam
longphase-1.3/htslib/test/fastq/name2-q.sam
longphase-1.3/htslib/test/fastq/name2.fa
longphase-1.3/htslib/test/fastq/name2.fq
longphase-1.3/htslib/test/fastq/name2.sam
longphase-1.3/htslib/test/fastq/r1-q.sam
longphase-1.3/htslib/test/fastq/r1.fa
longphase-1.3/htslib/test/fastq/r1.fq
longphase-1.3/htslib/test/fastq/r1.sam
longphase-1.3/htslib/test/fastq/r2-q.sam
longphase-1.3/htslib/test/fastq/r2.fa
longphase-1.3/htslib/test/fastq/r2.fq
longphase-1.3/htslib/test/fastq/r2.sam
longphase-1.3/htslib/test/fastq/single.fa
longphase-1.3/htslib/test/fastq/single.fq
longphase-1.3/htslib/test/fastq/single_aux-q.sam
longphase-1.3/htslib/test/fastq/single_aux.sam
longphase-1.3/htslib/test/fastq/single_noaux-q.sam
longphase-1.3/htslib/test/fastq/single_noaux.sam
longphase-1.3/htslib/test/fastq/test-fastq.sh
longphase-1.3/htslib/test/fastqs.fq
longphase-1.3/htslib/test/fastqs_README.txt
longphase-1.3/htslib/test/fieldarith.c
longphase-1.3/htslib/test/fieldarith.sam
longphase-1.3/htslib/test/formatcols.vcf
longphase-1.3/htslib/test/formatmissing-out.vcf
longphase-1.3/htslib/test/formatmissing.vcf
longphase-1.3/htslib/test/fuzz/
longphase-1.3/htslib/test/fuzz/hts_open_fuzzer.c
longphase-1.3/htslib/test/header_syms.pl
longphase-1.3/htslib/test/hfile.c
longphase-1.3/htslib/test/hts_endian.c
longphase-1.3/htslib/test/index.bam.bai
longphase-1.3/htslib/test/index.bam.csi
longphase-1.3/htslib/test/index.bcf.csi
longphase-1.3/htslib/test/index.cram.crai
longphase-1.3/htslib/test/index.sam
longphase-1.3/htslib/test/index.sam.gz.bai
longphase-1.3/htslib/test/index.sam.gz.csi
longphase-1.3/htslib/test/index.vcf
longphase-1.3/htslib/test/index.vcf.gz.csi
longphase-1.3/htslib/test/index.vcf.gz.tbi
longphase-1.3/htslib/test/index2.sam
longphase-1.3/htslib/test/index_dos.sam
longphase-1.3/htslib/test/longrefs/
longphase-1.3/htslib/test/longrefs/index.expected1.vcf
longphase-1.3/htslib/test/longrefs/index.expected2.vcf
longphase-1.3/htslib/test/longrefs/index.vcf
longphase-1.3/htslib/test/longrefs/longref.sam
longphase-1.3/htslib/test/longrefs/longref_itr.expected.sam
longphase-1.3/htslib/test/longrefs/longref_multi.expected.sam
longphase-1.3/htslib/test/maintainer/
longphase-1.3/htslib/test/maintainer/check_copyright.pl
longphase-1.3/htslib/test/maintainer/check_spaces.pl
longphase-1.3/htslib/test/md#1.sam
longphase-1.3/htslib/test/md.fa
longphase-1.3/htslib/test/md.fa.fai
longphase-1.3/htslib/test/mpileup/
longphase-1.3/htslib/test/mpileup/c1#pad1.out
longphase-1.3/htslib/test/mpileup/c1#pad1.sam
longphase-1.3/htslib/test/mpileup/c1#pad2.out
longphase-1.3/htslib/test/mpileup/c1#pad2.sam
longphase-1.3/htslib/test/mpileup/c1#pad3.out
longphase-1.3/htslib/test/mpileup/c1#pad3.sam
longphase-1.3/htslib/test/mpileup/mp_D.out
longphase-1.3/htslib/test/mpileup/mp_D.sam
longphase-1.3/htslib/test/mpileup/mp_DI.out
longphase-1.3/htslib/test/mpileup/mp_DI.sam
longphase-1.3/htslib/test/mpileup/mp_I.out
longphase-1.3/htslib/test/mpileup/mp_I.sam
longphase-1.3/htslib/test/mpileup/mp_ID.out
longphase-1.3/htslib/test/mpileup/mp_ID.sam
longphase-1.3/htslib/test/mpileup/mp_N.out
longphase-1.3/htslib/test/mpileup/mp_N.sam
longphase-1.3/htslib/test/mpileup/mp_N2.out
longphase-1.3/htslib/test/mpileup/mp_N2.sam
longphase-1.3/htslib/test/mpileup/mp_P.out
longphase-1.3/htslib/test/mpileup/mp_P.sam
longphase-1.3/htslib/test/mpileup/mpileup.tst
longphase-1.3/htslib/test/mpileup/small.bam
longphase-1.3/htslib/test/mpileup/small.out
longphase-1.3/htslib/test/mpileup/test-pileup.sh
longphase-1.3/htslib/test/no_hdr_sq_1.bam
longphase-1.3/htslib/test/no_hdr_sq_1.bam.csi
longphase-1.3/htslib/test/no_hdr_sq_1.expected.sam
longphase-1.3/htslib/test/noroundtrip-out.vcf
longphase-1.3/htslib/test/noroundtrip.vcf
longphase-1.3/htslib/test/pileup.c
longphase-1.3/htslib/test/pileup_mod.c
longphase-1.3/htslib/test/plugins-dlhts.c
longphase-1.3/htslib/test/range.bam
longphase-1.3/htslib/test/range.bam.bai
longphase-1.3/htslib/test/range.cram
longphase-1.3/htslib/test/range.cram.crai
longphase-1.3/htslib/test/range.out
longphase-1.3/htslib/test/realn01.fa
longphase-1.3/htslib/test/realn01.fa.fai
longphase-1.3/htslib/test/realn01.sam
longphase-1.3/htslib/test/realn01_exp-a.sam
longphase-1.3/htslib/test/realn01_exp-e.sam
longphase-1.3/htslib/test/realn01_exp.sam
longphase-1.3/htslib/test/realn02-r.sam
longphase-1.3/htslib/test/realn02.fa
longphase-1.3/htslib/test/realn02.fa.fai
longphase-1.3/htslib/test/realn02.sam
longphase-1.3/htslib/test/realn02_exp-a.sam
longphase-1.3/htslib/test/realn02_exp-e.sam
longphase-1.3/htslib/test/realn02_exp.sam
longphase-1.3/htslib/test/sam.c
longphase-1.3/htslib/test/sam_filter/
longphase-1.3/htslib/test/sam_filter/filter.sh
longphase-1.3/htslib/test/sam_filter/filter.tst
longphase-1.3/htslib/test/sam_filter/func1.out
longphase-1.3/htslib/test/sam_filter/func2.out
longphase-1.3/htslib/test/sam_filter/func3.out
longphase-1.3/htslib/test/sam_filter/func4.out
longphase-1.3/htslib/test/sam_filter/func5.out
longphase-1.3/htslib/test/sam_filter/func6.out
longphase-1.3/htslib/test/sam_filter/func7.out
longphase-1.3/htslib/test/sam_filter/int1.out
longphase-1.3/htslib/test/sam_filter/int2.out
longphase-1.3/htslib/test/sam_filter/int3.out
longphase-1.3/htslib/test/sam_filter/string1.out
longphase-1.3/htslib/test/sam_filter/string2.out
longphase-1.3/htslib/test/sam_filter/string3.out
longphase-1.3/htslib/test/sam_filter/string4.out
longphase-1.3/htslib/test/sam_filter/string5.out
longphase-1.3/htslib/test/sam_filter/string6.out
longphase-1.3/htslib/test/sam_filter/string7.out
longphase-1.3/htslib/test/simple_test_driver.sh
longphase-1.3/htslib/test/tabix.out
longphase-1.3/htslib/test/tabix/
longphase-1.3/htslib/test/tabix/bed_file.Y.100200.out
longphase-1.3/htslib/test/tabix/bed_file.bed
longphase-1.3/htslib/test/tabix/bed_file.separate.out
longphase-1.3/htslib/test/tabix/gff_file.X.2934832.2935190.out
longphase-1.3/htslib/test/tabix/gff_file.gff
longphase-1.3/htslib/test/tabix/large_chr.20.1.2147483647.out
longphase-1.3/htslib/test/tabix/large_chr.vcf
longphase-1.3/htslib/test/tabix/tabix.tst
longphase-1.3/htslib/test/tabix/test-tabix.sh
longphase-1.3/htslib/test/tabix/vcf_file.1.3000151.out
longphase-1.3/htslib/test/tabix/vcf_file.2.3199812.out
longphase-1.3/htslib/test/tabix/vcf_file.bcf
longphase-1.3/htslib/test/tabix/vcf_file.vcf
longphase-1.3/htslib/test/test-bcf-sr.c
longphase-1.3/htslib/test/test-bcf-sr.pl
longphase-1.3/htslib/test/test-bcf-translate.c
longphase-1.3/htslib/test/test-bcf-translate.out
longphase-1.3/htslib/test/test-bcf_set_variant_type.c
longphase-1.3/htslib/test/test-logging.pl
longphase-1.3/htslib/test/test-parse-reg.c
longphase-1.3/htslib/test/test-regidx.c
longphase-1.3/htslib/test/test-vcf-api.c
longphase-1.3/htslib/test/test-vcf-api.out
longphase-1.3/htslib/test/test-vcf-hdr-in.vcf
longphase-1.3/htslib/test/test-vcf-hdr.out
longphase-1.3/htslib/test/test-vcf-sweep.c
longphase-1.3/htslib/test/test-vcf-sweep.out
longphase-1.3/htslib/test/test.pl
longphase-1.3/htslib/test/test_bgzf.c
longphase-1.3/htslib/test/test_expr.c
longphase-1.3/htslib/test/test_index.c
longphase-1.3/htslib/test/test_introspection.c
longphase-1.3/htslib/test/test_kfunc.c
longphase-1.3/htslib/test/test_kstring.c
longphase-1.3/htslib/test/test_mod.c
longphase-1.3/htslib/test/test_realn.c
longphase-1.3/htslib/test/test_str2int.c
longphase-1.3/htslib/test/test_time_funcs.c
longphase-1.3/htslib/test/test_view.c
longphase-1.3/htslib/test/thrash_threads1.c
longphase-1.3/htslib/test/thrash_threads2.c
longphase-1.3/htslib/test/thrash_threads3.c
longphase-1.3/htslib/test/thrash_threads4.c
longphase-1.3/htslib/test/thrash_threads5.c
longphase-1.3/htslib/test/thrash_threads6.c
longphase-1.3/htslib/test/thrash_threads7.c
longphase-1.3/htslib/test/thread_pool.md
longphase-1.3/htslib/test/vcf_meta_meta.vcf
longphase-1.3/htslib/test/with-shlib.sh
longphase-1.3/htslib/test/xx#MD.sam
longphase-1.3/htslib/test/xx#MD2.sam
longphase-1.3/htslib/test/xx#blank.sam
longphase-1.3/htslib/test/xx#large_aux.sam
longphase-1.3/htslib/test/xx#large_aux2.sam
longphase-1.3/htslib/test/xx#large_aux_java.cram
longphase-1.3/htslib/test/xx#minimal.sam
longphase-1.3/htslib/test/xx#pair.sam
longphase-1.3/htslib/test/xx#repeated.sam
longphase-1.3/htslib/test/xx#rg.sam
longphase-1.3/htslib/test/xx#tlen.sam
longphase-1.3/htslib/test/xx#tlen2.sam
longphase-1.3/htslib/test/xx#triplet.sam
longphase-1.3/htslib/test/xx#unsorted.sam
longphase-1.3/htslib/test/xx.fa
longphase-1.3/htslib/test/xx.fa.fai
longphase-1.3/htslib/textutils.c
longphase-1.3/htslib/textutils_internal.h
longphase-1.3/htslib/thread_pool.c
longphase-1.3/htslib/thread_pool_internal.h
longphase-1.3/htslib/vcf.5
longphase-1.3/htslib/vcf.c
longphase-1.3/htslib/vcf_sweep.c
longphase-1.3/htslib/vcfutils.c
longphase-1.3/htslib/version.sh
longphase-1.3/install-sh
longphase-1.3/m4/
longphase-1.3/m4/ax_with_htslib.m4
longphase-1.3/m4/hts_prog_cc_warnings.m4
longphase-1.3/m4/hts_with_curses.m4
longphase-1.3/main.cpp
\x1b[1;33mMaking longphase\x1b[0m
cd longphase-1.3; autoreconf -i; CPPFLAGS="-std=c++11 -Wall -O3 -I /include -L /lib -Wl,-rpath=/lib" ./configure; make CC=gcc CXX=g++ CPPFLAGS="-std=c++11 -Wall -O3 -I /include -L /lib -Wl,-rpath=/lib"
[WARNING] Conda prefix not found, please activate clair3 conda environment first!
generating ./libclair3.c
the current directory is '/tmp/vsc43810/easybuild/build/Clair3/1.0.4/foss-2022a/Clair3-1.0.4'
running build_ext
building 'libclair3' extension
creating tmp
creating tmp/vsc43810
creating tmp/vsc43810/easybuild
creating tmp/vsc43810/easybuild/build
creating tmp/vsc43810/easybuild/build/Clair3
creating tmp/vsc43810/easybuild/build/Clair3/1.0.4
creating tmp/vsc43810/easybuild/build/Clair3/1.0.4/foss-2022a
creating tmp/vsc43810/easybuild/build/Clair3/1.0.4/foss-2022a/Clair3-1.0.4
creating tmp/vsc43810/easybuild/build/Clair3/1.0.4/foss-2022a/Clair3-1.0.4/src
gcc -Wno-unused-result -Wsign-compare -DNDEBUG -g -fwrapv -O3 -Wall -O2 -ftree-vectorize -march=native -fno-math-errno -fPIC -O2 -ftree-vectorize -march=native -fno-math-errno -fPIC -fpic -std=c99 -O3 -I /include -L /lib -std=c++11 -Wall -O3 -I /include -L /lib -Wl,-rpath=/lib -fPIC -I/tmp/vsc43810/easybuild/build/Clair3/1.0.4/foss-2022a/Clair3-1.0.4/src -I/tmp/vsc43810/easybuild/build/Clair3/1.0.4/foss-2022a/Clair3-1.0.4/samtools-1.15.1/htslib-1.15.1 -I/apps/gent/RHEL8/cascadelake-ib/software/Python/3.10.4-GCCcore-11.3.0/include/python3.10 -c /tmp/vsc43810/easybuild/build/Clair3/1.0.4/foss-2022a/Clair3-1.0.4/src/clair3_full_alignment.c -o ./tmp/vsc43810/easybuild/build/Clair3/1.0.4/foss-2022a/Clair3-1.0.4/src/clair3_full_alignment.o -std=c99 -O3 -mtune=haswell
m4/ax_with_htslib.m4:17: warning: _AC_CONFIG_SUBDIRS: you should use literals
./lib/autoconf/status.m4:1096: AC_CONFIG_SUBDIRS is expanded from...
m4/ax_with_htslib.m4:17: the top level
cc1: warning: command-line option -std=c++11 is valid for C++/ObjC++ but not for C
/tmp/vsc43810/easybuild/build/Clair3/1.0.4/foss-2022a/Clair3-1.0.4/src/clair3_full_alignment.c: In function realign_read:
/tmp/vsc43810/easybuild/build/Clair3/1.0.4/foss-2022a/Clair3-1.0.4/src/clair3_full_alignment.c:212:12: warning: unused variable middle_op [-Wunused-variable]
  212 |     size_t middle_op = bam_cigar_op(cigartuples[i]);
      |            ^~~~~~~~~
/tmp/vsc43810/easybuild/build/Clair3/1.0.4/foss-2022a/Clair3-1.0.4/src/clair3_full_alignment.c: In function haplotag_read:
/tmp/vsc43810/easybuild/build/Clair3/1.0.4/foss-2022a/Clair3-1.0.4/src/clair3_full_alignment.c:269:43: warning: comparison of integer expressions of different signedness: int and size_t {aka long unsigned int} [-Wsign-compare]
  269 |     while (j < n && variants[j]->position < ref_pos)
      |                                           ^
/tmp/vsc43810/easybuild/build/Clair3/1.0.4/foss-2022a/Clair3-1.0.4/src/clair3_full_alignment.c:261:14: warning: unused variable seqi [-Wunused-variable]
  261 |     uint8_t *seqi = read->seqi;
      |              ^~~~
/tmp/vsc43810/easybuild/build/Clair3/1.0.4/foss-2022a/Clair3-1.0.4/src/clair3_full_alignment.c: In function calculate_clair3_full_alignment:
/tmp/vsc43810/easybuild/build/Clair3/1.0.4/foss-2022a/Clair3-1.0.4/src/clair3_full_alignment.c:520:114: warning: comparison of integer expressions of different signedness: size_t {aka long unsigned int} and int32_t {aka int} [-Wsign-compare]
  520 |         while (candidate_current_index < flanking_candidates_num && flanking_candidates[candidate_current_index] < pos)
      |                                                                                                                  ^
/tmp/vsc43810/easybuild/build/Clair3/1.0.4/foss-2022a/Clair3-1.0.4/src/clair3_full_alignment.c:526:137: warning: passing argument 5 of get_overlap_candidate_num from incompatible pointer type [-Wincompatible-pointer-types]
  526 |         size_t overlap_candidates_num = get_overlap_candidate_num(pos, read.read_end, candidate_current_index, flanking_candidates_num, &flanking_candidates);
      |                                                                                                                                         ^~~~~~~~~~~~~~~~~~~~
      |                                                                                                                                         |
      |                                                                                                                                         size_t (*)[flanking_candidates_num] {aka long unsigned int (*)[flanking_candidates_num]}
/tmp/vsc43810/easybuild/build/Clair3/1.0.4/foss-2022a/Clair3-1.0.4/src/clair3_full_alignment.c:364:142: note: expected size_t * {aka long unsigned int *} but argument is of type size_t (*)[flanking_candidates_num] {aka long unsigned int (*)[flanking_candidates_num]}
  364 | size_t get_overlap_candidate_num(size_t read_start, size_t read_end, size_t candidate_current_index, size_t flanking_candidates_num, size_t *flanking_candidates)
      |                                                                                                                                      ~~~~~~~~^~~~~~~~~~~~~~~~~~~
/tmp/vsc43810/easybuild/build/Clair3/1.0.4/foss-2022a/Clair3-1.0.4/src/clair3_full_alignment.c:693:37: warning: passing argument 1 of sort_read_name_by_haplotype from incompatible pointer type [-Wincompatible-pointer-types]
  693 |         sort_read_name_by_haplotype(&read_hap_array, &matrix_read_index_array, matrix_depth, overlap_read_num);
      |                                     ^~~~~~~~~~~~~~~
      |                                     |
      |                                     HAP (*)[reads_num]
/tmp/vsc43810/easybuild/build/Clair3/1.0.4/foss-2022a/Clair3-1.0.4/src/clair3_full_alignment.c:61:39: note: expected HAP * but argument is of type HAP (*)[reads_num]
   61 | void sort_read_name_by_haplotype(HAP *read_hap_array, int *matrix_read_index_array, size_t matrix_depth, size_t n)
      |                                  ~~~~~^~~~~~~~~~~~~~
/tmp/vsc43810/easybuild/build/Clair3/1.0.4/foss-2022a/Clair3-1.0.4/src/clair3_full_alignment.c:693:54: warning: passing argument 2 of sort_read_name_by_haplotype from incompatible pointer type [-Wincompatible-pointer-types]
  693 |         sort_read_name_by_haplotype(&read_hap_array, &matrix_read_index_array, matrix_depth, overlap_read_num);
      |                                                      ^~~~~~~~~~~~~~~~~~~~~~~~
      |                                                      |
      |                                                      int (*)[matrix_depth]
/tmp/vsc43810/easybuild/build/Clair3/1.0.4/foss-2022a/Clair3-1.0.4/src/clair3_full_alignment.c:61:60: note: expected int * but argument is of type int (*)[matrix_depth]
   61 | void sort_read_name_by_haplotype(HAP *read_hap_array, int *matrix_read_index_array, size_t matrix_depth, size_t n)
      |                                                       ~~~~~^~~~~~~~~~~~~~~~~~~~~~~
/tmp/vsc43810/easybuild/build/Clair3/1.0.4/foss-2022a/Clair3-1.0.4/src/clair3_full_alignment.c:721:42: warning: comparison of integer expressions of different signedness: int32_t {aka int} and size_t {aka long unsigned int} [-Wsign-compare]
  721 |                 if (offset < 0 || offset >= read.overlap_candidates_num)
      |                                          ^~
/tmp/vsc43810/easybuild/build/Clair3/1.0.4/foss-2022a/Clair3-1.0.4/src/clair3_full_alignment.c:731:24: warning: unused variable alt_int [-Wunused-variable]
  731 |                 size_t alt_int = read.pos_info[offset].alt_base;
      |                        ^~~~~~~
/tmp/vsc43810/easybuild/build/Clair3/1.0.4/foss-2022a/Clair3-1.0.4/src/clair3_full_alignment.c:826:33: warning: format %i expects argument of type int, but argument 3 has type size_t {aka long unsigned int} [-Wformat=]
  826 |         sprintf(alt_info_str, "%i-%i-%c-", candidate + 1, candidate_depth, center_ref_base);
      |                                ~^          ~~~~~~~~~~~~~
      |                                 |                    |
      |                                 int                  size_t {aka long unsigned int}
      |                                %li
/tmp/vsc43810/easybuild/build/Clair3/1.0.4/foss-2022a/Clair3-1.0.4/src/clair3_full_alignment.c:826:36: warning: format %i expects argument of type int, but argument 4 has type size_t {aka long unsigned int} [-Wformat=]
  826 |         sprintf(alt_info_str, "%i-%i-%c-", candidate + 1, candidate_depth, center_ref_base);
      |                                   ~^                      ~~~~~~~~~~~~~~~
      |                                    |                      |
      |                                    int                    size_t {aka long unsigned int}
      |                                   %li
/tmp/vsc43810/easybuild/build/Clair3/1.0.4/foss-2022a/Clair3-1.0.4/src/clair3_full_alignment.c:829:19: warning: comparison of integer expressions of different signedness: size_t {aka long unsigned int} and int8_t {aka signed char} [-Wsign-compare]
  829 |             if (j != acgt2num[center_ref_base - 'A'] && pos_alt_info[i].acgt_count[j] > 0)
      |                   ^~
/tmp/vsc43810/easybuild/build/Clair3/1.0.4/foss-2022a/Clair3-1.0.4/src/clair3_full_alignment.c:830:68: warning: format %i expects argument of type int, but argument 4 has type size_t {aka long unsigned int} [-Wformat=]
  830 |                 sprintf(alt_info_str + strlen(alt_info_str), "X%c %i ", ACGT[j], pos_alt_info[i].acgt_count[j]);
      |                                                                   ~^             ~~~~~~~~~~~~~~~~~~~~~~~~~~~~~
      |                                                                    |                                       |
      |                                                                    int                                     size_t {aka long unsigned int}
      |                                                                   %li
In file included from /tmp/vsc43810/easybuild/build/Clair3/1.0.4/foss-2022a/Clair3-1.0.4/src/clair3_full_alignment.c:12:
/tmp/vsc43810/easybuild/build/Clair3/1.0.4/foss-2022a/Clair3-1.0.4/src/khash.h:507:22: warning: initialization discards const qualifier from pointer target type [-Wdiscarded-qualifiers]
  507 | #define kh_key(h, x) ((h)->keys[x])
      |                      ^
/tmp/vsc43810/easybuild/build/Clair3/1.0.4/foss-2022a/Clair3-1.0.4/src/clair3_full_alignment.c:836:29: note: in expansion of macro kh_key
  836 |                 char *key = kh_key(pos_alt_info[i].ins_counter, k);
      |                             ^~~~~~
/tmp/vsc43810/easybuild/build/Clair3/1.0.4/foss-2022a/Clair3-1.0.4/src/clair3_full_alignment.c:857:25: warning: comparison of integer expressions of different signedness: int and size_t {aka long unsigned int} [-Wsign-compare]
  857 |                 if (key <= max_indel_length)
      |                         ^~
In file included from /tmp/vsc43810/easybuild/build/Clair3/1.0.4/foss-2022a/Clair3-1.0.4/src/clair3_full_alignment.c:17:
At top level:
/tmp/vsc43810/easybuild/build/Clair3/1.0.4/foss-2022a/Clair3-1.0.4/src/clair3_full_alignment.h:17:20: warning: RN defined but not used [-Wunused-variable]
   17 | static const char *RN = "\0";
      |                    ^~
checking for ./htslib/htslib/sam.h... yes
checking for gawk... gawk
checking for gcc... gcc
checking whether the C compiler works... gcc -Wno-unused-result -Wsign-compare -DNDEBUG -g -fwrapv -O3 -Wall -O2 -ftree-vectorize -march=native -fno-math-errno -fPIC -O2 -ftree-vectorize -march=native -fno-math-errno -fPIC -fpic -std=c99 -O3 -I /include -L /lib -std=c++11 -Wall -O3 -I /include -L /lib -Wl,-rpath=/lib -fPIC -I/tmp/vsc43810/easybuild/build/Clair3/1.0.4/foss-2022a/Clair3-1.0.4/src -I/tmp/vsc43810/easybuild/build/Clair3/1.0.4/foss-2022a/Clair3-1.0.4/samtools-1.15.1/htslib-1.15.1 -I/apps/gent/RHEL8/cascadelake-ib/software/Python/3.10.4-GCCcore-11.3.0/include/python3.10 -c /tmp/vsc43810/easybuild/build/Clair3/1.0.4/foss-2022a/Clair3-1.0.4/src/clair3_pileup.c -o ./tmp/vsc43810/easybuild/build/Clair3/1.0.4/foss-2022a/Clair3-1.0.4/src/clair3_pileup.o -std=c99 -O3 -mtune=haswell
cc1: warning: command-line option -std=c++11 is valid for C++/ObjC++ but not for C
/tmp/vsc43810/easybuild/build/Clair3/1.0.4/foss-2022a/Clair3-1.0.4/src/clair3_pileup.c: In function calculate_clair3_pileup:
/tmp/vsc43810/easybuild/build/Clair3/1.0.4/foss-2022a/Clair3-1.0.4/src/clair3_pileup.c:225:25: warning: comparison of integer expressions of different signedness: size_t {aka long unsigned int} and int [-Wsign-compare]
  225 |         if (pre_pos + 1 != pos || pre_pos == 0)
      |                         ^~
/tmp/vsc43810/easybuild/build/Clair3/1.0.4/foss-2022a/Clair3-1.0.4/src/clair3_pileup.c:358:19: warning: comparison of integer expressions of different signedness: size_t {aka long unsigned int} and int [-Wsign-compare]
  358 |             if (i == ref_offset_forward) {
      |                   ^~
/tmp/vsc43810/easybuild/build/Clair3/1.0.4/foss-2022a/Clair3-1.0.4/src/clair3_pileup.c:399:40: warning: format %i expects argument of type int, but argument 4 has type size_t {aka long unsigned int} [-Wformat=]
  399 |             sprintf(alt_info_str, "%i-%i-%c-", pos+1, depth, ref_base);
      |                                       ~^              ~~~~~
      |                                        |              |
      |                                        int            size_t {aka long unsigned int}
      |                                       %li
/tmp/vsc43810/easybuild/build/Clair3/1.0.4/foss-2022a/Clair3-1.0.4/src/clair3_pileup.c:406:38: warning: comparison of integer expressions of different signedness: size_t {aka long unsigned int} and int [-Wsign-compare]
  406 |                 if (alt_sum > 0 && i != ref_offset_forward)
      |                                      ^~
/tmp/vsc43810/easybuild/build/Clair3/1.0.4/foss-2022a/Clair3-1.0.4/src/clair3_pileup.c:407:72: warning: format %i expects argument of type int, but argument 4 has type size_t {aka long unsigned int} [-Wformat=]
  407 |                     sprintf(alt_info_str + strlen(alt_info_str), "X%c %i ", plp_bases_clair3[i], alt_sum);
      |                                                                       ~^                         ~~~~~~~
      |                                                                        |                         |
      |                                                                        int                       size_t {aka long unsigned int}
      |                                                                       %li
/tmp/vsc43810/easybuild/build/Clair3/1.0.4/foss-2022a/Clair3-1.0.4/src/clair3_pileup.c:419:70: warning: field precision specifier .* expects argument of type int, but argument 3 has type size_t {aka long unsigned int} [-Wformat=]
  419 |                     sprintf(alt_info_str + strlen(alt_info_str), "D%.*s %i ", i+1,ref_seq+offset+1, d);
      |                                                                    ~~^~       ~~~
      |                                                                      |         |
      |                                                                      int       size_t {aka long unsigned int}
/tmp/vsc43810/easybuild/build/Clair3/1.0.4/foss-2022a/Clair3-1.0.4/src/clair3_pileup.c:419:74: warning: format %i expects argument of type int, but argument 5 has type size_t {aka long unsigned int} [-Wformat=]
  419 |                     sprintf(alt_info_str + strlen(alt_info_str), "D%.*s %i ", i+1,ref_seq+offset+1, d);
      |                                                                         ~^                          ~
      |                                                                          |                          |
      |                                                                          int                        size_t {aka long unsigned int}
      |                                                                         %li
/tmp/vsc43810/easybuild/build/Clair3/1.0.4/foss-2022a/Clair3-1.0.4/src/clair3_pileup.c:434:78: warning: format %i expects argument of type int, but argument 5 has type size_t {aka long unsigned int} [-Wformat=]
  434 |                         sprintf(alt_info_str + strlen(alt_info_str), "I%c%s %i ", ref_base, key, val);
      |                                                                             ~^                   ~~~
      |                                                                              |                   |
      |                                                                              int                 size_t {aka long unsigned int}
      |                                                                             %li
/tmp/vsc43810/easybuild/build/Clair3/1.0.4/foss-2022a/Clair3-1.0.4/src/clair3_pileup.c:216:14: warning: unused variable pass_indel_af [-Wunused-variable]
  216 |         bool pass_indel_af = false;
      |              ^~~~~~~~~~~~~
/tmp/vsc43810/easybuild/build/Clair3/1.0.4/foss-2022a/Clair3-1.0.4/src/clair3_pileup.c:215:14: warning: unused variable pass_snp_af [-Wunused-variable]
  215 |         bool pass_snp_af = false;
      |              ^~~~~~~~~~~
yes
checking for C compiler default output file name... a.out
checking for suffix of executables... 
checking whether we are cross compiling... gcc -Wno-unused-result -Wsign-compare -DNDEBUG -g -fwrapv -O3 -Wall -O2 -ftree-vectorize -march=native -fno-math-errno -fPIC -O2 -ftree-vectorize -march=native -fno-math-errno -fPIC -fpic -std=c99 -O3 -I /include -L /lib -std=c++11 -Wall -O3 -I /include -L /lib -Wl,-rpath=/lib -fPIC -I/tmp/vsc43810/easybuild/build/Clair3/1.0.4/foss-2022a/Clair3-1.0.4/src -I/tmp/vsc43810/easybuild/build/Clair3/1.0.4/foss-2022a/Clair3-1.0.4/samtools-1.15.1/htslib-1.15.1 -I/apps/gent/RHEL8/cascadelake-ib/software/Python/3.10.4-GCCcore-11.3.0/include/python3.10 -c /tmp/vsc43810/easybuild/build/Clair3/1.0.4/foss-2022a/Clair3-1.0.4/src/levenshtein.c -o ./tmp/vsc43810/easybuild/build/Clair3/1.0.4/foss-2022a/Clair3-1.0.4/src/levenshtein.o -std=c99 -O3 -mtune=haswell
cc1: warning: command-line option -std=c++11 is valid for C++/ObjC++ but not for C
gcc -Wno-unused-result -Wsign-compare -DNDEBUG -g -fwrapv -O3 -Wall -O2 -ftree-vectorize -march=native -fno-math-errno -fPIC -O2 -ftree-vectorize -march=native -fno-math-errno -fPIC -fpic -std=c99 -O3 -I /include -L /lib -std=c++11 -Wall -O3 -I /include -L /lib -Wl,-rpath=/lib -fPIC -I/tmp/vsc43810/easybuild/build/Clair3/1.0.4/foss-2022a/Clair3-1.0.4/src -I/tmp/vsc43810/easybuild/build/Clair3/1.0.4/foss-2022a/Clair3-1.0.4/samtools-1.15.1/htslib-1.15.1 -I/apps/gent/RHEL8/cascadelake-ib/software/Python/3.10.4-GCCcore-11.3.0/include/python3.10 -c /tmp/vsc43810/easybuild/build/Clair3/1.0.4/foss-2022a/Clair3-1.0.4/src/medaka_bamiter.c -o ./tmp/vsc43810/easybuild/build/Clair3/1.0.4/foss-2022a/Clair3-1.0.4/src/medaka_bamiter.o -std=c99 -O3 -mtune=haswell
no
cc1: warning: command-line option -std=c++11 is valid for C++/ObjC++ but not for C
checking for suffix of object files... gcc -Wno-unused-result -Wsign-compare -DNDEBUG -g -fwrapv -O3 -Wall -O2 -ftree-vectorize -march=native -fno-math-errno -fPIC -O2 -ftree-vectorize -march=native -fno-math-errno -fPIC -fpic -std=c99 -O3 -I /include -L /lib -std=c++11 -Wall -O3 -I /include -L /lib -Wl,-rpath=/lib -fPIC -I/tmp/vsc43810/easybuild/build/Clair3/1.0.4/foss-2022a/Clair3-1.0.4/src -I/tmp/vsc43810/easybuild/build/Clair3/1.0.4/foss-2022a/Clair3-1.0.4/samtools-1.15.1/htslib-1.15.1 -I/apps/gent/RHEL8/cascadelake-ib/software/Python/3.10.4-GCCcore-11.3.0/include/python3.10 -c /tmp/vsc43810/easybuild/build/Clair3/1.0.4/foss-2022a/Clair3-1.0.4/src/medaka_common.c -o ./tmp/vsc43810/easybuild/build/Clair3/1.0.4/foss-2022a/Clair3-1.0.4/src/medaka_common.o -std=c99 -O3 -mtune=haswell
cc1: warning: command-line option -std=c++11 is valid for C++/ObjC++ but not for C
o
checking whether the compiler supports GNU C... /tmp/vsc43810/easybuild/build/Clair3/1.0.4/foss-2022a/Clair3-1.0.4/src/medaka_common.c: In function substring:
/tmp/vsc43810/easybuild/build/Clair3/1.0.4/foss-2022a/Clair3-1.0.4/src/medaka_common.c:67:19: warning: comparison of integer expressions of different signedness: size_t {aka long unsigned int} and int [-Wsign-compare]
   67 |    for (i = 0 ; i < length ; i++) {
      |                   ^
gcc -Wno-unused-result -Wsign-compare -DNDEBUG -g -fwrapv -O3 -Wall -O2 -ftree-vectorize -march=native -fno-math-errno -fPIC -O2 -ftree-vectorize -march=native -fno-math-errno -fPIC -fpic -std=c99 -O3 -I /include -L /lib -std=c++11 -Wall -O3 -I /include -L /lib -Wl,-rpath=/lib -fPIC -I/tmp/vsc43810/easybuild/build/Clair3/1.0.4/foss-2022a/Clair3-1.0.4/src -I/tmp/vsc43810/easybuild/build/Clair3/1.0.4/foss-2022a/Clair3-1.0.4/samtools-1.15.1/htslib-1.15.1 -I/apps/gent/RHEL8/cascadelake-ib/software/Python/3.10.4-GCCcore-11.3.0/include/python3.10 -c /tmp/vsc43810/easybuild/build/Clair3/1.0.4/foss-2022a/Clair3-1.0.4/src/medaka_khcounter.c -o ./tmp/vsc43810/easybuild/build/Clair3/1.0.4/foss-2022a/Clair3-1.0.4/src/medaka_khcounter.o -std=c99 -O3 -mtune=haswell
cc1: warning: command-line option -std=c++11 is valid for C++/ObjC++ but not for C
yes
checking whether gcc accepts -g... /tmp/vsc43810/easybuild/build/Clair3/1.0.4/foss-2022a/Clair3-1.0.4/src/medaka_khcounter.c: In function kh_counter_print:
/tmp/vsc43810/easybuild/build/Clair3/1.0.4/foss-2022a/Clair3-1.0.4/src/medaka_khcounter.c:96:24: warning: unused variable stats [-Wunused-variable]
   96 |     kh_counter_stats_t stats = kh_counter_stats(hash);
      |                        ^~~~~
gcc -Wno-unused-result -Wsign-compare -DNDEBUG -g -fwrapv -O3 -Wall -O2 -ftree-vectorize -march=native -fno-math-errno -fPIC -O2 -ftree-vectorize -march=native -fno-math-errno -fPIC -fpic -std=c99 -O3 -I /include -L /lib -std=c++11 -Wall -O3 -I /include -L /lib -Wl,-rpath=/lib -fPIC -I/tmp/vsc43810/easybuild/build/Clair3/1.0.4/foss-2022a/Clair3-1.0.4/src -I/tmp/vsc43810/easybuild/build/Clair3/1.0.4/foss-2022a/Clair3-1.0.4/samtools-1.15.1/htslib-1.15.1 -I/apps/gent/RHEL8/cascadelake-ib/software/Python/3.10.4-GCCcore-11.3.0/include/python3.10 -c libclair3.c -o ./libclair3.o -std=c99 -O3 -mtune=haswell
cc1: warning: command-line option -std=c++11 is valid for C++/ObjC++ but not for C
yes
checking for gcc option to enable C11 features... unsupported
checking for gcc option to enable C99 features... none needed
checking for special C compiler options needed for large files... no
checking for _FILE_OFFSET_BITS value needed for large files... no
configure: creating ./config.status
gcc -shared -L/apps/gent/RHEL8/cascadelake-ib/software/OpenSSL/1.1/lib64 -L/apps/gent/RHEL8/cascadelake-ib/software/OpenSSL/1.1/lib -L/apps/gent/RHEL8/cascadelake-ib/software/libffi/3.4.2-GCCcore-11.3.0/lib64 -L/apps/gent/RHEL8/cascadelake-ib/software/libffi/3.4.2-GCCcore-11.3.0/lib -L/apps/gent/RHEL8/cascadelake-ib/software/GMP/6.2.1-GCCcore-11.3.0/lib64 -L/apps/gent/RHEL8/cascadelake-ib/software/GMP/6.2.1-GCCcore-11.3.0/lib -L/apps/gent/RHEL8/cascadelake-ib/software/XZ/5.2.5-GCCcore-11.3.0/lib64 -L/apps/gent/RHEL8/cascadelake-ib/software/XZ/5.2.5-GCCcore-11.3.0/lib -L/apps/gent/RHEL8/cascadelake-ib/software/SQLite/3.38.3-GCCcore-11.3.0/lib64 -L/apps/gent/RHEL8/cascadelake-ib/software/SQLite/3.38.3-GCCcore-11.3.0/lib -L/apps/gent/RHEL8/cascadelake-ib/software/ncurses/6.3-GCCcore-11.3.0/lib64 -L/apps/gent/RHEL8/cascadelake-ib/software/ncurses/6.3-GCCcore-11.3.0/lib -L/apps/gent/RHEL8/cascadelake-ib/software/libreadline/8.1.2-GCCcore-11.3.0/lib64 -L/apps/gent/RHEL8/cascadelake-ib/software/libreadline/8.1.2-GCCcore-11.3.0/lib -L/apps/gent/RHEL8/cascadelake-ib/software/zlib/1.2.12-GCCcore-11.3.0/lib64 -L/apps/gent/RHEL8/cascadelake-ib/software/zlib/1.2.12-GCCcore-11.3.0/lib -L/apps/gent/RHEL8/cascadelake-ib/software/bzip2/1.0.8-GCCcore-11.3.0/lib64 -L/apps/gent/RHEL8/cascadelake-ib/software/bzip2/1.0.8-GCCcore-11.3.0/lib -L/apps/gent/RHEL8/cascadelake-ib/software/binutils/2.38-GCCcore-11.3.0/lib64 -L/apps/gent/RHEL8/cascadelake-ib/software/binutils/2.38-GCCcore-11.3.0/lib -L/apps/gent/RHEL8/cascadelake-ib/software/pkgconf/1.8.0-GCCcore-11.3.0/lib64 -L/apps/gent/RHEL8/cascadelake-ib/software/pkgconf/1.8.0-GCCcore-11.3.0/lib -L/apps/gent/RHEL8/cascadelake-ib/software/Rust/1.60.0-GCCcore-11.3.0/lib64 -L/apps/gent/RHEL8/cascadelake-ib/software/Rust/1.60.0-GCCcore-11.3.0/lib -L/apps/gent/RHEL8/cascadelake-ib/software/GCCcore/11.3.0/lib64 -L/apps/gent/RHEL8/cascadelake-ib/software/GCCcore/11.3.0/lib -L/apps/gent/RHEL8/cascadelake-ib/software/OpenSSL/1.1/lib64 -L/apps/gent/RHEL8/cascadelake-ib/software/OpenSSL/1.1/lib -L/apps/gent/RHEL8/cascadelake-ib/software/libffi/3.4.2-GCCcore-11.3.0/lib64 -L/apps/gent/RHEL8/cascadelake-ib/software/libffi/3.4.2-GCCcore-11.3.0/lib -L/apps/gent/RHEL8/cascadelake-ib/software/GMP/6.2.1-GCCcore-11.3.0/lib64 -L/apps/gent/RHEL8/cascadelake-ib/software/GMP/6.2.1-GCCcore-11.3.0/lib -L/apps/gent/RHEL8/cascadelake-ib/software/XZ/5.2.5-GCCcore-11.3.0/lib64 -L/apps/gent/RHEL8/cascadelake-ib/software/XZ/5.2.5-GCCcore-11.3.0/lib -L/apps/gent/RHEL8/cascadelake-ib/software/SQLite/3.38.3-GCCcore-11.3.0/lib64 -L/apps/gent/RHEL8/cascadelake-ib/software/SQLite/3.38.3-GCCcore-11.3.0/lib -L/apps/gent/RHEL8/cascadelake-ib/software/ncurses/6.3-GCCcore-11.3.0/lib64 -L/apps/gent/RHEL8/cascadelake-ib/software/ncurses/6.3-GCCcore-11.3.0/lib -L/apps/gent/RHEL8/cascadelake-ib/software/libreadline/8.1.2-GCCcore-11.3.0/lib64 -L/apps/gent/RHEL8/cascadelake-ib/software/libreadline/8.1.2-GCCcore-11.3.0/lib -L/apps/gent/RHEL8/cascadelake-ib/software/zlib/1.2.12-GCCcore-11.3.0/lib64 -L/apps/gent/RHEL8/cascadelake-ib/software/zlib/1.2.12-GCCcore-11.3.0/lib -L/apps/gent/RHEL8/cascadelake-ib/software/bzip2/1.0.8-GCCcore-11.3.0/lib64 -L/apps/gent/RHEL8/cascadelake-ib/software/bzip2/1.0.8-GCCcore-11.3.0/lib -L/apps/gent/RHEL8/cascadelake-ib/software/binutils/2.38-GCCcore-11.3.0/lib64 -L/apps/gent/RHEL8/cascadelake-ib/software/binutils/2.38-GCCcore-11.3.0/lib -L/apps/gent/RHEL8/cascadelake-ib/software/pkgconf/1.8.0-GCCcore-11.3.0/lib64 -L/apps/gent/RHEL8/cascadelake-ib/software/pkgconf/1.8.0-GCCcore-11.3.0/lib -L/apps/gent/RHEL8/cascadelake-ib/software/Rust/1.60.0-GCCcore-11.3.0/lib64 -L/apps/gent/RHEL8/cascadelake-ib/software/Rust/1.60.0-GCCcore-11.3.0/lib -L/apps/gent/RHEL8/cascadelake-ib/software/GCCcore/11.3.0/lib64 -L/apps/gent/RHEL8/cascadelake-ib/software/GCCcore/11.3.0/lib -L /lib -fpic -std=c99 -O3 -I /include -L /lib -std=c++11 -Wall -O3 -I /include -L /lib -Wl,-rpath=/lib ./tmp/vsc43810/easybuild/build/Clair3/1.0.4/foss-2022a/Clair3-1.0.4/src/clair3_full_alignment.o ./tmp/vsc43810/easybuild/build/Clair3/1.0.4/foss-2022a/Clair3-1.0.4/src/clair3_pileup.o ./tmp/vsc43810/easybuild/build/Clair3/1.0.4/foss-2022a/Clair3-1.0.4/src/levenshtein.o ./tmp/vsc43810/easybuild/build/Clair3/1.0.4/foss-2022a/Clair3-1.0.4/src/medaka_bamiter.o ./tmp/vsc43810/easybuild/build/Clair3/1.0.4/foss-2022a/Clair3-1.0.4/src/medaka_common.o ./tmp/vsc43810/easybuild/build/Clair3/1.0.4/foss-2022a/Clair3-1.0.4/src/medaka_khcounter.o ./libclair3.o /tmp/vsc43810/easybuild/build/Clair3/1.0.4/foss-2022a/Clair3-1.0.4/samtools-1.15.1/htslib-1.15.1/libhts.a -L/tmp/vsc43810/easybuild/build/Clair3/1.0.4/foss-2022a/Clair3-1.0.4/samtools-1.15.1/htslib-1.15.1 -L/apps/gent/RHEL8/cascadelake-ib/software/Python/3.10.4-GCCcore-11.3.0/lib -lm -lz -llzma -lbz2 -lpthread -lcurl -lcrypto -ldeflate -o ./libclair3.cpython-310-x86_64-linux-gnu.so
/apps/gent/RHEL8/cascadelake-ib/software/binutils/2.38-GCCcore-11.3.0/bin/ld: cannot find /tmp/vsc43810/easybuild/build/Clair3/1.0.4/foss-2022a/Clair3-1.0.4/samtools-1.15.1/htslib-1.15.1/libhts.a: No such file or directory
/apps/gent/RHEL8/cascadelake-ib/software/binutils/2.38-GCCcore-11.3.0/bin/ld: skipping incompatible /lib/libm.so when searching for -lm
/apps/gent/RHEL8/cascadelake-ib/software/binutils/2.38-GCCcore-11.3.0/bin/ld: skipping incompatible /lib/libm.so when searching for -lm
/apps/gent/RHEL8/cascadelake-ib/software/binutils/2.38-GCCcore-11.3.0/bin/ld: skipping incompatible /lib/libm.so when searching for -lm
collect2: error: ld returned 1 exit status
Traceback (most recent call last):
  File "/apps/gent/RHEL8/cascadelake-ib/software/Python/3.10.4-GCCcore-11.3.0/lib/python3.10/site-packages/setuptools/_distutils/unixccompiler.py", line 249, in link
    self.spawn(linker + ld_args)
  File "/apps/gent/RHEL8/cascadelake-ib/software/Python/3.10.4-GCCcore-11.3.0/lib/python3.10/site-packages/setuptools/_distutils/ccompiler.py", line 917, in spawn
    spawn(cmd, dry_run=self.dry_run, **kwargs)
  File "/apps/gent/RHEL8/cascadelake-ib/software/Python/3.10.4-GCCcore-11.3.0/lib/python3.10/site-packages/setuptools/_distutils/spawn.py", line 68, in spawn
    raise DistutilsExecError(
distutils.errors.DistutilsExecError: command '/apps/gent/RHEL8/cascadelake-ib/software/GCCcore/11.3.0/bin/gcc' failed with exit code 1

During handling of the above exception, another exception occurred:

Traceback (most recent call last):
  File "/scratch/gent/vo/001/gvo00117/easybuild/RHEL8/cascadelake-ampere-ib/software/cffi/1.15.1-GCCcore-11.3.0/lib/python3.10/site-packages/cffi/ffiplatform.py", line 51, in _build
    dist.run_command('build_ext')
  File "/apps/gent/RHEL8/cascadelake-ib/software/Python/3.10.4-GCCcore-11.3.0/lib/python3.10/site-packages/setuptools/dist.py", line 1214, in run_command
    super().run_command(command)
  File "/apps/gent/RHEL8/cascadelake-ib/software/Python/3.10.4-GCCcore-11.3.0/lib/python3.10/site-packages/setuptools/_distutils/dist.py", line 986, in run_command
    cmd_obj.run()
  File "/apps/gent/RHEL8/cascadelake-ib/software/Python/3.10.4-GCCcore-11.3.0/lib/python3.10/site-packages/setuptools/command/build_ext.py", line 79, in run
    _build_ext.run(self)
  File "/apps/gent/RHEL8/cascadelake-ib/software/Python/3.10.4-GCCcore-11.3.0/lib/python3.10/site-packages/Cython/Distutils/old_build_ext.py", line 186, in run
    _build_ext.build_ext.run(self)
  File "/apps/gent/RHEL8/cascadelake-ib/software/Python/3.10.4-GCCcore-11.3.0/lib/python3.10/site-packages/setuptools/_distutils/command/build_ext.py", line 339, in run
    self.build_extensions()
  File "/apps/gent/RHEL8/cascadelake-ib/software/Python/3.10.4-GCCcore-11.3.0/lib/python3.10/site-packages/Cython/Distutils/old_build_ext.py", line 195, in build_extensions
    _build_ext.build_ext.build_extensions(self)
  File "/apps/gent/RHEL8/cascadelake-ib/software/Python/3.10.4-GCCcore-11.3.0/lib/python3.10/site-packages/setuptools/_distutils/command/build_ext.py", line 448, in build_extensions
    self._build_extensions_serial()
  File "/apps/gent/RHEL8/cascadelake-ib/software/Python/3.10.4-GCCcore-11.3.0/lib/python3.10/site-packages/setuptools/_distutils/command/build_ext.py", line 473, in _build_extensions_serial
    self.build_extension(ext)
  File "/apps/gent/RHEL8/cascadelake-ib/software/Python/3.10.4-GCCcore-11.3.0/lib/python3.10/site-packages/setuptools/command/build_ext.py", line 202, in build_extension
    _build_ext.build_extension(self, ext)
  File "/apps/gent/RHEL8/cascadelake-ib/software/Python/3.10.4-GCCcore-11.3.0/lib/python3.10/site-packages/setuptools/_distutils/command/build_ext.py", line 550, in build_extension
    self.compiler.link_shared_object(
  File "/apps/gent/RHEL8/cascadelake-ib/software/Python/3.10.4-GCCcore-11.3.0/lib/python3.10/site-packages/setuptools/_distutils/ccompiler.py", line 713, in link_shared_object
    self.link(CCompiler.SHARED_OBJECT, objects,
  File "/apps/gent/RHEL8/cascadelake-ib/software/Python/3.10.4-GCCcore-11.3.0/lib/python3.10/site-packages/setuptools/_distutils/unixccompiler.py", line 251, in link
    raise LinkError(msg)
distutils.errors.LinkError: command '/apps/gent/RHEL8/cascadelake-ib/software/GCCcore/11.3.0/bin/gcc' failed with exit code 1

During handling of the above exception, another exception occurred:

Traceback (most recent call last):
  File "/tmp/vsc43810/easybuild/build/Clair3/1.0.4/foss-2022a/Clair3-1.0.4/build.py", line 74, in <module>
    ffibuilder.compile(verbose=True)
  File "/scratch/gent/vo/001/gvo00117/easybuild/RHEL8/cascadelake-ampere-ib/software/cffi/1.15.1-GCCcore-11.3.0/lib/python3.10/site-packages/cffi/api.py", line 725, in compile
    return recompile(self, module_name, source, tmpdir=tmpdir,
  File "/scratch/gent/vo/001/gvo00117/easybuild/RHEL8/cascadelake-ampere-ib/software/cffi/1.15.1-GCCcore-11.3.0/lib/python3.10/site-packages/cffi/recompiler.py", line 1564, in recompile
    outputfilename = ffiplatform.compile('.', ext,
  File "/scratch/gent/vo/001/gvo00117/easybuild/RHEL8/cascadelake-ampere-ib/software/cffi/1.15.1-GCCcore-11.3.0/lib/python3.10/site-packages/cffi/ffiplatform.py", line 22, in compile
    outputfilename = _build(tmpdir, ext, compiler_verbose, debug)
  File "/scratch/gent/vo/001/gvo00117/easybuild/RHEL8/cascadelake-ampere-ib/software/cffi/1.15.1-GCCcore-11.3.0/lib/python3.10/site-packages/cffi/ffiplatform.py", line 58, in _build
    raise VerificationError('%s: %s' % (e.__class__.__name__, e))
cffi.VerificationError: LinkError: command '/apps/gent/RHEL8/cascadelake-ib/software/GCCcore/11.3.0/bin/gcc' failed with exit code 1
make: *** [Makefile:45: libclair3.so] Error 1
make: *** Waiting for unfinished jobs....
config.status: creating config.mk
config.status: creating config.h
=== configuring in htslib (/tmp/vsc43810/easybuild/build/Clair3/1.0.4/foss-2022a/Clair3-1.0.4/longphase-1.3/htslib)
configure: running /bin/sh ./configure --disable-option-checking '--prefix=/usr/local'  'CC=gcc' 'CFLAGS=-fpic -std=c99 -O3 -I /include -L /lib' 'LDFLAGS=-L /lib' 'LIBS=-lm -lpthread' 'CPPFLAGS=-std=c++11 -Wall -O3 -I /include -L /lib -Wl,-rpath=/lib' --cache-file=/dev/null --srcdir=.
checking for gcc... gcc
checking whether the C compiler works... yes
checking for C compiler default output file name... a.out
checking for suffix of executables... 
checking whether we are cross compiling... no
checking for suffix of object files... o
checking whether we are using the GNU C compiler... yes
checking whether gcc accepts -g... yes
checking for gcc option to accept ISO C89... none needed
checking for ranlib... ranlib
checking for grep that handles long lines and -e... /usr/bin/grep
checking for C compiler warning flags... -Wall
checking whether C compiler accepts -mssse3 -mpopcnt -msse4.1... yes
checking whether C compiler accepts -mavx2... yes
checking whether C compiler accepts -mavx512f... yes
checking whether C compiler supports ARM Neon... no
checking for pkg-config... /usr/bin/pkg-config
checking pkg-config is at least version 0.9.0... yes
checking for special C compiler options needed for large files... no
checking for _FILE_OFFSET_BITS value needed for large files... no
checking shared library type for unknown-Linux... plain .so
checking whether the compiler accepts -fvisibility=hidden... yes
checking how to run the C preprocessor... gcc -E
checking for egrep... /usr/bin/grep -E
checking for ANSI C header files... yes
checking for sys/types.h... yes
checking for sys/stat.h... yes
checking for stdlib.h... yes
checking for string.h... yes
checking for memory.h... yes
checking for strings.h... yes
checking for inttypes.h... yes
checking for stdint.h... yes
checking for unistd.h... yes
checking for stdlib.h... (cached) yes
checking for unistd.h... (cached) yes
checking for sys/param.h... yes
checking for getpagesize... yes
checking for working mmap... yes
checking for gmtime_r... yes
checking for fsync... yes
checking for drand48... yes
checking for srand48_deterministic... no
checking whether fdatasync is declared... no
checking for library containing log... none required
checking for zlib.h... yes
checking for inflate in -lz... yes
checking for library containing recv... none required
checking for bzlib.h... yes
checking for BZ2_bzBuffToBuffCompress in -lbz2... yes
checking for lzma.h... yes
checking for lzma_easy_buffer_encode in -llzma... yes
checking whether htscodecs files are present... yes
checking for libdeflate.h... no
checking for libdeflate_deflate_compress in -ldeflate... no
checking for curl/curl.h... yes
checking for curl_easy_pause in -lcurl... yes
checking for CCHmac... no
checking for library containing HMAC... -lcrypto
checking for library containing regcomp... none required
checking whether PTHREAD_MUTEX_RECURSIVE is declared... no
configure: creating ./config.status
config.status: creating config.mk
config.status: creating htslib.pc.tmp
config.status: creating config.h
config.status: linking htscodecs_bundled.mk to htscodecs.mk
make[1]: warning: jobserver unavailable: using -j1.  Add '+' to parent make rule.
make[1]: Entering directory '/tmp/vsc43810/easybuild/build/Clair3/1.0.4/foss-2022a/Clair3-1.0.4/longphase-1.3'
cd htslib && make htslib_static.mk
make[2]: Entering directory '/tmp/vsc43810/easybuild/build/Clair3/1.0.4/foss-2022a/Clair3-1.0.4/longphase-1.3/htslib'
sed -n '/^static_libs=/s/[^=]*=/HTSLIB_static_LIBS = /p;/^static_ldflags=/s/[^=]*=/HTSLIB_static_LDFLAGS = /p' htslib.pc.tmp > htslib_static.mk
make[2]: Leaving directory '/tmp/vsc43810/easybuild/build/Clair3/1.0.4/foss-2022a/Clair3-1.0.4/longphase-1.3/htslib'
make[1]: warning: jobserver unavailable: using -j1.  Add '+' to parent make rule.
g++ -I. -Ihtslib -std=c++11 -Wall -O3 -I /include -L /lib -Wl,-rpath=/lib -o Haplotag.o -c Haplotag.cpp 
g++ -I. -Ihtslib -std=c++11 -Wall -O3 -I /include -L /lib -Wl,-rpath=/lib -o ParsingBam.o -c ParsingBam.cpp 
ParsingBam.cpp: In member function void BamParser::get_snp(const Alignment&, std::vector<ReadVariant>&, const string&, bool):
ParsingBam.cpp:1066:49: warning: variable last set but not used [-Wunused-but-set-variable]
 1066 |         std::map<int, RefAlt>::reverse_iterator last = currentVariants.rbegin();
      |                                                 ^~~~
g++ -I. -Ihtslib -std=c++11 -Wall -O3 -I /include -L /lib -Wl,-rpath=/lib -o Util.o -c Util.cpp 
g++ -I. -Ihtslib -std=c++11 -Wall -O3 -I /include -L /lib -Wl,-rpath=/lib -o HaplotagProcess.o -c HaplotagProcess.cpp 
g++ -I. -Ihtslib -std=c++11 -Wall -O3 -I /include -L /lib -Wl,-rpath=/lib -o PhasingProcess.o -c PhasingProcess.cpp 
g++ -I. -Ihtslib -std=c++11 -Wall -O3 -I /include -L /lib -Wl,-rpath=/lib -o Phasing.o -c Phasing.cpp 
g++ -I. -Ihtslib -std=c++11 -Wall -O3 -I /include -L /lib -Wl,-rpath=/lib -o PhasingGraph.o -c PhasingGraph.cpp 
PhasingGraph.cpp: In member function bool VairiantGrpah::connectBlockByCommonRead(int, double):
PhasingGraph.cpp:544:51: warning: variable midBlockIter set but not used [-Wunused-but-set-variable]
  544 |         std::map<int,std::vector<int> >::iterator midBlockIter = std::next(blockVecIter, 1);
      |                                                   ^~~~~~~~~~~~
g++ -I. -Ihtslib -std=c++11 -Wall -O3 -I /include -L /lib -Wl,-rpath=/lib -o main.o -c main.cpp 
cd htslib && make hts-object-files
make[2]: Entering directory '/tmp/vsc43810/easybuild/build/Clair3/1.0.4/foss-2022a/Clair3-1.0.4/longphase-1.3/htslib'
gcc -Wall -fpic -std=c99 -O3 -I /include -L /lib -fvisibility=hidden  -I. -std=c++11 -Wall -O3 -I /include -L /lib -Wl,-rpath=/lib -c -o kfunc.o kfunc.c
cc1: warning: command-line option -std=c++11 is valid for C++/ObjC++ but not for C
gcc -Wall -fpic -std=c99 -O3 -I /include -L /lib -fvisibility=hidden  -I. -std=c++11 -Wall -O3 -I /include -L /lib -Wl,-rpath=/lib -c -o kstring.o kstring.c
cc1: warning: command-line option -std=c++11 is valid for C++/ObjC++ but not for C
gcc -Wall -fpic -std=c99 -O3 -I /include -L /lib -fvisibility=hidden  -I. -std=c++11 -Wall -O3 -I /include -L /lib -Wl,-rpath=/lib -c -o bcf_sr_sort.o bcf_sr_sort.c
cc1: warning: command-line option -std=c++11 is valid for C++/ObjC++ but not for C
gcc -Wall -fpic -std=c99 -O3 -I /include -L /lib -fvisibility=hidden  -I. -std=c++11 -Wall -O3 -I /include -L /lib -Wl,-rpath=/lib -c -o bgzf.o bgzf.c
cc1: warning: command-line option -std=c++11 is valid for C++/ObjC++ but not for C
gcc -Wall -fpic -std=c99 -O3 -I /include -L /lib -fvisibility=hidden  -I. -std=c++11 -Wall -O3 -I /include -L /lib -Wl,-rpath=/lib -c -o errmod.o errmod.c
cc1: warning: command-line option -std=c++11 is valid for C++/ObjC++ but not for C
gcc -Wall -fpic -std=c99 -O3 -I /include -L /lib -fvisibility=hidden  -I. -std=c++11 -Wall -O3 -I /include -L /lib -Wl,-rpath=/lib -c -o faidx.o faidx.c
cc1: warning: command-line option -std=c++11 is valid for C++/ObjC++ but not for C
gcc -Wall -fpic -std=c99 -O3 -I /include -L /lib -fvisibility=hidden  -I. -std=c++11 -Wall -O3 -I /include -L /lib -Wl,-rpath=/lib -c -o header.o header.c
cc1: warning: command-line option -std=c++11 is valid for C++/ObjC++ but not for C
gcc -Wall -fpic -std=c99 -O3 -I /include -L /lib -fvisibility=hidden  -I. -std=c++11 -Wall -O3 -I /include -L /lib -Wl,-rpath=/lib -c -o hfile.o hfile.c
cc1: warning: command-line option -std=c++11 is valid for C++/ObjC++ but not for C
echo '#define HTS_VERSION_TEXT "1.16"' > version.h
echo '#define HTS_CC "gcc"' > config_vars.h
echo '#define HTS_CPPFLAGS "-std=c++11 -Wall -O3 -I /include -L /lib -Wl,-rpath=/lib"' >> config_vars.h
echo '#define HTS_CFLAGS "-Wall -fpic -std=c99 -O3 -I /include -L /lib -fvisibility=hidden"' >> config_vars.h
echo '#define HTS_LDFLAGS "-L /lib -fvisibility=hidden "' >> config_vars.h
echo '#define HTS_LIBS "-llzma -lbz2 -lz -lm -lpthread  -lcurl -lcrypto"' >> config_vars.h
gcc -Wall -fpic -std=c99 -O3 -I /include -L /lib -fvisibility=hidden  -I. -std=c++11 -Wall -O3 -I /include -L /lib -Wl,-rpath=/lib -c -o hts.o hts.c
cc1: warning: command-line option -std=c++11 is valid for C++/ObjC++ but not for C
gcc -Wall -fpic -std=c99 -O3 -I /include -L /lib -fvisibility=hidden  -I. -std=c++11 -Wall -O3 -I /include -L /lib -Wl,-rpath=/lib -c -o hts_expr.o hts_expr.c
cc1: warning: command-line option -std=c++11 is valid for C++/ObjC++ but not for C
gcc -Wall -fpic -std=c99 -O3 -I /include -L /lib -fvisibility=hidden  -I. -std=c++11 -Wall -O3 -I /include -L /lib -Wl,-rpath=/lib -c -o hts_os.o hts_os.c
cc1: warning: command-line option -std=c++11 is valid for C++/ObjC++ but not for C
gcc -Wall -fpic -std=c99 -O3 -I /include -L /lib -fvisibility=hidden  -I. -std=c++11 -Wall -O3 -I /include -L /lib -Wl,-rpath=/lib -c -o md5.o md5.c
cc1: warning: command-line option -std=c++11 is valid for C++/ObjC++ but not for C
gcc -Wall -fpic -std=c99 -O3 -I /include -L /lib -fvisibility=hidden  -I. -std=c++11 -Wall -O3 -I /include -L /lib -Wl,-rpath=/lib -c -o multipart.o multipart.c
cc1: warning: command-line option -std=c++11 is valid for C++/ObjC++ but not for C
gcc -Wall -fpic -std=c99 -O3 -I /include -L /lib -fvisibility=hidden  -I. -std=c++11 -Wall -O3 -I /include -L /lib -Wl,-rpath=/lib -c -o probaln.o probaln.c
cc1: warning: command-line option -std=c++11 is valid for C++/ObjC++ but not for C
gcc -Wall -fpic -std=c99 -O3 -I /include -L /lib -fvisibility=hidden  -I. -std=c++11 -Wall -O3 -I /include -L /lib -Wl,-rpath=/lib -c -o realn.o realn.c
cc1: warning: command-line option -std=c++11 is valid for C++/ObjC++ but not for C
gcc -Wall -fpic -std=c99 -O3 -I /include -L /lib -fvisibility=hidden  -I. -std=c++11 -Wall -O3 -I /include -L /lib -Wl,-rpath=/lib -c -o regidx.o regidx.c
cc1: warning: command-line option -std=c++11 is valid for C++/ObjC++ but not for C
gcc -Wall -fpic -std=c99 -O3 -I /include -L /lib -fvisibility=hidden  -I. -std=c++11 -Wall -O3 -I /include -L /lib -Wl,-rpath=/lib -c -o region.o region.c
cc1: warning: command-line option -std=c++11 is valid for C++/ObjC++ but not for C
gcc -Wall -fpic -std=c99 -O3 -I /include -L /lib -fvisibility=hidden  -I. -std=c++11 -Wall -O3 -I /include -L /lib -Wl,-rpath=/lib -c -o sam.o sam.c
cc1: warning: command-line option -std=c++11 is valid for C++/ObjC++ but not for C
gcc -Wall -fpic -std=c99 -O3 -I /include -L /lib -fvisibility=hidden  -I. -std=c++11 -Wall -O3 -I /include -L /lib -Wl,-rpath=/lib -c -o synced_bcf_reader.o synced_bcf_reader.c
cc1: warning: command-line option -std=c++11 is valid for C++/ObjC++ but not for C
gcc -Wall -fpic -std=c99 -O3 -I /include -L /lib -fvisibility=hidden  -I. -std=c++11 -Wall -O3 -I /include -L /lib -Wl,-rpath=/lib -c -o vcf_sweep.o vcf_sweep.c
cc1: warning: command-line option -std=c++11 is valid for C++/ObjC++ but not for C
gcc -Wall -fpic -std=c99 -O3 -I /include -L /lib -fvisibility=hidden  -I. -std=c++11 -Wall -O3 -I /include -L /lib -Wl,-rpath=/lib -c -o tbx.o tbx.c
cc1: warning: command-line option -std=c++11 is valid for C++/ObjC++ but not for C
gcc -Wall -fpic -std=c99 -O3 -I /include -L /lib -fvisibility=hidden  -I. -std=c++11 -Wall -O3 -I /include -L /lib -Wl,-rpath=/lib -c -o textutils.o textutils.c
cc1: warning: command-line option -std=c++11 is valid for C++/ObjC++ but not for C
gcc -Wall -fpic -std=c99 -O3 -I /include -L /lib -fvisibility=hidden  -I. -std=c++11 -Wall -O3 -I /include -L /lib -Wl,-rpath=/lib -c -o thread_pool.o thread_pool.c
cc1: warning: command-line option -std=c++11 is valid for C++/ObjC++ but not for C
gcc -Wall -fpic -std=c99 -O3 -I /include -L /lib -fvisibility=hidden  -I. -std=c++11 -Wall -O3 -I /include -L /lib -Wl,-rpath=/lib -c -o vcf.o vcf.c
cc1: warning: command-line option -std=c++11 is valid for C++/ObjC++ but not for C
gcc -Wall -fpic -std=c99 -O3 -I /include -L /lib -fvisibility=hidden  -I. -std=c++11 -Wall -O3 -I /include -L /lib -Wl,-rpath=/lib -c -o vcfutils.o vcfutils.c
cc1: warning: command-line option -std=c++11 is valid for C++/ObjC++ but not for C
gcc -Wall -fpic -std=c99 -O3 -I /include -L /lib -fvisibility=hidden  -I. -std=c++11 -Wall -O3 -I /include -L /lib -Wl,-rpath=/lib -c -o cram/cram_codecs.o cram/cram_codecs.c
cc1: warning: command-line option -std=c++11 is valid for C++/ObjC++ but not for C
gcc -Wall -fpic -std=c99 -O3 -I /include -L /lib -fvisibility=hidden  -I. -std=c++11 -Wall -O3 -I /include -L /lib -Wl,-rpath=/lib -c -o cram/cram_decode.o cram/cram_decode.c
cc1: warning: command-line option -std=c++11 is valid for C++/ObjC++ but not for C
gcc -Wall -fpic -std=c99 -O3 -I /include -L /lib -fvisibility=hidden  -I. -std=c++11 -Wall -O3 -I /include -L /lib -Wl,-rpath=/lib -c -o cram/cram_encode.o cram/cram_encode.c
cc1: warning: command-line option -std=c++11 is valid for C++/ObjC++ but not for C
gcc -Wall -fpic -std=c99 -O3 -I /include -L /lib -fvisibility=hidden  -I. -std=c++11 -Wall -O3 -I /include -L /lib -Wl,-rpath=/lib -c -o cram/cram_external.o cram/cram_external.c
cc1: warning: command-line option -std=c++11 is valid for C++/ObjC++ but not for C
gcc -Wall -fpic -std=c99 -O3 -I /include -L /lib -fvisibility=hidden  -I. -std=c++11 -Wall -O3 -I /include -L /lib -Wl,-rpath=/lib -c -o cram/cram_index.o cram/cram_index.c
cc1: warning: command-line option -std=c++11 is valid for C++/ObjC++ but not for C
gcc -Wall -fpic -std=c99 -O3 -I /include -L /lib -fvisibility=hidden  -I. -std=c++11 -Wall -O3 -I /include -L /lib -Wl,-rpath=/lib -c -o cram/cram_io.o cram/cram_io.c
cc1: warning: command-line option -std=c++11 is valid for C++/ObjC++ but not for C
gcc -Wall -fpic -std=c99 -O3 -I /include -L /lib -fvisibility=hidden  -I. -std=c++11 -Wall -O3 -I /include -L /lib -Wl,-rpath=/lib -c -o cram/cram_stats.o cram/cram_stats.c
cc1: warning: command-line option -std=c++11 is valid for C++/ObjC++ but not for C
gcc -Wall -fpic -std=c99 -O3 -I /include -L /lib -fvisibility=hidden  -I. -std=c++11 -Wall -O3 -I /include -L /lib -Wl,-rpath=/lib -c -o cram/mFILE.o cram/mFILE.c
cc1: warning: command-line option -std=c++11 is valid for C++/ObjC++ but not for C
gcc -Wall -fpic -std=c99 -O3 -I /include -L /lib -fvisibility=hidden  -I. -std=c++11 -Wall -O3 -I /include -L /lib -Wl,-rpath=/lib -c -o cram/open_trace_file.o cram/open_trace_file.c
cc1: warning: command-line option -std=c++11 is valid for C++/ObjC++ but not for C
gcc -Wall -fpic -std=c99 -O3 -I /include -L /lib -fvisibility=hidden  -I. -std=c++11 -Wall -O3 -I /include -L /lib -Wl,-rpath=/lib -c -o cram/pooled_alloc.o cram/pooled_alloc.c
cc1: warning: command-line option -std=c++11 is valid for C++/ObjC++ but not for C
gcc -Wall -fpic -std=c99 -O3 -I /include -L /lib -fvisibility=hidden  -I. -std=c++11 -Wall -O3 -I /include -L /lib -Wl,-rpath=/lib -c -o cram/string_alloc.o cram/string_alloc.c
cc1: warning: command-line option -std=c++11 is valid for C++/ObjC++ but not for C
gcc -Wall -fpic -std=c99 -O3 -I /include -L /lib -fvisibility=hidden  -I. -std=c++11 -Wall -O3 -I /include -L /lib -Wl,-rpath=/lib -c -o htscodecs/htscodecs/arith_dynamic.o htscodecs/htscodecs/arith_dynamic.c
cc1: warning: command-line option -std=c++11 is valid for C++/ObjC++ but not for C
gcc -Wall -fpic -std=c99 -O3 -I /include -L /lib -fvisibility=hidden  -I. -std=c++11 -Wall -O3 -I /include -L /lib -Wl,-rpath=/lib -c -o htscodecs/htscodecs/fqzcomp_qual.o htscodecs/htscodecs/fqzcomp_qual.c
cc1: warning: command-line option -std=c++11 is valid for C++/ObjC++ but not for C
gcc -Wall -fpic -std=c99 -O3 -I /include -L /lib -fvisibility=hidden  -I. -std=c++11 -Wall -O3 -I /include -L /lib -Wl,-rpath=/lib -c -o htscodecs/htscodecs/htscodecs.o htscodecs/htscodecs/htscodecs.c
cc1: warning: command-line option -std=c++11 is valid for C++/ObjC++ but not for C
gcc -Wall -fpic -std=c99 -O3 -I /include -L /lib -fvisibility=hidden  -I. -std=c++11 -Wall -O3 -I /include -L /lib -Wl,-rpath=/lib -c -o htscodecs/htscodecs/pack.o htscodecs/htscodecs/pack.c
cc1: warning: command-line option -std=c++11 is valid for C++/ObjC++ but not for C
gcc -Wall -fpic -std=c99 -O3 -I /include -L /lib -fvisibility=hidden  -I. -std=c++11 -Wall -O3 -I /include -L /lib -Wl,-rpath=/lib -c -o htscodecs/htscodecs/rANS_static4x16pr.o htscodecs/htscodecs/rANS_static4x16pr.c
cc1: warning: command-line option -std=c++11 is valid for C++/ObjC++ but not for C
gcc -Wall -fpic -std=c99 -O3 -I /include -L /lib -fvisibility=hidden -mavx2 -I. -std=c++11 -Wall -O3 -I /include -L /lib -Wl,-rpath=/lib -c -o htscodecs/htscodecs/rANS_static32x16pr_avx2.o htscodecs/htscodecs/rANS_static32x16pr_avx2.c
cc1: warning: command-line option -std=c++11 is valid for C++/ObjC++ but not for C
gcc -Wall -fpic -std=c99 -O3 -I /include -L /lib -fvisibility=hidden -mavx512f -I. -std=c++11 -Wall -O3 -I /include -L /lib -Wl,-rpath=/lib -c -o htscodecs/htscodecs/rANS_static32x16pr_avx512.o htscodecs/htscodecs/rANS_static32x16pr_avx512.c
cc1: warning: command-line option -std=c++11 is valid for C++/ObjC++ but not for C
gcc -Wall -fpic -std=c99 -O3 -I /include -L /lib -fvisibility=hidden -mssse3 -mpopcnt -msse4.1 -I. -std=c++11 -Wall -O3 -I /include -L /lib -Wl,-rpath=/lib -c -o htscodecs/htscodecs/rANS_static32x16pr_sse4.o htscodecs/htscodecs/rANS_static32x16pr_sse4.c
cc1: warning: command-line option -std=c++11 is valid for C++/ObjC++ but not for C
gcc -Wall -fpic -std=c99 -O3 -I /include -L /lib -fvisibility=hidden  -I. -std=c++11 -Wall -O3 -I /include -L /lib -Wl,-rpath=/lib -c -o htscodecs/htscodecs/rANS_static32x16pr.o htscodecs/htscodecs/rANS_static32x16pr.c
cc1: warning: command-line option -std=c++11 is valid for C++/ObjC++ but not for C
gcc -Wall -fpic -std=c99 -O3 -I /include -L /lib -fvisibility=hidden  -I. -std=c++11 -Wall -O3 -I /include -L /lib -Wl,-rpath=/lib -c -o htscodecs/htscodecs/rANS_static.o htscodecs/htscodecs/rANS_static.c
cc1: warning: command-line option -std=c++11 is valid for C++/ObjC++ but not for C
gcc -Wall -fpic -std=c99 -O3 -I /include -L /lib -fvisibility=hidden  -I. -std=c++11 -Wall -O3 -I /include -L /lib -Wl,-rpath=/lib -c -o htscodecs/htscodecs/rle.o htscodecs/htscodecs/rle.c
cc1: warning: command-line option -std=c++11 is valid for C++/ObjC++ but not for C
gcc -Wall -fpic -std=c99 -O3 -I /include -L /lib -fvisibility=hidden  -I. -std=c++11 -Wall -O3 -I /include -L /lib -Wl,-rpath=/lib -c -o htscodecs/htscodecs/tokenise_name3.o htscodecs/htscodecs/tokenise_name3.c
cc1: warning: command-line option -std=c++11 is valid for C++/ObjC++ but not for C
gcc -Wall -fpic -std=c99 -O3 -I /include -L /lib -fvisibility=hidden  -I. -std=c++11 -Wall -O3 -I /include -L /lib -Wl,-rpath=/lib -c -o htscodecs/htscodecs/utils.o htscodecs/htscodecs/utils.c
cc1: warning: command-line option -std=c++11 is valid for C++/ObjC++ but not for C
gcc -Wall -fpic -std=c99 -O3 -I /include -L /lib -fvisibility=hidden  -I. -std=c++11 -Wall -O3 -I /include -L /lib -Wl,-rpath=/lib -c -o hfile_libcurl.o hfile_libcurl.c
cc1: warning: command-line option -std=c++11 is valid for C++/ObjC++ but not for C
gcc -Wall -fpic -std=c99 -O3 -I /include -L /lib -fvisibility=hidden  -I. -std=c++11 -Wall -O3 -I /include -L /lib -Wl,-rpath=/lib -c -o hfile_gcs.o hfile_gcs.c
cc1: warning: command-line option -std=c++11 is valid for C++/ObjC++ but not for C
gcc -Wall -fpic -std=c99 -O3 -I /include -L /lib -fvisibility=hidden  -I. -std=c++11 -Wall -O3 -I /include -L /lib -Wl,-rpath=/lib -c -o hfile_s3.o hfile_s3.c
cc1: warning: command-line option -std=c++11 is valid for C++/ObjC++ but not for C
gcc -Wall -fpic -std=c99 -O3 -I /include -L /lib -fvisibility=hidden  -I. -std=c++11 -Wall -O3 -I /include -L /lib -Wl,-rpath=/lib -c -o hfile_s3_write.o hfile_s3_write.c
cc1: warning: command-line option -std=c++11 is valid for C++/ObjC++ but not for C
touch hts-object-files
make[2]: Leaving directory '/tmp/vsc43810/easybuild/build/Clair3/1.0.4/foss-2022a/Clair3-1.0.4/longphase-1.3/htslib'
cd htslib && make lib-static
make[2]: Entering directory '/tmp/vsc43810/easybuild/build/Clair3/1.0.4/foss-2022a/Clair3-1.0.4/longphase-1.3/htslib'
ar -rc libhts.a kfunc.o kstring.o bcf_sr_sort.o bgzf.o errmod.o faidx.o header.o hfile.o hts.o hts_expr.o hts_os.o md5.o multipart.o probaln.o realn.o regidx.o region.o sam.o synced_bcf_reader.o vcf_sweep.o tbx.o textutils.o thread_pool.o vcf.o vcfutils.o cram/cram_codecs.o cram/cram_decode.o cram/cram_encode.o cram/cram_external.o cram/cram_index.o cram/cram_io.o cram/cram_stats.o cram/mFILE.o cram/open_trace_file.o cram/pooled_alloc.o cram/string_alloc.o htscodecs/htscodecs/arith_dynamic.o htscodecs/htscodecs/fqzcomp_qual.o htscodecs/htscodecs/htscodecs.o htscodecs/htscodecs/pack.o htscodecs/htscodecs/rANS_static4x16pr.o htscodecs/htscodecs/rANS_static32x16pr_avx2.o htscodecs/htscodecs/rANS_static32x16pr_avx512.o htscodecs/htscodecs/rANS_static32x16pr_sse4.o htscodecs/htscodecs/rANS_static32x16pr.o htscodecs/htscodecs/rANS_static.o htscodecs/htscodecs/rle.o htscodecs/htscodecs/tokenise_name3.o htscodecs/htscodecs/utils.o   hfile_libcurl.o hfile_gcs.o hfile_s3.o hfile_s3_write.o
ranlib libhts.a
make[2]: Leaving directory '/tmp/vsc43810/easybuild/build/Clair3/1.0.4/foss-2022a/Clair3-1.0.4/longphase-1.3/htslib'
g++ -I. -Ihtslib -std=c++11 -Wall -O3 -I /include -L /lib -Wl,-rpath=/lib -o longphase Haplotag.o ParsingBam.o Util.o HaplotagProcess.o PhasingProcess.o Phasing.o PhasingGraph.o main.o htslib/libhts.a htslib/libhts.a -lpthread -lz -lm -lbz2 -llzma -lcurl -lcrypto
/apps/gent/RHEL8/cascadelake-ib/software/binutils/2.38-GCCcore-11.3.0/bin/ld: skipping incompatible /lib/libpthread.so when searching for -lpthread
/apps/gent/RHEL8/cascadelake-ib/software/binutils/2.38-GCCcore-11.3.0/bin/ld: skipping incompatible /lib/libm.so when searching for -lm
/apps/gent/RHEL8/cascadelake-ib/software/binutils/2.38-GCCcore-11.3.0/bin/ld: skipping incompatible /lib/libc.so when searching for -lc
make[1]: Leaving directory '/tmp/vsc43810/easybuild/build/Clair3/1.0.4/foss-2022a/Clair3-1.0.4/longphase-1.3'
cp longphase-1.3/longphase longphase
