After add new .eb for SAMtools/1.13:
/apps/gent/RHEL8/cascadelake-ib/software/binutils/2.40-GCCcore-12.3.0/bin/ld: /tmp/vsc47063/eb-a_z9c238/ccMaNhdh.o: in function `output(std::
__cxx11::basic_string<char, std::char_traits<char>, std::allocator<char> > const&, std::vector<ContigStruct, std::allocator<ContigStruct> > c
onst&, fasta const&, std::__cxx11::basic_string<char, std::char_traits<char>, std::allocator<char> > const&, bool)':
ref-eval-estimate-true-assembly.cpp:(.text+0x37a4): undefined reference to `bgzf_open'
/apps/gent/RHEL8/cascadelake-ib/software/binutils/2.40-GCCcore-12.3.0/bin/ld: ref-eval-estimate-true-assembly.cpp:(.text+0x37b5): undefined r
eference to `bam_header_read'
/apps/gent/RHEL8/cascadelake-ib/software/binutils/2.40-GCCcore-12.3.0/bin/ld: ref-eval-estimate-true-assembly.cpp:(.text+0x3f4e): undefined r
eference to `bam_header_destroy'
/apps/gent/RHEL8/cascadelake-ib/software/binutils/2.40-GCCcore-12.3.0/bin/ld: /tmp/vsc47063/eb-a_z9c238/ccMaNhdh.o: in function `extract_read
s(std::vector<ReadStruct, std::allocator<ReadStruct> >&, std::vector<bool, std::allocator<bool> > const&, std::__cxx11::basic_string<char, st
d::char_traits<char>, std::allocator<char> > const&, bool)':
ref-eval-estimate-true-assembly.cpp:(.text+0x4176): undefined reference to `bgzf_open'
/apps/gent/RHEL8/cascadelake-ib/software/binutils/2.40-GCCcore-12.3.0/bin/ld: ref-eval-estimate-true-assembly.cpp:(.text+0x4191): undefined r
eference to `bam_header_read'
/apps/gent/RHEL8/cascadelake-ib/software/binutils/2.40-GCCcore-12.3.0/bin/ld: ref-eval-estimate-true-assembly.cpp:(.text+0x41bc): undefined r
eference to `bam_read1'
/apps/gent/RHEL8/cascadelake-ib/software/binutils/2.40-GCCcore-12.3.0/bin/ld: /tmp/vsc47063/eb-a_z9c238/ccMaNhdh.o: in function `extract_alig
nment_probs(std::map<std::__cxx11::basic_string<char, std::char_traits<char>, std::allocator<char> >, probs_and_lidxs, std::less<std::__cxx11
::basic_string<char, std::char_traits<char>, std::allocator<char> > >, std::allocator<std::pair<std::__cxx11::basic_string<char, std::char_tr
aits<char>, std::allocator<char> > const, probs_and_lidxs> > >&, std::__cxx11::basic_string<char, std::char_traits<char>, std::allocator<char
> > const&, double, bool)':
ref-eval-estimate-true-assembly.cpp:(.text+0x513f): undefined reference to `bgzf_open'
/apps/gent/RHEL8/cascadelake-ib/software/binutils/2.40-GCCcore-12.3.0/bin/ld: ref-eval-estimate-true-assembly.cpp:(.text+0x515a): undefined r
eference to `bam_header_read'
/apps/gent/RHEL8/cascadelake-ib/software/binutils/2.40-GCCcore-12.3.0/bin/ld: ref-eval-estimate-true-assembly.cpp:(.text+0x5186): undefined r
eference to `bam_read1'
/apps/gent/RHEL8/cascadelake-ib/software/binutils/2.40-GCCcore-12.3.0/bin/ld: ref-eval-estimate-true-assembly.cpp:(.text+0x53ec): undefined r
eference to `bam_header_destroy'
/apps/gent/RHEL8/cascadelake-ib/software/binutils/2.40-GCCcore-12.3.0/bin/ld: /tmp/vsc47063/eb-a_z9c238/ccMaNhdh.o: in function `extract_read
s(std::vector<ReadStruct, std::allocator<ReadStruct> >&, std::vector<bool, std::allocator<bool> > const&, std::__cxx11::basic_string<char, st
d::char_traits<char>, std::allocator<char> > const&, bool)':
ref-eval-estimate-true-assembly.cpp:(.text+0x43dd): undefined reference to `bam_header_destroy'
collect2: error: ld returned 1 exit status
make: *** [Makefile:157: ref-eval-estimate-true-assembly] Error 1
make: *** Waiting for unfinished jobs....
 (at easybuild/easybuild-framework/easybuild/tools/run.py:681 in parse_cmd_output)
== 2024-01-09 12:06:48,838 build_log.py:267 INFO ... (took 40 secs)
== 2024-01-09 12:06:48,838 filetools.py:2012 INFO Removing lock /user/gent/470/vsc47063/.local/easybuild/software/.locks/_user_gent_470_vsc47
063_.local_easybuild_software_DETONATE_1.11-GCC-12.3.0.lock...
== 2024-01-09 12:06:48,839 filetools.py:383 INFO Path /user/gent/470/vsc47063/.local/easybuild/software/.locks/_user_gent_470_vsc47063_.local
_easybuild_software_DETONATE_1.11-GCC-12.3.0.lock successfully removed.
== 2024-01-09 12:06:48,839 filetools.py:2016 INFO Lock removed: /user/gent/470/vsc47063/.local/easybuild/software/.locks/_user_gent_470_vsc47
063_.local_easybuild_software_DETONATE_1.11-GCC-12.3.0.lock
== 2024-01-09 12:06:48,839 easyblock.py:4277 WARNING build failed (first 300 chars): cmd " make  -j 8 CXX="$CXX" CXXFLAGS="$CXXFLAGS -fopenmp
" && cd ../rsem-eval && make CC="$CXX" CFLAGS="$CXXFLAGS"" exited with exit code 2 and output:


----------------------
----------------------------------
- Looking for CMake. -
- Building the CityHash library. -
----------------------
--------
== 2024-01-09 12:06:48,840 easyblock.py:328 INFO Closing log for application name DETONATE version 1.11
== 2024-01-09 12:06:48,840 build_log.py:267 INFO FAILED: Installation ended unsuccessfully (build directory: /tmp/vsc47063/easybuild/build/DE
TONATE/1.11/GCC-12.3.0): build failed (first 300 chars): cmd " make  -j 8 CXX="$CXX" CXXFLAGS="$CXXFLAGS -fopenmp" && cd ../rsem-eval && make
 CC="$CXX" CFLAGS="$CXXFLAGS"" exited with exit code 2 and output:


----------------------
----------------------------------
- Looking for CMake. -
- Building the CityHash library. -
----------------------
-------- (took 1 min 21 secs)
== 2024-01-09 12:06:48,840 build_log.py:267 INFO Results of the build can be found in the log file(s) /tmp/vsc47063/eb-a_z9c238/easybuild-DET
ONATE-1.11-20240109.120527.nTMyY.log
== 2024-01-09 12:06:48,841 build_log.py:171 ERROR EasyBuild crashed with an error (at easybuild/easybuild-framework/easybuild/base/exceptions
.py:126 in __init__): build failed (first 300 chars): cmd " make  -j 8 CXX="$CXX" CXXFLAGS="$CXXFLAGS -fopenmp" && cd ../rsem-eval && make CC
="$CXX" CFLAGS="$CXXFLAGS"" exited with exit code 2 and output:


----------------------
----------------------------------
- Looking for CMake. -
- Building the CityHash library. -
----------------------
-------- (at easybuild/easybuild-framework/easybuild/main.py:138 in build_and_install_software)
== 2024-01-09 12:06:48,842 build_log.py:171 ERROR EasyBuild crashed with an error (at easybuild/easybuild-framework/easybuild/base/exceptions
.py:126 in __init__): Build of /kyukon/home/gent/470/vsc47063/vsc-software-stack/223_detonate/detonate-1.11-GCC-12.3.0.eb failed (err: 'build
 failed (first 300 chars): cmd " make  -j 8 CXX="$CXX" CXXFLAGS="$CXXFLAGS -fopenmp" && cd ../rsem-eval && make CC="$CXX" CFLAGS="$CXXFLAGS""
 exited with exit code 2 and output:\n\n\n----------------------\n----------------------------------\n- Looking for CMake. -\n- Building the 
CityHash library. -\n----------------------\n--------') (at easybuild/easybuild-framework/easybuild/main.py:176 in build_and_install_software
)


After patch file error:
/apps/gent/RHEL8/cascadelake-ib/software/binutils/2.40-GCCcore-12.3.0/bin/ld: cannot find /apps/gent/RHEL8/cascadelake-ib/software/SAMtools/1
.18-GCC-12.3.0/lib/libbam.a: No such file or directory
collect2: error: ld returned 1 exit status
make: *** [Makefile:157: ref-eval-estimate-true-assembly] Error 1
make: *** Waiting for unfinished jobs....
/apps/gent/RHEL8/cascadelake-ib/software/binutils/2.40-GCCcore-12.3.0/bin/ld: cannot find /apps/gent/RHEL8/cascadelake-ib/software/SAMtools/1
.18-GCC-12.3.0/lib/libbam.a: No such file or directory
collect2: error: ld returned 1 exit status
make: *** [Makefile:149: ref-eval] Error 1
 (at easybuild/easybuild-framework/easybuild/tools/run.py:681 in parse_cmd_output)
== 2024-01-09 11:01:44,442 build_log.py:267 INFO ... (took 39 secs)
== 2024-01-09 11:01:44,442 filetools.py:2012 INFO Removing lock /user/gent/470/vsc47063/.local/easybuild/software/.locks/_user_gent_470_vsc47
063_.local_easybuild_software_DETONATE_1.11-GCC-12.3.0.lock...
----------------------
--------
== 2024-01-09 11:01:44,444 easyblock.py:328 INFO Closing log for application name DETONATE version 1.11
== 2024-01-09 11:01:44,444 build_log.py:267 INFO FAILED: Installation ended unsuccessfully (build directory: /tmp/vsc47063/easybuild/build/DE
TONATE/1.11/GCC-12.3.0): build failed (first 300 chars): cmd " make  -j 8 CXX="$CXX" CXXFLAGS="$CXXFLAGS -fopenmp" && cd ../rsem-eval && make
 CC="$CXX" CFLAGS="$CXXFLAGS"" exited with exit code 2 and output:


----------------------
----------------------------------
- Looking for CMake. -
- Building the CityHash library. -
----------------------
-------- (took 1 min 17 secs)
== 2024-01-09 11:01:44,444 build_log.py:267 INFO Results of the build can be found in the log file(s) /tmp/vsc47063/eb-8kzixp70/easybuild-DET
ONATE-1.11-20240109.110026.YOJJW.log
== 2024-01-09 11:01:44,445 build_log.py:171 ERROR EasyBuild crashed with an error (at easybuild/easybuild-framework/easybuild/base/exceptions
.py:126 in __init__): build failed (first 300 chars): cmd " make  -j 8 CXX="$CXX" CXXFLAGS="$CXXFLAGS -fopenmp" && cd ../rsem-eval && make CC
="$CXX" CFLAGS="$CXXFLAGS"" exited with exit code 2 and output:


----------------------
----------------------------------
- Looking for CMake. -
- Building the CityHash library. -
----------------------
-------- (at easybuild/easybuild-framework/easybuild/main.py:138 in build_and_install_software)
== 2024-01-09 11:01:44,446 build_log.py:171 ERROR EasyBuild crashed with an error (at easybuild/easybuild-framework/easybuild/base/exceptions.py:126 in __init__): 
Build of /kyukon/home/gent/470/vsc47063/vsc-software-stack/223_detonate/detonate-1.11-GCC-12.3.0.eb failed 
(err: 'build failed (first 300 chars): cmd " make  -j 8 CXX="$CXX" CXXFLAGS="$CXXFLAGS -fopenmp" && cd ../rsem-eval && make CC="$CXX" CFLAGS="$CXXFLAGS"" exited with exit code 2 and output:
\n\n\n----------------------\n----------------------------------\n- Looking for CMake. -\n- Building the CityHash library. -\n----------------------\n--------') 
(at easybuild/easybuild-framework/easybuild/main.py:176 in build_and_install_software)


With sed error:
== 2024-01-09 09:43:20,301 easyblock.py:328 INFO Closing log for application name DETONATE version 1.11
== 2024-01-09 09:43:20,301 build_log.py:267 INFO FAILED: Installation ended unsuccessfully (build directory: /tmp/vsc47063/easybuild/build/DETONATE/1.11/GCC-12.3.0): build failed (first 300 chars): 
cmd "sed -i 's/#include <queue>/#include <queue>\n#include <list>/' detonate-1.11/ref-eval/test_pairset.cpp &&  make  -j 8 CXX="$CXX" CXXFLAGS="$CXXFLAGS -fopenmp" && cd ../rsem-eval && make CC="$CXX" CFLAGS="$CXXFLAGS"" exited with exit code 2 and output:
sed: can't read detonate-1.11/ref-eval/test (took 37 secs)
== 2024-01-09 09:43:20,302 build_log.py:267 INFO Results of the build can be found in the log file(s) /tmp/vsc47063/eb-c41149z0/easybuild-DETONATE-1.11-20240109.094242.tcjdd.log
== 2024-01-09 09:43:20,302 build_log.py:171 ERROR EasyBuild crashed with an error (at easybuild/easybuild-framework/easybuild/base/exceptions.py:126 in __init__): build failed (first 300 chars): 
cmd "sed -i 's/#include <queue>/#include <queue>\n#include <list>/' detonate-1.11/ref-eval/test_pairset.cpp &&  make  -j 8 CXX="$CXX" CXXFLAGS="$CXXFLAGS -fopenmp" && cd ../rsem-eval && make CC="$CXX" CFLAGS="$CXXFLAGS"" exited with exit code 2 and output:
sed: can't read detonate-1.11/ref-eval/test (at easybuild/easybuild-framework/easybuild/main.py:138 in build_and_install_software)
== 2024-01-09 09:43:20,303 build_log.py:171 ERROR EasyBuild crashed with an error (at easybuild/easybuild-framework/easybuild/base/exceptions.py:126 in __init__): Build of /kyukon/home/gent/470/vsc47063/vsc-software-stack/223_detonate/detonate-1.11-GCC-12.3.0.eb failed (err: 'build failed (first 300 chars): 
cmd "sed -i \'s/#include <queue>/#include <queue>\\n#include <list>/\' detonate-1.11/ref-eval/test_pairset.cpp &&  make  -j 8 CXX="$CXX" CXXFLAGS="$CXXFLAGS -fopenmp" && cd ../rsem-eval && make CC="$CXX" CFLAGS="$CXXFLAGS"" exited with exit code 2 and output:\nsed: can\'t read detonate-1.11/ref-eval/test') 
(at easybuild/easybuild-framework/easybuild/main.py:176 in build_and_install_software)

TRY:
# prebuildopts = "sed -i 's/#include <queue>/#include <queue>\n#include <list>/' detonate-1.11/ref-eval/test_pairset.cpp && "
# prebuildopts = "sed -i 's/#include <queue>/#include <queue>\\n#include <list>/' detonate-1.11/ref-eval/test_pairset.cpp && "
# prebuildopts = "sed -i 's/#include <queue>/#include <queue>\\n#include <list>/' detonate-1.11/ref-eval/pairset.hh && "
# prebuildopts = "sed -i 's/#include <queue>/#include <queue>\\n#include <list>/' ref-eval/pairset.hh && "


It seems there is a problem: "pairset.hh:24:1: note: std::list is defined in header <list>; did you forget to #include <list>?"
Error:
    pairset.hh:178:10: error: list is not a member of std
    178 |     std::list<detail::rect> rects(squares.begin(), squares.end());
      |          ^~~~
    pairset.hh:24:1: note: std::list is defined in header <list>; did you forget to #include <list>?
    23 | #include <queue>
    +++ |+#include <list>
    24 | #include <boost/foreach.hpp>

    https://stackoverflow.com/questions/29401979/error-list-is-not-a-member-of-std-and-error-template-argument-2-is-invalid
    
Seems problem is not in BOOST but it requires SAMtools 0.x version insted of 1.x (see HackMD):
    action problem: error: undefined reference to 'bgzf_open'
    maybe DETONATE requires SAMtools 0.x ?
    similar to Fastaq-3.17.0-GCC-10.3.0.eb
    => try with Boost 1.82.0 + GCC/12.3.0, mention build errors in issue @ https://github.com/vscentrum/vsc-software-stack/issues/223
For 2023a there is BOOST 1.82.0 but it seems it is too new (it changes a lot in 1.75)
Already tried:
    toolchain = {'name': 'GCC', 'version': '12.3.0'}
    toolchain = {'name': 'intel', 'version': '2023a'}
    toolchain = {'name': 'GCC', 'version': '10.2.0'} -> to use BOOST 1.74
        + add BamTools 2.5.1
Create new dependency:
    sparsehash-2.0.4-GCCcore-12.3.0.eb

ERROR:
g++ -O2 -ftree-vectorize -march=native -fno-math-errno -std=c++11 -fopenmp -I/apps/gent/RHEL8/cascadelake-ib/software/Boost/1.82.0-GCC-12.3.0/include -Ilemon/build -Ilemon/lemon-main-473c71baff72 -Icity/install/include -I. -I/user/gent/470/vsc470
63/.local/easybuild/software/sparsehash/2.0.4-GCCcore-12.3.0/include -Ideweylab ref-eval-estimate-true-assembly.cpp /apps/gent/RHEL8/cascadelake-ib/software/Boost/1.82.0-GCC-12.3.0/lib/libboost_program_options.a /apps/gent/RHEL8/cascadelake-ib/so
ftware/Boost/1.82.0-GCC-12.3.0/lib/libboost_random.a lemon/build/lemon/libemon.a -lpthread city/install/lib/libcityhash.a /apps/gent/RHEL8/cascadelake-ib/software/SAMtools/1.18-GCC-12.3.0/lib/libbam.a -lz -o ref-eval-estimate-true-assembly

g++ -fopenmp -O2 -ftree-vectorize -march=native -fno-math-errno -std=c++11 -fopenmp -I/apps/gent/RHEL8/cascadelake-ib/software/Boost/1.82.0-GCC-12.3.0/include -Ilemon/build -Ilemon/lemon-main-473c71baff72 -Icity/install/include -I. -I/user/gent/4
70/vsc47063/.local/easybuild/software/sparsehash/2.0.4-GCCcore-12.3.0/include -Ideweylab ref-eval.cpp /apps/gent/RHEL8/cascadelake-ib/software/Boost/1.82.0-GCC-12.3.0/lib/libboost_program_options.a /apps/gent/RHEL8/cascadelake-ib/software/Boost/1
.82.0-GCC-12.3.0/lib/libboost_random.a lemon/build/lemon/libemon.a -lpthread city/install/lib/libcityhash.a /apps/gent/RHEL8/cascadelake-ib/software/SAMtools/1.18-GCC-12.3.0/lib/libbam.a -o ref-eval
In file included from deweylab/deweylab/bio/formats/fasta/InputStream.hh:30,
                 from deweylab/deweylab/bio/formats/fasta.hh:24,
                 from util.hh:29,
                 from fasta.hh:21,
                 from ref-eval-estimate-true-assembly.cpp:29:
deweylab/deweylab/util/stl.hh:118:33: warning: template<class _Arg, class _Result> struct std::unary_function is deprecated [-Wdeprecated-declarations]
  118 | struct FunctorRef : public std::unary_function<typename OP::argument_type,
      |                                 ^~~~~~~~~~~~~~
In file included from /kyukon/home/apps/RHEL8/cascadelake-ib/software/GCCcore/12.3.0/include/c++/12.3.0/bits/refwrap.h:39,
                 from /kyukon/home/apps/RHEL8/cascadelake-ib/software/GCCcore/12.3.0/include/c++/12.3.0/vector:66,
                 from ref-eval-estimate-true-assembly.cpp:19:
/kyukon/home/apps/RHEL8/cascadelake-ib/software/GCCcore/12.3.0/include/c++/12.3.0/bits/stl_function.h:117:12: note: declared here
  117 |     struct unary_function
      |            ^~~~~~~~~~~~~~
In file included from /apps/gent/RHEL8/cascadelake-ib/software/Boost/1.82.0-GCC-12.3.0/include/boost/function/detail/requires_cxx11.hpp:9,
                 from /apps/gent/RHEL8/cascadelake-ib/software/Boost/1.82.0-GCC-12.3.0/include/boost/function/detail/prologue.hpp:12,
                 from /apps/gent/RHEL8/cascadelake-ib/software/Boost/1.82.0-GCC-12.3.0/include/boost/function/function_template.hpp:13,
                 from /apps/gent/RHEL8/cascadelake-ib/software/Boost/1.82.0-GCC-12.3.0/include/boost/function/detail/maybe_include.hpp:22,
                 from /apps/gent/RHEL8/cascadelake-ib/software/Boost/1.82.0-GCC-12.3.0/include/boost/function/function1.hpp:11,
                 from /apps/gent/RHEL8/cascadelake-ib/software/Boost/1.82.0-GCC-12.3.0/include/boost/program_options/value_semantic.hpp:13,
                 from /apps/gent/RHEL8/cascadelake-ib/software/Boost/1.82.0-GCC-12.3.0/include/boost/program_options/options_description.hpp:13,
                 from /apps/gent/RHEL8/cascadelake-ib/software/Boost/1.82.0-GCC-12.3.0/include/boost/program_options.hpp:15,
                 from ref-eval-estimate-true-assembly.cpp:24:
/apps/gent/RHEL8/cascadelake-ib/software/Boost/1.82.0-GCC-12.3.0/include/boost/config/pragma_message.hpp:24:34: note: #pragma message: This header is deprecated. Use <boost/iterator/function_output_iterator.hpp> instead.
   24 | # define BOOST_PRAGMA_MESSAGE(x) _Pragma(BOOST_STRINGIZE(message(x)))
      |                                  ^~~~~~~
/apps/gent/RHEL8/cascadelake-ib/software/Boost/1.82.0-GCC-12.3.0/include/boost/config/header_deprecated.hpp:23:37: note: in expansion of macro BOOST_PRAGMA_MESSAGE
   23 | # define BOOST_HEADER_DEPRECATED(a) BOOST_PRAGMA_MESSAGE("This header is deprecated. Use " a " instead.")
      |                                     ^~~~~~~~~~~~~~~~~~~~
/apps/gent/RHEL8/cascadelake-ib/software/Boost/1.82.0-GCC-12.3.0/include/boost/function_output_iterator.hpp:14:1: note: in expansion of macro BOOST_HEADER_DEPRECATED
   14 | BOOST_HEADER_DEPRECATED("<boost/iterator/function_output_iterator.hpp>")
      | ^~~~~~~~~~~~~~~~~~~~~~~
In file included from deweylab/deweylab/bio/formats/fasta/InputStream.hh:30,
                 from deweylab/deweylab/bio/formats/fasta.hh:24,
                 from util.hh:29,
                 from fasta.hh:21,
                 from ref-eval.cpp:25:
deweylab/deweylab/util/stl.hh:118:33: warning: template<class _Arg, class _Result> struct std::unary_function is deprecated [-Wdeprecated-declarations]
  118 | struct FunctorRef : public std::unary_function<typename OP::argument_type,
      |                                 ^~~~~~~~~~~~~~
In file included from /kyukon/home/apps/RHEL8/cascadelake-ib/software/GCCcore/12.3.0/include/c++/12.3.0/string:48,
                 from /kyukon/home/apps/RHEL8/cascadelake-ib/software/GCCcore/12.3.0/include/c++/12.3.0/bits/locale_classes.h:40,
                 from /kyukon/home/apps/RHEL8/cascadelake-ib/software/GCCcore/12.3.0/include/c++/12.3.0/bits/ios_base.h:41,
                 from /kyukon/home/apps/RHEL8/cascadelake-ib/software/GCCcore/12.3.0/include/c++/12.3.0/ios:42,
                 from /kyukon/home/apps/RHEL8/cascadelake-ib/software/GCCcore/12.3.0/include/c++/12.3.0/ostream:38,
                 from /kyukon/home/apps/RHEL8/cascadelake-ib/software/GCCcore/12.3.0/include/c++/12.3.0/iostream:39,
                 from ref-eval.cpp:20:
/kyukon/home/apps/RHEL8/cascadelake-ib/software/GCCcore/12.3.0/include/c++/12.3.0/bits/stl_function.h:117:12: note: declared here
  117 |     struct unary_function
      |            ^~~~~~~~~~~~~~
In file included from /apps/gent/RHEL8/cascadelake-ib/software/Boost/1.82.0-GCC-12.3.0/include/boost/function/detail/requires_cxx11.hpp:9,
                 from /apps/gent/RHEL8/cascadelake-ib/software/Boost/1.82.0-GCC-12.3.0/include/boost/function/detail/prologue.hpp:12,
                 from /apps/gent/RHEL8/cascadelake-ib/software/Boost/1.82.0-GCC-12.3.0/include/boost/function/function_template.hpp:13,
                 from /apps/gent/RHEL8/cascadelake-ib/software/Boost/1.82.0-GCC-12.3.0/include/boost/function/detail/maybe_include.hpp:22,
                 from /apps/gent/RHEL8/cascadelake-ib/software/Boost/1.82.0-GCC-12.3.0/include/boost/function/function1.hpp:11,
                 from /apps/gent/RHEL8/cascadelake-ib/software/Boost/1.82.0-GCC-12.3.0/include/boost/program_options/value_semantic.hpp:13,
                 from /apps/gent/RHEL8/cascadelake-ib/software/Boost/1.82.0-GCC-12.3.0/include/boost/program_options/options_description.hpp:13,
                 from /apps/gent/RHEL8/cascadelake-ib/software/Boost/1.82.0-GCC-12.3.0/include/boost/program_options.hpp:15,
                 from ref-eval.cpp:22:
/apps/gent/RHEL8/cascadelake-ib/software/Boost/1.82.0-GCC-12.3.0/include/boost/config/pragma_message.hpp:24:34: note: #pragma message: This header is deprecated. Use <boost/iterator/function_output_iterator.hpp> instead.
   24 | # define BOOST_PRAGMA_MESSAGE(x) _Pragma(BOOST_STRINGIZE(message(x)))
      |                                  ^~~~~~~
/apps/gent/RHEL8/cascadelake-ib/software/Boost/1.82.0-GCC-12.3.0/include/boost/config/header_deprecated.hpp:23:37: note: in expansion of macro BOOST_PRAGMA_MESSAGE
   23 | # define BOOST_HEADER_DEPRECATED(a) BOOST_PRAGMA_MESSAGE("This header is deprecated. Use " a " instead.")
      |                                     ^~~~~~~~~~~~~~~~~~~~
/apps/gent/RHEL8/cascadelake-ib/software/Boost/1.82.0-GCC-12.3.0/include/boost/function_output_iterator.hpp:14:1: note: in expansion of macro BOOST_HEADER_DEPRECATED
   14 | BOOST_HEADER_DEPRECATED("<boost/iterator/function_output_iterator.hpp>")
      | ^~~~~~~~~~~~~~~~~~~~~~~
/apps/gent/RHEL8/cascadelake-ib/software/Boost/1.82.0-GCC-12.3.0/include/boost/config/pragma_message.hpp:24:34: note: #pragma message: This header is deprecated. Use <iterator> instead.
   24 | # define BOOST_PRAGMA_MESSAGE(x) _Pragma(BOOST_STRINGIZE(message(x)))
      |                                  ^~~~~~~
/apps/gent/RHEL8/cascadelake-ib/software/Boost/1.82.0-GCC-12.3.0/include/boost/config/header_deprecated.hpp:23:37: note: in expansion of macro BOOST_PRAGMA_MESSAGE
   23 | # define BOOST_HEADER_DEPRECATED(a) BOOST_PRAGMA_MESSAGE("This header is deprecated. Use " a " instead.")
      |                                     ^~~~~~~~~~~~~~~~~~~~
/apps/gent/RHEL8/cascadelake-ib/software/Boost/1.82.0-GCC-12.3.0/include/boost/iterator.hpp:10:1: note: in expansion of macro BOOST_HEADER_DEPRECATED
   10 | BOOST_HEADER_DEPRECATED("<iterator>")
      | ^~~~~~~~~~~~~~~~~~~~~~~
In file included from re_matched.hh:28,
                 from ref-eval.cpp:28:
pairset.hh: In member function size_t smart_pairset::size() const:
pairset.hh:178:10: error: list is not a member of std
  178 |     std::list<detail::rect> rects(squares.begin(), squares.end());
      |          ^~~~
pairset.hh:24:1: note: std::list is defined in header <list>; did you forget to #include <list>?
   23 | #include <queue>
  +++ |+#include <list>
   24 | #include <boost/foreach.hpp>
pairset.hh:178:27: error: expected primary-expression before > token
  178 |     std::list<detail::rect> rects(squares.begin(), squares.end());
      |                           ^
pairset.hh:178:29: error: rects was not declared in this scope
  178 |     std::list<detail::rect> rects(squares.begin(), squares.end());
      |                             ^~~~~
pairset.hh:181:10: error: list is not a member of std
  181 |     std::list<detail::rect>::iterator A, B, end = rects.end();
      |          ^~~~
pairset.hh:181:10: note: std::list is defined in header <list>; did you forget to #include <list>?
pairset.hh:181:27: error: expected primary-expression before > token
  181 |     std::list<detail::rect>::iterator A, B, end = rects.end();
      |                           ^
pairset.hh:181:30: error: ::iterator has not been declared
  181 |     std::list<detail::rect>::iterator A, B, end = rects.end();
      |                              ^~~~~~~~
pairset.hh:181:30: note: suggested alternatives:
In file included from /kyukon/home/apps/RHEL8/cascadelake-ib/software/GCCcore/12.3.0/include/c++/12.3.0/string:45:
/kyukon/home/apps/RHEL8/cascadelake-ib/software/GCCcore/12.3.0/include/c++/12.3.0/bits/stl_iterator_base_types.h:127:34: note:   std::iterator
  127 |     struct _GLIBCXX17_DEPRECATED iterator
      |                                  ^~~~~~~~
/kyukon/home/apps/RHEL8/cascadelake-ib/software/GCCcore/12.3.0/include/c++/12.3.0/bits/stl_iterator_base_types.h:127:34: note:   std::iterator
In file included from /apps/gent/RHEL8/cascadelake-ib/software/Boost/1.82.0-GCC-12.3.0/include/boost/unordered/detail/set.hpp:7,
                 from /apps/gent/RHEL8/cascadelake-ib/software/Boost/1.82.0-GCC-12.3.0/include/boost/unordered/unordered_set.hpp:22,
                 from /apps/gent/RHEL8/cascadelake-ib/software/Boost/1.82.0-GCC-12.3.0/include/boost/unordered_set.hpp:17,
                 from deweylab/deweylab/util/string.hh:29,
                 from deweylab/deweylab/bio/formats/fasta/InputStream.cc:27,
                 from deweylab/deweylab/bio/formats/fasta/InputStream.hh:71:
/apps/gent/RHEL8/cascadelake-ib/software/Boost/1.82.0-GCC-12.3.0/include/boost/unordered/detail/implementation.hpp:1703:51: note:   boost::unordered::detail::iterator_detail::iterator
 1703 |         template <class Node, class Bucket> class iterator
      |                                                   ^~~~~~~~
pairset.hh:182:10: error: A was not declared in this scope
  182 |     for (A = rects.begin(); A != end; ) {
      |          ^
pairset.hh:182:34: error: end was not declared in this scope
  182 |     for (A = rects.begin(); A != end; ) {
      |                                  ^~~
pairset.hh:182:34: note: suggested alternatives:
In file included from /kyukon/home/apps/RHEL8/cascadelake-ib/software/GCCcore/12.3.0/include/c++/12.3.0/string:52:
/kyukon/home/apps/RHEL8/cascadelake-ib/software/GCCcore/12.3.0/include/c++/12.3.0/bits/range_access.h:106:5: note:   std::end
  106 |     end(_Tp (&__arr)[_Nm]) noexcept
      |     ^~~
In file included from /apps/gent/RHEL8/cascadelake-ib/software/Boost/1.82.0-GCC-12.3.0/include/boost/range/functions.hpp:19,
                 from /apps/gent/RHEL8/cascadelake-ib/software/Boost/1.82.0-GCC-12.3.0/include/boost/range/iterator_range_core.hpp:38,
                 from /apps/gent/RHEL8/cascadelake-ib/software/Boost/1.82.0-GCC-12.3.0/include/boost/lexical_cast.hpp:30,
                 from /apps/gent/RHEL8/cascadelake-ib/software/Boost/1.82.0-GCC-12.3.0/include/boost/program_options/value_semantic.hpp:14:
/apps/gent/RHEL8/cascadelake-ib/software/Boost/1.82.0-GCC-12.3.0/include/boost/range/end.hpp:104:61: note:   boost::range_adl_barrier::end
  104 | inline BOOST_DEDUCED_TYPENAME range_iterator<const T>::type end( const T& r )
      |                                                             ^~~
In file included from ref-eval.cpp:23:
/apps/gent/RHEL8/cascadelake-ib/software/Boost/1.82.0-GCC-12.3.0/include/boost/foreach.hpp:736:1: note:   boost::foreach_detail_::end
  736 | end(auto_any_t, type2type<T *, C> *, boost::mpl::true_ *) // null-terminated C-style strings
      | ^~~
pairset.hh:184:12: error: B was not declared in this scope
  184 |       for (B = rects.begin(); B != end; ++B) {
      |            ^
pairset.hh:206:10: error: A was not declared in this scope
  206 |     for (A = rects.begin(); A != end; ++A) {
      |          ^
pairset.hh:206:34: error: end was not declared in this scope
  206 |     for (A = rects.begin(); A != end; ++A) {
      |                                  ^~~
pairset.hh:206:34: note: suggested alternatives:
/kyukon/home/apps/RHEL8/cascadelake-ib/software/GCCcore/12.3.0/include/c++/12.3.0/bits/range_access.h:106:5: note:   std::end
  106 |     end(_Tp (&__arr)[_Nm]) noexcept
      |     ^~~
/apps/gent/RHEL8/cascadelake-ib/software/Boost/1.82.0-GCC-12.3.0/include/boost/range/end.hpp:104:61: note:   boost::range_adl_barrier::end
  104 | inline BOOST_DEDUCED_TYPENAME range_iterator<const T>::type end( const T& r )
      |                                                             ^~~
/apps/gent/RHEL8/cascadelake-ib/software/Boost/1.82.0-GCC-12.3.0/include/boost/foreach.hpp:736:1: note:   boost::foreach_detail_::end
  736 | end(auto_any_t, type2type<T *, C> *, boost::mpl::true_ *) // null-terminated C-style strings
      | ^~~
pairset.hh:207:12: error: B was not declared in this scope
  207 |       for (B = rects.begin(); B != A; ++B) { // iterate over all B such that B starts before A
      |            ^
pairset.hh:221:10: error: A was not declared in this scope
  221 |     for (A = rects.begin(); A != end; ++A) {
      |          ^
pairset.hh:221:34: error: end was not declared in this scope
  221 |     for (A = rects.begin(); A != end; ++A) {
      |                                  ^~~
pairset.hh:221:34: note: suggested alternatives:
/kyukon/home/apps/RHEL8/cascadelake-ib/software/GCCcore/12.3.0/include/c++/12.3.0/bits/range_access.h:106:5: note:   std::end
  106 |     end(_Tp (&__arr)[_Nm]) noexcept
      |     ^~~
/apps/gent/RHEL8/cascadelake-ib/software/Boost/1.82.0-GCC-12.3.0/include/boost/range/end.hpp:104:61: note:   boost::range_adl_barrier::end
  104 | inline BOOST_DEDUCED_TYPENAME range_iterator<const T>::type end( const T& r )
      |                                                             ^~~
/apps/gent/RHEL8/cascadelake-ib/software/Boost/1.82.0-GCC-12.3.0/include/boost/foreach.hpp:736:1: note:   boost::foreach_detail_::end
  736 | end(auto_any_t, type2type<T *, C> *, boost::mpl::true_ *) // null-terminated C-style strings
      | ^~~
make: *** [Makefile:149: ref-eval] Error 1
make: *** Waiting for unfinished jobs....
/apps/gent/RHEL8/cascadelake-ib/software/binutils/2.40-GCCcore-12.3.0/bin/ld: cannot find /apps/gent/RHEL8/cascadelake-ib/software/SAMtools/1.18-GCC-12.3.0/lib/libbam.a: No such file or directory
collect2: error: ld returned 1 exit status
make: *** [Makefile:157: ref-eval-estimate-true-assembly] Error 1
 (at easybuild/easybuild-framework/easybuild/tools/run.py:681 in parse_cmd_output)
== 2024-01-08 17:25:25,630 build_log.py:267 INFO ... (took 24 secs)
== 2024-01-08 17:25:25,630 filetools.py:2012 INFO Removing lock /user/gent/470/vsc47063/.local/easybuild/software/.locks/_user_gent_470_vsc47063_.local_easybuild_software_DETONATE_1.11-GCC-12.3.0.lock...
== 2024-01-08 17:25:25,631 filetools.py:383 INFO Path /user/gent/470/vsc47063/.local/easybuild/software/.locks/_user_gent_470_vsc47063_.local_easybuild_software_DETONATE_1.11-GCC-12.3.0.lock successfully removed.
== 2024-01-08 17:25:25,631 filetools.py:2016 INFO Lock removed: /user/gent/470/vsc47063/.local/easybuild/software/.locks/_user_gent_470_vsc47063_.local_easybuild_software_DETONATE_1.11-GCC-12.3.0.lock
== 2024-01-08 17:25:25,631 easyblock.py:4277 WARNING build failed (first 300 chars): cmd " make  -j 8 CXX="$CXX" CXXFLAGS="$CXXFLAGS -fopenmp" && cd ../rsem-eval && make CC="$CXX" CFLAGS="$CXXFLAGS"" exited with exit code 2 and output:


----------------------------------
----------------------
- Building the CityHash library. -
- Looking for CMake. -
-------------------------------
== 2024-01-08 17:25:25,631 easyblock.py:328 INFO Closing log for application name DETONATE version 1.11
== 2024-01-08 17:25:25,631 build_log.py:267 INFO FAILED: Installation ended unsuccessfully (build directory: /tmp/vsc47063/easybuild/build/DETONATE/1.11/GCC-12.3.0): build failed (first 300 chars): cmd " make  -j 8 CXX="$CXX" CXXFLAGS="$CXXFLAGS 
-fopenmp" && cd ../rsem-eval && make CC="$CXX" CFLAGS="$CXXFLAGS"" exited with exit code 2 and output:


----------------------------------
----------------------
- Building the CityHash library. -
- Looking for CMake. -
------------------------------- (took 1 min 3 secs)
== 2024-01-08 17:25:25,632 build_log.py:267 INFO Results of the build can be found in the log file(s) /tmp/vsc47063/eb-jk2333dz/easybuild-DETONATE-1.11-20240108.172422.mvFrT.log
== 2024-01-08 17:25:25,632 build_log.py:171 ERROR EasyBuild crashed with an error (at easybuild/easybuild-framework/easybuild/base/exceptions.py:126 in __init__): build failed (first 300 chars): cmd " make  -j 8 CXX="$CXX" CXXFLAGS="$CXXFLAGS -fo
penmp" && cd ../rsem-eval && make CC="$CXX" CFLAGS="$CXXFLAGS"" exited with exit code 2 and output:


----------------------------------
----------------------
- Building the CityHash library. -
- Looking for CMake. -
------------------------------- (at easybuild/easybuild-framework/easybuild/main.py:138 in build_and_install_software)
== 2024-01-08 17:25:25,633 build_log.py:171 ERROR EasyBuild crashed with an error (at easybuild/easybuild-framework/easybuild/base/exceptions.py:126 in __init__): Build of /kyukon/home/gent/470/vsc47063/vsc-software-stack/223_detonate/detonate-1.
11-GCC-12.3.0.eb failed (err: 'build failed (first 300 chars): cmd " make  -j 8 CXX="$CXX" CXXFLAGS="$CXXFLAGS -fopenmp" && cd ../rsem-eval && make CC="$CXX" CFLAGS="$CXXFLAGS"" exited with exit code 2 and output:\n\n\n---------------------------
-------\n----------------------\n- Building the CityHash library. -\n- Looking for CMake. -\n-------------------------------') (at easybuild/easybuild-framework/easybuild/main.py:176 in build_and_install_software)