== 2024-06-26 17:17:53,013 easyblock.py:3958 INFO Running method test_step part of step test
asybuild/build/CP2K/2024.1/foss-2023a/cp2k-2024.1/data (previously undefined)
ss-2023a/cp2k-2024.1/tests/do_regtest.py Linux-x86-64-foss psmp 
.1/foss-2023a/cp2k-2024.1/tests/do_regtest.py Linux-x86-64-foss psmp" exited with exit code 1 and output:
*************************** Testing started ****************************

----------------------------- Settings ---------------------------------
MPI ranks:      2
OpenMP threads: 2
GPU devices:    1
Workers:        9
Timeout [s]:    400
ss/psmp/TEST-Linux-x86-64-foss-psmp-2024-06-26_17-17-54
MPI exec:       ['mpiexec', '--bind-to', 'none']
Smoke test:     False
Valgrind:       False
Keepalive:      False
Flag slow:      False
Debug:          False
ARCH:           Linux-x86-64-foss
VERSION:        psmp
Flags:          omp,libint,fftw3,libxc,parallel,scalapack,xsmm,plumed2,libvori,libbqb
------------------------------------------------------------------------
Copying test files ... done
Skipping UNIT/nequip_unittest because its requirements are not satisfied.
Skipping QS/regtest-ecp because its requirements are not satisfied.
Skipping TMC/regtest_ana_on_the_fly because its requirements are not satisfied.
Skipping SIRIUS/regtest-1 because its requirements are not satisfied.
Skipping QS/regtest-elpa-2 because its requirements are not satisfied.
Skipping QS/regtest-pexsi because its requirements are not satisfied.
Skipping QS/regtest-elpa-qr because its requirements are not satisfied.
Skipping QS/regtest-spgr because its requirements are not satisfied.
Skipping QS/regtest-elpa because its requirements are not satisfied.
Skipping QS/regtest-cusolver because its requirements are not satisfied.
Skipping QS/regtest-dlaf because its requirements are not satisfied.
Skipping Fist/regtest-spgr because its requirements are not satisfied.
Skipping Fist/regtest-quip because its requirements are not satisfied.
Skipping Fist/regtest-nequip because its requirements are not satisfied.
Skipping Fist/regtest-allegro because its requirements are not satisfied.
Launched 347 test directories and 9 worker...
>>> /tmp/vsc47063/easybuild/build/CP2K/2024.1/foss-2023a/cp2k-2024.1/regtesting/Linux-x86-64-foss/psmp/TEST
-Linux-x86-64-foss-psmp-2024-06-26_17-17-54/UNIT/memory_utilities_unittest
    memory_utilities_unittest                                                                        -     
      OK (   0.29 sec)
<<< /tmp/vsc47063/easybuild/build/CP2K/2024.1/foss-2023a/cp2k-2024.1/regtesting/Linux-x86-64-foss/psmp/TEST
-Linux-x86-64-foss-psmp-2024-06-26_17-17-54/UNIT/memory_utilities_unittest (1 of 347) done in 0.29 sec
>>> /tmp/vsc47063/easybuild/build/CP2K/2024.1/foss-2023a/cp2k-2024.1/regtesting/Linux-x86-64-foss/psmp/TEST
-Linux-x86-64-foss-psmp-2024-06-26_17-17-54/UNIT/grid_unittest
    grid_unittest                                                                                    -     
      OK (   0.82 sec)
<<< /tmp/vsc47063/easybuild/build/CP2K/2024.1/foss-2023a/cp2k-2024.1/regtesting/Linux-x86-64-foss/psmp/TEST
-Linux-x86-64-foss-psmp-2024-06-26_17-17-54/UNIT/grid_unittest (2 of 347) done in 0.82 sec
>>> /tmp/vsc47063/easybuild/build/CP2K/2024.1/foss-2023a/cp2k-2024.1/regtesting/Linux-x86-64-foss/psmp/TEST
-Linux-x86-64-foss-psmp-2024-06-26_17-17-54/UNIT/parallel_rng_types_unittest
>>> /tmp/vsc47063/easybuild/build/CP2K/2024.1/foss-2023a/cp2k-2024.1/regtesting/Linux-x86-64-foss/psmp/TEST
-Linux-x86-64-foss-psmp-2024-06-26_17-17-54/UNIT/parallel_rng_types_unittest
    parallel_rng_types_unittest                                                                      -     
      OK (   2.28 sec)
<<< /tmp/vsc47063/easybuild/build/CP2K/2024.1/foss-2023a/cp2k-2024.1/regtesting/Linux-x86-64-foss/psmp/TEST
-Linux-x86-64-foss-psmp-2024-06-26_17-17-54/UNIT/memory_utilities_unittest (1 of 347) done in 0.29 sec
-Linux-x86-64-foss-psmp-2024-06-26_17-17-54/UNIT/grid_unittest
      OK (   0.82 sec)
-Linux-x86-64-foss-psmp-2024-06-26_17-17-54/UNIT/grid_unittest (2 of 347) done in 0.82 sec
-Linux-x86-64-foss-psmp-2024-06-26_17-17-54/UNIT/parallel_rng_types_unittest
      OK (   2.28 sec)
-Linux-x86-64-foss-psmp-2024-06-26_17-17-54/UNIT/parallel_rng_types_unittest (3 of 347) done in 2.28 sec
-Linux-x86-64-foss-psmp-2024-06-26_17-17-54/UNIT/libcp2k_unittest
IMED OUT ( 401.14 sec)
-Linux-x86-64-foss-psmp-2024-06-26_17-17-54/UNIT/libcp2k_unittest (4 of 347) done in 401.14 sec
-Linux-x86-64-foss-psmp-2024-06-26_17-17-54/QS/regtest-wfn-restart
IMED OUT ( 401.13 sec)
-Linux-x86-64-foss-psmp-2024-06-26_17-17-54/QS/regtest-wfn-restart (5 of 347) done in 401.13 sec
-Linux-x86-64-foss-psmp-2024-06-26_17-17-54/UNIT/dbt_tas_unittest
IMED OUT ( 401.15 sec)
-Linux-x86-64-foss-psmp-2024-06-26_17-17-54/UNIT/dbt_tas_unittest (6 of 347) done in 401.15 sec
-Linux-x86-64-foss-psmp-2024-06-26_17-17-54/UNIT/dbt_unittest
IMED OUT ( 401.12 sec)
      OK (   3.34 sec)
IMED OUT ( 401.01 sec)
      OK (   3.43 sec)
IMED OUT ( 401.01 sec)
-Linux-x86-64-foss-psmp-2024-06-26_17-17-54/QS/regtest-as-3 (10 of 347) done in 1611.05 sec
-Linux-x86-64-foss-psmp-2024-06-26_17-17-54/QS/regtest-dcdft-hfx
      OK (   6.11 sec)
IMED OUT ( 401.01 sec)
     OK (   4.85 sec)
IMED OUT ( 401.01 sec)
IMED OUT ( 401.01 sec)
IMED OUT ( 401.01 sec)
      OK (   9.72 sec)
      OK (   4.91 sec)
-Linux-x86-64-foss-psmp-2024-06-26_17-17-54/QS/regtest-dcdft-hfx (11 of 347) done in 1629.64 sec
-Linux-x86-64-foss-psmp-2024-06-26_17-17-54/QS/regtest-ri-rpa
IMED OUT ( 401.11 sec)
IMED OUT ( 401.11 sec)
IMED OUT ( 401.11 sec)
      OK (   4.23 sec)
IMED OUT ( 401.11 sec)
IMED OUT ( 401.11 sec)
      OK (   4.35 sec)
      OK (   5.62 sec)
IME FAIL (   3.39 sec)
      OK (   4.21 sec)
IME FAIL (   4.10 sec)
-Linux-x86-64-foss-psmp-2024-06-26_17-17-54/QS/regtest-ri-rpa (12 of 347) done in 2031.46 sec
-Linux-x86-64-foss-psmp-2024-06-26_17-17-54/QS/regtest-mp2-grad-2
      OK (   4.46 sec)
IMED OUT ( 401.01 sec)
      OK (   6.61 sec)
      OK (   6.00 sec)
IMED OUT ( 401.01 sec)
IMED OUT ( 401.02 sec)
IME FAIL (   2.23 sec)
-Linux-x86-64-foss-psmp-2024-06-26_17-17-54/QS/regtest-mp2-grad-2 (13 of 347) done in 1222.34 sec
-Linux-x86-64-foss-psmp-2024-06-26_17-17-54/QS/regtest-as-2
      OK (   6.51 sec)
IMED OUT ( 401.01 sec)
IMED OUT ( 401.01 sec)
IMED OUT ( 401.01 sec)
      OK (   3.36 sec)
IMED OUT ( 401.01 sec)
      OK (   4.54 sec)
      OK (   7.26 sec)
IMED OUT ( 401.01 sec)
IMED OUT ( 401.01 sec)
IMED OUT ( 401.01 sec)
      OK (   3.67 sec)
      -Linux-x86-64-foss-psmp-2024-06-26_17-17-54/QS/regtest-as-2 (14 of 347) done in 2832.41 sec
-Linux-x86-64-foss-psmp-2024-06-26_17-17-54/QS/regtest-double-hybrid-stress-numer-laplace
      OK (   5.42 sec)
IMED OUT ( 401.01 sec)
in 406.43 sec
-Linux-x86-64-foss-psmp-2024-06-26_17-17-54/QS/regtest-rpa-cubic-scaling
IME FAIL (   5.00 sec)
IME FAIL (   4.55 sec)
IMED OUT ( 401.03 sec)
IMED OUT ( 401.01 sec)
IME FAIL (   3.66 sec)
IME FAIL (   3.09 sec)
IME FAIL (   2.90 sec)
IME FAIL (   6.02 sec)
IMED OUT ( 401.01 sec)
IME FAIL (   2.52 sec)
-Linux-x86-64-foss-psmp-2024-06-26_17-17-54/QS/regtest-rpa-cubic-scaling (16 of 347) done in 1230.80 sec
-Linux-x86-64-foss-psmp-2024-06-26_17-17-54/QS/regtest-double-hybrid-grad-laplace
      OK (   4.63 sec)
      OK (   7.94 sec)
 sec
-Linux-x86-64-foss-psmp-2024-06-26_17-17-54/QS/regtest-double-hybrid-grad-numer-meta
      OK (   6.09 sec)
      OK (   6.83 sec)
.92 sec
-Linux-x86-64-foss-psmp-2024-06-26_17-17-54/QS/regtest-double-hybrid-stress-numer-meta
IMED OUT ( 401.01 sec)
      OK (   3.68 sec)
404.69 sec
-Linux-x86-64-foss-psmp-2024-06-26_17-17-54/QS/regtest-double-hybrid-stress-meta
IMED OUT ( 401.01 sec)
      OK (   3.79 sec)
 sec
-Linux-x86-64-foss-psmp-2024-06-26_17-17-54/QS/regtest-rpa-cubic-scaling-2
IMED OUT ( 401.01 sec)
IMED OUT ( 401.01 sec)
IME FAIL (   7.05 sec)
IME FAIL (   2.71 sec)
IME FAIL (   4.02 sec)
IMED OUT ( 401.01 sec)
IME FAIL (   3.01 sec)
IMED OUT ( 401.01 sec)
-Linux-x86-64-foss-psmp-2024-06-26_17-17-54/QS/regtest-rpa-cubic-scaling-2 (21 of 347) done in 1620.85 sec

Got more than 50 errors, aborting...
------------------------------- Errors ---------------------------------
xxxxxxxxxxxxxxxxxxxxxxxxxxxxxxxxxxxxxxxxxxxxxxxxxxxxxxxxxxxxxxxxxxxxxxxxxxxxxxxxxxxxxxxxxxxxxxxxxxxx
ux-x86-64-foss-psmp-2024-06-26_17-17-54/UNIT/libcp2k_unittest/libcp2k_unittest.out


Timed out after 401.13819803111255 seconds.
xxxxxxxxxxxxxxxxxxxxxxxxxxxxxxxxxxxxxxxxxxxxxxxxxxxxxxxxxxxxxxxxxxxxxxxxxxxxxxxxxxxxxxxxxxxxxxxxxxxx
ux-x86-64-foss-psmp-2024-06-26_17-17-54/QS/regtest-wfn-restart/H2O-wfn-restart-check.inp.out


Timed out after 401.1270659719594 seconds.
xxxxxxxxxxxxxxxxxxxxxxxxxxxxxxxxxxxxxxxxxxxxxxxxxxxxxxxxxxxxxxxxxxxxxxxxxxxxxxxxxxxxxxxxxxxxxxxxxxxx
ux-x86-64-foss-psmp-2024-06-26_17-17-54/UNIT/dbt_tas_unittest/dbt_tas_unittest.out


Timed out after 401.1460053906776 seconds.
xxxxxxxxxxxxxxxxxxxxxxxxxxxxxxxxxxxxxxxxxxxxxxxxxxxxxxxxxxxxxxxxxxxxxxxxxxxxxxxxxxxxxxxxxxxxxxxxxxxx
ux-x86-64-foss-psmp-2024-06-26_17-17-54/UNIT/dbt_unittest/dbt_unittest.out


Timed out after 401.1478698570281 seconds.
xxxxxxxxxxxxxxxxxxxxxxxxxxxxxxxxxxxxxxxxxxxxxxxxxxxxxxxxxxxxxxxxxxxxxxxxxxxxxxxxxxxxxxxxxxxxxxxxxxxx
ux-x86-64-foss-psmp-2024-06-26_17-17-54/QS/regtest-ri-rpa-grad/RI_RPA_grad_MP2_CH3.inp.out


Timed out after 401.0115337972529 seconds.
xxxxxxxxxxxxxxxxxxxxxxxxxxxxxxxxxxxxxxxxxxxxxxxxxxxxxxxxxxxxxxxxxxxxxxxxxxxxxxxxxxxxxxxxxxxxxxxxxxxx
ux-x86-64-foss-psmp-2024-06-26_17-17-54/QS/regtest-ri-rpa-grad/RI_RPA_grad_MP2_H2O_HF_PBE_ADMM.inp.out


Timed out after 401.01132778124884 seconds.
xxxxxxxxxxxxxxxxxxxxxxxxxxxxxxxxxxxxxxxxxxxxxxxxxxxxxxxxxxxxxxxxxxxxxxxxxxxxxxxxxxxxxxxxxxxxxxxxxxxx
ux-x86-64-foss-psmp-2024-06-26_17-17-54/QS/regtest-sos-mp2-grad/RI_laplace_MP2_H2O.inp.out


Timed out after 401.12134978501126 seconds.
xxxxxxxxxxxxxxxxxxxxxxxxxxxxxxxxxxxxxxxxxxxxxxxxxxxxxxxxxxxxxxxxxxxxxxxxxxxxxxxxxxxxxxxxxxxxxxxxxxxx
ux-x86-64-foss-psmp-2024-06-26_17-17-54/QS/regtest-sos-mp2-grad/RI_laplace_MP2_H2O_degen.inp.out


Timed out after 401.10235463501886 seconds.
xxxxxxxxxxxxxxxxxxxxxxxxxxxxxxxxxxxxxxxxxxxxxxxxxxxxxxxxxxxxxxxxxxxxxxxxxxxxxxxxxxxxxxxxxxxxxxxxxxxx
ux-x86-64-foss-psmp-2024-06-26_17-17-54/QS/regtest-sos-mp2-grad/RI_laplace_MP2_CH3.inp.out


Timed out after 401.1092568919994 seconds.
Timed out after 401.1418329561129 seconds.
xxxxxxxxxxxxxxxxxxxxxxxxxxxxxxxxxxxxxxxxxxxxxxxxxxxxxxxxxxxxxxxxxxxxxxxxxxxxxxxxxxxxxxxxxxxxxxxxxxxx
ux-x86-64-foss-psmp-2024-06-26_17-17-54/QS/regtest-as-3/h2_gpw_nostore_group2.inp.out


Timed out after 401.1150877471082 seconds.
xxxxxxxxxxxxxxxxxxxxxxxxxxxxxxxxxxxxxxxxxxxxxxxxxxxxxxxxxxxxxxxxxxxxxxxxxxxxxxxxxxxxxxxxxxxxxxxxxxxx
ux-x86-64-foss-psmp-2024-06-26_17-17-54/QS/regtest-as-3/h2_gpw_ht_group2.inp.out


Timed out after 401.01196016324684 seconds.
xxxxxxxxxxxxxxxxxxxxxxxxxxxxxxxxxxxxxxxxxxxxxxxxxxxxxxxxxxxxxxxxxxxxxxxxxxxxxxxxxxxxxxxxxxxxxxxxxxxx
ux-x86-64-foss-psmp-2024-06-26_17-17-54/QS/regtest-as-3/h2_gpw_ht_nostore_group2.inp.out


Timed out after 401.0143582788296 seconds.
xxxxxxxxxxxxxxxxxxxxxxxxxxxxxxxxxxxxxxxxxxxxxxxxxxxxxxxxxxxxxxxxxxxxxxxxxxxxxxxxxxxxxxxxxxxxxxxxxxxx
ux-x86-64-foss-psmp-2024-06-26_17-17-54/QS/regtest-dcdft-hfx/N2_t02.inp.out


Timed out after 401.01156997773796 seconds.
xxxxxxxxxxxxxxxxxxxxxxxxxxxxxxxxxxxxxxxxxxxxxxxxxxxxxxxxxxxxxxxxxxxxxxxxxxxxxxxxxxxxxxxxxxxxxxxxxxxx
ux-x86-64-foss-psmp-2024-06-26_17-17-54/QS/regtest-dcdft-hfx/N2_t04.inp.out


Timed out after 401.0116352001205 seconds.
xxxxxxxxxxxxxxxxxxxxxxxxxxxxxxxxxxxxxxxxxxxxxxxxxxxxxxxxxxxxxxxxxxxxxxxxxxxxxxxxxxxxxxxxxxxxxxxxxxxx
ux-x86-64-foss-psmp-2024-06-26_17-17-54/QS/regtest-dcdft-hfx/N2_t05.inp.out


Timed out after 401.0115485540591 seconds.
xxxxxxxxxxxxxxxxxxxxxxxxxxxxxxxxxxxxxxxxxxxxxxxxxxxxxxxxxxxxxxxxxxxxxxxxxxxxxxxxxxxxxxxxxxxxxxxxxxxx
ux-x86-64-foss-psmp-2024-06-26_17-17-54/QS/regtest-dcdft-hfx/N2_t06.inp.out


Timed out after 401.01284638093784 seconds.
xxxxxxxxxxxxxxxxxxxxxxxxxxxxxxxxxxxxxxxxxxxxxxxxxxxxxxxxxxxxxxxxxxxxxxxxxxxxxxxxxxxxxxxxxxxxxxxxxxxx
ux-x86-64-foss-psmp-2024-06-26_17-17-54/QS/regtest-ri-rpa/RI_RPA_H2O.inp.out
Timed out after 401.1150877471082 seconds.
xxxxxxxxxxxxxxxxxxxxxxxxxxxxxxxxxxxxxxxxxxxxxxxxxxxxxxxxxxxxxxxxxxxxxxxxxxxxxxxxxxxxxxxxxxxxxxxxxxxx
/tmp/vsc47063/easybuild/build/CP2K/2024.1/foss-2023a/cp2k-2024.1/regtesting/Linux-x86-64-foss/psmp/TEST-Lin
ux-x86-64-foss-psmp-2024-06-26_17-17-54/QS/regtest-as-3/h2_gpw_ht_group2.inp.out


Timed out after 401.01196016324684 seconds.
xxxxxxxxxxxxxxxxxxxxxxxxxxxxxxxxxxxxxxxxxxxxxxxxxxxxxxxxxxxxxxxxxxxxxxxxxxxxxxxxxxxxxxxxxxxxxxxxxxxx
/tmp/vsc47063/easybuild/build/CP2K/2024.1/foss-2023a/cp2k-2024.1/regtesting/Linux-x86-64-foss/psmp/TEST-Lin
ux-x86-64-foss-psmp-2024-06-26_17-17-54/QS/regtest-as-3/h2_gpw_ht_nostore_group2.inp.out


Timed out after 401.0143582788296 seconds.
xxxxxxxxxxxxxxxxxxxxxxxxxxxxxxxxxxxxxxxxxxxxxxxxxxxxxxxxxxxxxxxxxxxxxxxxxxxxxxxxxxxxxxxxxxxxxxxxxxxx
/tmp/vsc47063/easybuild/build/CP2K/2024.1/foss-2023a/cp2k-2024.1/regtesting/Linux-x86-64-foss/psmp/TEST-Lin
ux-x86-64-foss-psmp-2024-06-26_17-17-54/QS/regtest-dcdft-hfx/N2_t02.inp.out


Timed out after 401.1124945189804 seconds.
xxxxxxxxxxxxxxxxxxxxxxxxxxxxxxxxxxxxxxxxxxxxxxxxxxxxxxxxxxxxxxxxxxxxxxxxxxxxxxxxxxxxxxxxxxxxxxxxxxxx
ux-x86-64-foss-psmp-2024-06-26_17-17-54/QS/regtest-ri-rpa/RI_RPA_CH3.inp.out


Timed out after 401.11114734970033 seconds.
xxxxxxxxxxxxxxxxxxxxxxxxxxxxxxxxxxxxxxxxxxxxxxxxxxxxxxxxxxxxxxxxxxxxxxxxxxxxxxxxxxxxxxxxxxxxxxxxxxxx
ux-x86-64-foss-psmp-2024-06-26_17-17-54/QS/regtest-ri-rpa/RI_RPA_minimax_H_atom.inp.out


Timed out after 401.1111695840955 seconds.
xxxxxxxxxxxxxxxxxxxxxxxxxxxxxxxxxxxxxxxxxxxxxxxxxxxxxxxxxxxxxxxxxxxxxxxxxxxxxxxxxxxxxxxxxxxxxxxxxxxx
ux-x86-64-foss-psmp-2024-06-26_17-17-54/QS/regtest-ri-rpa/RI_RPA_H2O_minimax.inp.out


Timed out after 401.11086288141087 seconds.
xxxxxxxxxxxxxxxxxxxxxxxxxxxxxxxxxxxxxxxxxxxxxxxxxxxxxxxxxxxxxxxxxxxxxxxxxxxxxxxxxxxxxxxxxxxxxxxxxxxx
ux-x86-64-foss-psmp-2024-06-26_17-17-54/QS/regtest-ri-rpa/RI_RPA_H2O_Obara_Saika.inp.out
 #  Atom  Element  Kind  Atomic population                           Net charge
       1     O        1          6.373557                             -0.373557
       2     H        2          0.813222                              0.186778
       3     H        2          0.813221                              0.186779
 # Total charge                              8.000000                 -0.000000
 !-----------------------------------------------------------------------------!

 !-----------------------------------------------------------------------------!
                           Hirshfeld Charges

  #Atom  Element  Kind  Ref Charge     Population                    Net charge
      1       O      1       6.000          7.106                        -1.106
      2       H      2       1.000          0.446                         0.554
      3       H      2       1.000          0.446                         0.554

  Total Charge                                                            0.001
 !-----------------------------------------------------------------------------!


 RI-RPA section
 --------------

  Used number of processes per group:                                          1
  Maximum allowed memory usage per MPI process:                       200.00 MiB
  RI_INFO| Cholesky decomposition group size:                                  1
  RI_INFO| Number of groups for auxiliary basis functions                      2

  RI_INFO| RI metric:                                                    COULOMB
  RI_INFO| Number of auxiliary basis functions:                               83
  GENERAL_INFO| Number of basis functions:                                    23
  GENERAL_INFO| Number of occupied orbitals:                                   4
  GENERAL_INFO| Number of virtual orbitals:                                   19
  RI_INFO| Total memory for (ia|K) integrals:                           0.05 MiB
dbm_dist_1d_new: Assertion `0 <= coords[i] && coords[i] < dist->nranks' failed.
dbm_dist_1d_new: Assertion `0 <= coords[i] && coords[i] < dist->nranks' failed.

Program received signal SIGABRT: Process abort signal.

Backtrace for this error:

Program received signal SIGABRT: Process abort signal.

Backtrace for this error:
#0  0x146268fdab4f in ???
#1  0x146268fdaacf in ???
#2  0x146268fadea4 in ???
#0  0x14e7355e7b4f in ???
#1  0x14e7355e7acf in ???
#2  0x14e7355baea4 in ???
#3  0x14e7355bad78 in ???
#4  0x14e7355e0425 in ???
#3  0x146268fadd78 in ???
#4  0x146268fd3425 in ???
#5  0x1c922e7 in ???
#6  0x1c924fc in ???
#7  0x1c8bae9 in ???
#5  0x1c922e7 in ???
#6  0x1c924fc in ???
#7  0x1c8bae9 in ???
#8  0x1c63fcd in ???
#9  0x1bf5850 in ???
#10  0x1bf6c25 in ???
#8  0x1c63fcd in ???
#9  0x1bf5850 in ???
#10  0x1bf6c25 in ???
#11  0x10cf171 in ???
#12  0x10ddd48 in ???
#11  0x10cf171 in ???
#12  0x10ddd48 in ???
#13  0xe982b4 in ???
#13  0xe982b4 in ???
#14  0xc78684 in ???
#14  0xc78684 in ???
#15  0xba0c53 in ???
#16  0xc151b3 in ???
#15  0xba0c53 in ???
#16  0xc151b3 in ???
#17  0x49a1d6 in ???
#17  0x49a1d6 in ???
#18  0x49c880 in ???
#18  0x49c880 in ???
#19  0x47a05f in ???
#19  0x47a05f in ???
#20  0x4129de in ???
#20  0x4129de in ???
#21  0x146268fc6d84 in ???
#22  0x478bed in ???
#21  0x14e7355d3d84 in ???
#21  0x14e7355d3d84 in ???
#22  0x478bed in ???
#23  0xffffffffffffffff in ???
#23  0xffffffffffffffff in ???
--------------------------------------------------------------------------
Primary job  terminated normally, but 1 process returned
a non-zero exit code. Per user-direction, the job has been aborted.
--------------------------------------------------------------------------
--------------------------------------------------------------------------
mpiexec noticed that process rank 1 with PID 0 on node node4001 exited on signal 6 (Aborted).
--------------------------------------------------------------------------


Runtime failure with code 134.
xxxxxxxxxxxxxxxxxxxxxxxxxxxxxxxxxxxxxxxxxxxxxxxxxxxxxxxxxxxxxxxxxxxxxxxxxxxxxxxxxxxxxxxxxxxxxxxxxxxx
ux-x86-64-foss-psmp-2024-06-26_17-17-54/QS/regtest-ri-rpa/RI_RPA_H2O_overlap_metric_svd.inp.out

 *** WARNING in pw/ps_wavelet_methods.F:238 :: Density non-zero on the ***
 *** edges of the unit cell: wrong results in WAVELET solver           ***


 *** WARNING in pw/ps_wavelet_methods.F:238 :: Density non-zero on the ***
 *** edges of the unit cell: wrong results in WAVELET solver 
 *** WARNING in pw/ps_wavelet_methods.F:238 :: Density non-zero on the ***
 *** edges of the unit cell: wrong results in WAVELET solver           ***


 *** WARNING in pw/ps_wavelet_methods.F:238 :: Density non-zero on the ***
 *** edges of the unit cell: wrong results in WAVELET solver           ***


 *** WARNING in pw/ps_wavelet_methods.F:238 :: Density non-zero on the ***
 *** edges of the unit cell: wrong results in WAVELET solver           ***


 *** WARNING in pw/ps_wavelet_methods.F:238 :: Density non-zero on the ***
 *** edges of the unit cell: wrong results in WAVELET solver           ***


 *** WARNING in pw/ps_wavelet_methods.F:238 :: Density non-zero on the ***
 *** edges of the unit cell: wrong results in WAVELET solver           ***

  RI_INFO| Cholesky decomposition group size:                                  1
  RI_INFO| Number of groups for auxiliary basis functions                      2
  RI_INFO| Condition number of the (P|Q):                            2.14793E+05
  RI_INFO| Number of non-positive Eigenvalues of (P|Q):                        0
  RI_INFO| RI metric:                                                    OVERLAP
  RI_INFO| Number of auxiliary basis functions:                               83
  GENERAL_INFO| Number of basis functions:                                    23
  GENERAL_INFO| Number of occupied orbitals:                                   4
  GENERAL_INFO| Number of virtual orbitals:                                   19
  RI_INFO| Reduced auxiliary basis set size:                                  83
  RI_INFO| Total memory for (ia|K) integrals:                           0.05 MiB
  RI_INFO| Minimum required memory per MPI process:                     0.08 MiB
  RI_INFO| Available memory per MPI process:                          354.00 MiB
  RI_INFO| Group size for frequency integration:                               1
  INTEG_INFO| Clenshaw-Curtius quadrature
  INTEG_INFO| Number of integration points:                                    8
  INTEG_INFO| Number of integration points per RPA group:                      4
  MATRIX_INFO| Number row processes:                                           1
  MATRIX_INFO| Number column processes:                                        1
  MATRIX_INFO| Row block size:                                                41
  MATRIX_INFO| Column block size:                                             38
  INTEG_INFO| Scaling parameter:                                         1.20652
  INTEG_INFO| Started with Integration point   2 of   8
  INTEG_INFO| Started with Integration point   4 of   8
  INTEG_INFO| Started with Integration point   6 of   8
  INTEG_INFO| Started with Integration point   8 of   8
  PERFORMANCE| Average DGEMM flop rate (Gflops / MPI rank):                 0.52

  Total RI-RPA Time=                                                    1.278627
  RI-RPA energy  =                                             -0.30143126092792


  HFX_MEM_INFO| Est. max. program size before HFX [MiB]:                     353
[node4001:13580:0:13590] Caught signal 11 (Segmentation fault: Sent by the kernel at address (nil))
==== backtrace (tid:  13590) ====
 0 0x0000000000012cf0 __funlockfile()  :0
 1 0x0000000000f3dd46 estimate_basic.1()  hfx_load_balance_methods.F90:0
 2 0x0000000000f40c12 __hfx_load_balance_methods_MOD_cost_model()  ???:0
thods.F90:0
 4 0x0000000000f48aee __hfx_load_balance_methods_MOD_hfx_load_balance()  ???:0
0:0
stage3_obj/x86_64-pc-linux-gnu/libgomp/../../../libgomp/team.c:129
 7 0x00000000000081ca start_thread()  ???:0
 8 0x0000000000039e73 __GI___clone()  :0
=================================

Program received signal SIGSEGV: Segmentation fault - invalid memory reference.

Backtrace for this error:
#0  0x148e14e29cef in ???
#1  0xf3dd46 in ???
#2  0xf40c11 in ???
#3  0xf41e9b in ???
#4  0xf48aed in ???
#5  0x13a10ae in ???
#6  0x148e159bc40d in gomp_thread_start
        at ../../../libgomp/team.c:129
#7  0x148e14e1f1c9 in ???
#8  0x148e0ad55e72 in ???
#9  0xffffffffffffffff in ???
--------------------------------------------------------------------------
Primary job  terminated normally, but 1 process returned
a non-zero exit code. Per user-direction, the job has been aborted.
--------------------------------------------------------------------------
--------------------------------------------------------------------------
mpiexec noticed that process rank 0 with PID 0 on node node4001 exited on signal 11 (Segmentation fault).
--------------------------------------------------------------------------
Runtime failure with code 139.
xxxxxxxxxxxxxxxxxxxxxxxxxxxxxxxxxxxxxxxxxxxxxxxxxxxxxxxxxxxxxxxxxxxxxxxxxxxxxxxxxxxxxxxxxxxxxxxxxxxx
ux-x86-64-foss-psmp-2024-06-26_17-17-54/QS/regtest-mp2-grad-2/O2_dyn_mme.inp.out


Timed out after 401.01164602069184 seconds.
xxxxxxxxxxxxxxxxxxxxxxxxxxxxxxxxxxxxxxxxxxxxxxxxxxxxxxxxxxxxxxxxxxxxxxxxxxxxxxxxxxxxxxxxxxxxxxxxxxxx
ux-x86-64-foss-psmp-2024-06-26_17-17-54/QS/regtest-mp2-grad-2/MOM_MP2_geoopt.inp.out


Timed out after 401.01485357480124 seconds.
xxxxxxxxxxxxxxxxxxxxxxxxxxxxxxxxxxxxxxxxxxxxxxxxxxxxxxxxxxxxxxxxxxxxxxxxxxxxxxxxxxxxxxxxxxxxxxxxxxxx
ux-x86-64-foss-psmp-2024-06-26_17-17-54/QS/regtest-mp2-grad-2/H2O_MD_mme.inp.out


Timed out after 401.01506045414135 seconds.
xxxxxxxxxxxxxxxxxxxxxxxxxxxxxxxxxxxxxxxxxxxxxxxxxxxxxxxxxxxxxxxxxxxxxxxxxxxxxxxxxxxxxxxxxxxxxxxxxxxx
ux-x86-64-foss-psmp-2024-06-26_17-17-54/QS/regtest-mp2-grad-2/O2_dyn_ri-hfx.inp.out
 **                                                                           **
 **            Copyright (C) by CP2K developers group (2000-2024)             **
 **                      J. Chem. Phys. 152, 194103 (2020)                    **
 **                                                                           **
 *******************************************************************************


 TOTAL NUMBERS AND MAXIMUM NUMBERS

  Total number of            - Atomic kinds:                                   1
                             - Atoms:                                          2
                             - Shell sets:                                     6
                             - Shells:                                        10
                             - Primitive Cartesian functions:                 10
                             - Cartesian basis functions:                     28
                             - Spherical basis functions:                     26

  Maximum angular momentum of- Orbital basis functions:                        2
                             - Local part of the GTH pseudopotential:          2
                             - Non-local part of the GTH pseudopotential:      0


 SCF PARAMETERS         Density guess:                                    ATOMIC
                        --------------------------------------------------------
                        max_scf:                                             100
                        max_scf_history:                                       0
                                                max_diis:                                              4
                        --------------------------------------------------------
                        eps_scf:                                        1.00E-05
                        eps_scf_history:                                0.00E+00
                        eps_diis:                                       1.00E-01
                        eps_eigval:                                     1.00E-05
                        --------------------------------------------------------
                        level_shift [a.u.]:                             0.000000
                        --------------------------------------------------------
                        Mixing method:                           DIRECT_P_MIXING
                        --------------------------------------------------------
                        No outer SCF
dbm_dist_1d_new: Assertion `0 <= coords[i] && coords[i] < dist->nranks' failed.
dbm_dist_1d_new: Assertion `0 <= coords[i] && coords[i] < dist->nranks' failed.

Program received signal SIGABRT: Process abort signal.

Backtrace for this error:

Program received signal SIGABRT: Process abort signal.

Backtrace for this error:
#0  0x14a80df6cb4f in ???
#1  0x14a80df6cacf in ???
#2  0x14a80df3fea4 in ???
#3  0x14a80df3fd78 in ???
#4  0x14a80df65425 in ???
#0  0x14e9d85ddb4f in ???
#1  0x14e9d85ddacf in ???
#5  0x1c922e7 in ???
#6  0x1c924e3 in ???
#7  0x1c8bae9 in ???
#2  0x14e9d85b0ea4 in ???
#3  0x14e9d85b0d78 in ???
#4  0x14e9d85d6425 in ???
#8  0x1c63fcd in ???
#9  0x1bf5850 in ???
#10  0x1bf6c25 in ???
#11  0xddcc12 in ???
#12  0xde8935 in ???
#5  0x1c922e7 in ???
#6  0x1c924e3 in ???
#13  0x108558e in ???
#7  0x1c8bae9 in ???
#8  0x1c63fcd in ???
#14  0x73f247 in ???
#15  0x4986fd in ???
#16  0x49c880 in ???
#17  0x47a05f in ???
#9  0x1bf5850 in ???
#10  0x1bf6c25 in ???
#18  0x4129de in ???
#19  0x14a80df58d84 in ???
#11  0xddcc12 in ???
#12  0xde8935 in ???
#20  0x478bed in ???
#21  0xffffffffffffffff in ???
#13  0x108558e in ???
#14  0x73f247 in ???
#15  0x4986fd in ???
#16  0x49c880 in ???
#17  0x47a05f in ???
#18  0x4129de in ???
#19  0x14e9d85c9d84 in ???
#20  0x478bed in ???
#21  0xffffffffffffffff in ???
--------------------------------------------------------------------------
Primary job  terminated normally, but 1 process returned
a non-zero exit code. Per user-direction, the job has been aborted.
--------------------------------------------------------------------------
--------------------------------------------------------------------------
mpiexec noticed that process rank 1 with PID 0 on node node4001 exited on signal 6 (Aborted).
--------------------------------------------------------------------------

...

Timed out after 401.0117178116925 seconds.

------------------------------- Timings --------------------------------
Plot: name="timings", title="Timing Distribution", ylabel="time [s]"
PlotPoint: name="100th_percentile", plot="timings", label="100th %ile", y=401.15, yerr=0.0
PlotPoint: name="99th_percentile", plot="timings", label="99th %ile", y=401.15, yerr=0.0
PlotPoint: name="98th_percentile", plot="timings", label="98th %ile", y=401.14, yerr=0.0
PlotPoint: name="95th_percentile", plot="timings", label="95th %ile", y=401.13, yerr=0.0
PlotPoint: name="90th_percentile", plot="timings", label="90th %ile", y=401.11, yerr=0.0
PlotPoint: name="80th_percentile", plot="timings", label="80th %ile", y=401.01, yerr=0.0

----------------------------- Slow Tests -------------------------------
Duration threshold (2x 95th %ile): 802.25 sec
Found 0 slow tests (0 suppressed):

------------------------------- Summary --------------------------------
Number of FAILED  tests 56
Number of WRONG   tests 0
Number of CORRECT tests 31
Total number of   tests 87

Summary: correct: 31 / 87; failed: 56; 54min
Status: FAILED

*************************** Testing ended ******************************
